[0mCMake Deprecation Warning at CMakeLists.txt:1 (cmake_minimum_required):
  Compatibility with CMake < 3.10 will be removed from a future version of
  CMake.

  Update the VERSION argument <min> value.  Or, use the <min>...<max> syntax
  to tell CMake that the project requires at least <min> but has been updated
  to work with policies introduced by <max> or earlier.

[0m
-- The C compiler identification is GNU 13.3.0
-- The CXX compiler identification is GNU 13.3.0
-- Detecting C compiler ABI info
-- Detecting C compiler ABI info - done
-- Check for working C compiler: /usr/bin/cc - skipped
-- Detecting C compile features
-- Detecting C compile features - done
-- Detecting CXX compiler ABI info
-- Detecting CXX compiler ABI info - done
-- Check for working CXX compiler: /usr/bin/c++ - skipped
-- Detecting CXX compile features
-- Detecting CXX compile features - done
-- Found ament_cmake: 2.5.4 (/opt/ros/jazzy/share/ament_cmake/cmake)
-- Found Python3: /usr/bin/python3 (found version "3.12.3") found components: Interpreter
-- Found ament_cmake_ros: 0.12.0 (/opt/ros/jazzy/share/ament_cmake_ros/cmake)
-- Found hardware_interface: 4.39.2 (/opt/ros/jazzy/share/hardware_interface/cmake)
-- Found rosidl_generator_c: 4.6.6 (/opt/ros/jazzy/share/rosidl_generator_c/cmake)
-- Found rosidl_generator_cpp: 4.6.6 (/opt/ros/jazzy/share/rosidl_generator_cpp/cmake)
-- Using all available rosidl_typesupport_c: rosidl_typesupport_fastrtps_c;rosidl_typesupport_introspection_c
-- Using all available rosidl_typesupport_cpp: rosidl_typesupport_fastrtps_cpp;rosidl_typesupport_introspection_cpp
-- Found TinyXML2 via Config file: /usr/lib/x86_64-linux-gnu/cmake/tinyxml2
-- Found rmw_implementation_cmake: 7.3.2 (/opt/ros/jazzy/share/rmw_implementation_cmake/cmake)
-- Found rmw_cyclonedds_cpp: 2.2.3 (/opt/ros/jazzy/share/rmw_cyclonedds_cpp/cmake)
-- Using RMW implementation 'rmw_cyclonedds_cpp' as default
[33mCMake Warning (dev) at /opt/ros/jazzy/share/realtime_tools/cmake/ament_cmake_export_dependencies-extras.cmake:21 (find_package):
  Policy CMP0167 is not set: The FindBoost module is removed.  Run "cmake
  --help-policy CMP0167" for policy details.  Use the cmake_policy command to
  set the policy and suppress this warning.

Call Stack (most recent call first):
  /opt/ros/jazzy/share/realtime_tools/cmake/realtime_toolsConfig.cmake:41 (include)
  /opt/ros/jazzy/share/hardware_interface/cmake/ament_cmake_export_dependencies-extras.cmake:21 (find_package)
  /opt/ros/jazzy/share/hardware_interface/cmake/hardware_interfaceConfig.cmake:41 (include)
  CMakeLists.txt:12 (find_package)
This warning is for project developers.  Use -Wno-dev to suppress it.
[0m
-- Found ethercat_interface: 1.2.0 (/home/andrei-dragomir/ros2_eth/install/ethercat_interface/share/ethercat_interface/cmake)
-- Found yaml_cpp_vendor: 9.0.1 (/opt/ros/jazzy/share/yaml_cpp_vendor/cmake)
-- Setting yaml-cpp_DIR to: '/opt/ros/jazzy/share/yaml_cpp_vendor/cmake/../../../opt/yaml_cpp_vendor/share/cmake/yaml-cpp'
-- Found PkgConfig: /usr/bin/pkg-config (found version "1.8.1")
-- Checking for module 'yaml-cpp'
--   Found yaml-cpp, version 0.8.0
-- Found ament_lint_auto: 0.17.3 (/opt/ros/jazzy/share/ament_lint_auto/cmake)
-- Found gmock sources under '/opt/ros/jazzy/src/gmock_vendor': C++ tests using 'Google Mock' will be built
[0mCMake Deprecation Warning at /opt/ros/jazzy/src/gmock_vendor/CMakeLists.txt:2 (cmake_minimum_required):
  Compatibility with CMake < 3.10 will be removed from a future version of
  CMake.

  Update the VERSION argument <min> value.  Or, use the <min>...<max> syntax
  to tell CMake that the project requires at least <min> but has been updated
  to work with policies introduced by <max> or earlier.

[0m
-- Found gtest sources under '/opt/ros/jazzy/src/gtest_vendor': C++ tests using 'Google Test' will be built
[0mCMake Deprecation Warning at /opt/ros/jazzy/src/gtest_vendor/CMakeLists.txt:2 (cmake_minimum_required):
  Compatibility with CMake < 3.10 will be removed from a future version of
  CMake.

  Update the VERSION argument <min> value.  Or, use the <min>...<max> syntax
  to tell CMake that the project requires at least <min> but has been updated
  to work with policies introduced by <max> or earlier.

[0m
-- Added test 'copyright' to check source files copyright and LICENSE
-- Added test 'cppcheck' to perform static code analysis on C / C++ code
-- Configured cppcheck include dirs: $<BUILD_INTERFACE:/home/andrei-dragomir/ros2_eth/src/ethercat_driver_ros2/ethercat_driver/include>;/home/andrei-dragomir/ros2_eth/src/ethercat_driver_ros2/ethercat_driver/include
-- Configured cppcheck exclude dirs and/or files: 
-- Added test 'cpplint' to check C / C++ code against the Google style
-- Configured cpplint exclude dirs and/or files: 
-- Added test 'flake8' to check Python code syntax and style conventions
-- Configured 'flake8' exclude dirs and/or files: 
-- Added test 'lint_cmake' to check CMake code style
-- Added test 'pep257' to check Python code against some of the docstring style conventions in PEP 257
-- Added test 'uncrustify' to check C / C++ code style
-- Configured uncrustify additional arguments: 
-- Added test 'xmllint' to check XML markup files
-- Configuring done (1.6s)
-- Generating done (0.0s)
-- Build files have been written to: /home/andrei-dragomir/ros2_eth/build/ethercat_driver
[  5%] [1m[34mCopying /home/andrei-dragomir/ros2_eth/src/ethercat_driver_ros2/ethercat_driver/examples/configurations/safety_estop.ros2_control.template.xacro to /home/andrei-dragomir/ros2_eth/build/ethercat_driver/test_configurations/safety_estop.ros2_control.template.xacro[0m
[ 11%] [32mBuilding CXX object gmock/CMakeFiles/gmock_main.dir/src/gmock_main.cc.o[0m
[ 17%] [32mBuilding CXX object gmock/CMakeFiles/gmock.dir/opt/ros/jazzy/src/gtest_vendor/src/gtest-all.cc.o[0m
[ 29%] [32mBuilding CXX object CMakeFiles/ethercat_driver.dir/src/ethercat_driver.cpp.o[0m
[ 29%] [32mBuilding CXX object gmock/CMakeFiles/gmock.dir/src/gmock-all.cc.o[0m
[ 35%] [1m[34mCopying /home/andrei-dragomir/ros2_eth/src/ethercat_driver_ros2/ethercat_driver/examples/configurations/safety.ros2_control.xacro to /home/andrei-dragomir/ros2_eth/build/ethercat_driver/test_configurations/safety.ros2_control.xacro[0m
[ 41%] [1m[34mCopying /home/andrei-dragomir/ros2_eth/src/ethercat_driver_ros2/ethercat_driver/examples/configurations/safety_estop.ros2_control.template.xacro to /home/andrei-dragomir/ros2_eth/build/ethercat_driver/test_configurations/safety_estop.ros2_control.template.xacro[0m
[ 47%] [1m[34mCopying /home/andrei-dragomir/ros2_eth/src/ethercat_driver_ros2/ethercat_driver/examples/configurations/estop_ethercat_safety.yaml to /home/andrei-dragomir/ros2_eth/build/ethercat_driver/test_configurations/estop_ethercat_safety.yaml[0m
[ 52%] [1m[34mCopying /home/andrei-dragomir/ros2_eth/src/ethercat_driver_ros2/ethercat_driver/examples/configurations/beckhoff_ek1914.yaml to /home/andrei-dragomir/ros2_eth/build/ethercat_driver/test_configurations/beckhoff_ek1914.yaml[0m
[ 58%] [1m[34mCopying /home/andrei-dragomir/ros2_eth/src/ethercat_driver_ros2/ethercat_driver/examples/configurations/test_config_ethercat_safety.yaml to /home/andrei-dragomir/ros2_eth/build/ethercat_driver/test_configurations/test_config_ethercat_safety.yaml[0m
[ 64%] [1m[34mCopying /home/andrei-dragomir/ros2_eth/src/ethercat_driver_ros2/ethercat_driver/examples/configurations/beckhoff_el1918.yaml to /home/andrei-dragomir/ros2_eth/build/ethercat_driver/test_configurations/beckhoff_el1918.yaml[0m
[ 70%] [1m[34mRunning update_slave_config_path.py[0m
Running update_slave_config_path.py
[ 70%] Built target copy_safety_config
Found slave_config path: beckhoff_el1918.yaml
Updated slave_config path: /home/andrei-dragomir/ros2_eth/build/ethercat_driver/test_configurations/beckhoff_el1918.yaml
Found slave_config path: beckhoff_ek1914.yaml
Updated slave_config path: /home/andrei-dragomir/ros2_eth/build/ethercat_driver/test_configurations/beckhoff_ek1914.yaml
Updated the slave config path in /home/andrei-dragomir/ros2_eth/build/ethercat_driver/test_configurations/safety_estop.ros2_control.template.xacro with /home/andrei-dragomir/ros2_eth/build/ethercat_driver/test_configurations and saved to /home/andrei-dragomir/ros2_eth/build/ethercat_driver/test_configurations/safety_estop.ros2_control.xacro
[ 70%] Built target update_slave_config_path
[ 76%] [1m[32mLinking CXX static library libgmock_main.a[0m
[ 76%] Built target gmock_main
[ 82%] [1m[32mLinking CXX static library libgmock.a[0m
[ 82%] Built target gmock
[ 88%] [1m[32mLinking CXX shared library libethercat_driver.so[0m
[ 88%] Built target ethercat_driver
[ 94%] [32mBuilding CXX object CMakeFiles/test_ethercat_safety_driver.dir/test/test_ethercat_safety_driver.cpp.o[0m
[100%] [1m[32mLinking CXX executable test_ethercat_safety_driver[0m
[100%] Built target test_ethercat_safety_driver
-- Install configuration: ""
-- Installing: /home/andrei-dragomir/ros2_eth/install/ethercat_driver/share/ethercat_driver/ethercat_driver_plugin.xml
-- Installing: /home/andrei-dragomir/ros2_eth/install/ethercat_driver/lib/libethercat_driver.so
-- Set non-toolchain portion of runtime path of "/home/andrei-dragomir/ros2_eth/install/ethercat_driver/lib/libethercat_driver.so" to ""
-- Installing: /home/andrei-dragomir/ros2_eth/install/ethercat_driver/include
-- Installing: /home/andrei-dragomir/ros2_eth/install/ethercat_driver/include/ethercat_driver
-- Installing: /home/andrei-dragomir/ros2_eth/install/ethercat_driver/include/ethercat_driver/visibility_control.h
-- Installing: /home/andrei-dragomir/ros2_eth/install/ethercat_driver/include/ethercat_driver/ethercat_driver.hpp
-- Installing: /home/andrei-dragomir/ros2_eth/install/ethercat_driver/share/ethercat_driver/environment/library_path.sh
-- Installing: /home/andrei-dragomir/ros2_eth/install/ethercat_driver/share/ethercat_driver/environment/library_path.dsv
-- Installing: /home/andrei-dragomir/ros2_eth/install/ethercat_driver/share/ament_index/resource_index/package_run_dependencies/ethercat_driver
-- Installing: /home/andrei-dragomir/ros2_eth/install/ethercat_driver/share/ament_index/resource_index/parent_prefix_path/ethercat_driver
-- Installing: /home/andrei-dragomir/ros2_eth/install/ethercat_driver/share/ethercat_driver/environment/ament_prefix_path.sh
-- Installing: /home/andrei-dragomir/ros2_eth/install/ethercat_driver/share/ethercat_driver/environment/ament_prefix_path.dsv
-- Installing: /home/andrei-dragomir/ros2_eth/install/ethercat_driver/share/ethercat_driver/environment/path.sh
-- Installing: /home/andrei-dragomir/ros2_eth/install/ethercat_driver/share/ethercat_driver/environment/path.dsv
-- Installing: /home/andrei-dragomir/ros2_eth/install/ethercat_driver/share/ethercat_driver/local_setup.bash
-- Installing: /home/andrei-dragomir/ros2_eth/install/ethercat_driver/share/ethercat_driver/local_setup.sh
-- Installing: /home/andrei-dragomir/ros2_eth/install/ethercat_driver/share/ethercat_driver/local_setup.zsh
-- Installing: /home/andrei-dragomir/ros2_eth/install/ethercat_driver/share/ethercat_driver/local_setup.dsv
-- Installing: /home/andrei-dragomir/ros2_eth/install/ethercat_driver/share/ethercat_driver/package.dsv
-- Installing: /home/andrei-dragomir/ros2_eth/install/ethercat_driver/share/ament_index/resource_index/packages/ethercat_driver
-- Installing: /home/andrei-dragomir/ros2_eth/install/ethercat_driver/share/ament_index/resource_index/hardware_interface__pluginlib__plugin/ethercat_driver
-- Installing: /home/andrei-dragomir/ros2_eth/install/ethercat_driver/share/ethercat_driver/cmake/ament_cmake_export_include_directories-extras.cmake
-- Installing: /home/andrei-dragomir/ros2_eth/install/ethercat_driver/share/ethercat_driver/cmake/ament_cmake_export_libraries-extras.cmake
-- Installing: /home/andrei-dragomir/ros2_eth/install/ethercat_driver/share/ethercat_driver/cmake/ament_cmake_export_dependencies-extras.cmake
-- Installing: /home/andrei-dragomir/ros2_eth/install/ethercat_driver/share/ethercat_driver/cmake/ethercat_driverConfig.cmake
-- Installing: /home/andrei-dragomir/ros2_eth/install/ethercat_driver/share/ethercat_driver/cmake/ethercat_driverConfig-version.cmake
-- Installing: /home/andrei-dragomir/ros2_eth/install/ethercat_driver/share/ethercat_driver/package.xml
