[0.052s] DEBUG:colcon:Command line arguments: ['/usr/bin/colcon', 'build', '--packages-select', 'myactuator_arm_moveit_config']
[0.052s] DEBUG:colcon:Parsed command line arguments: Namespace(log_base=None, log_level=None, verb_name='build', build_base='build', install_base='install', merge_install=False, symlink_install=False, test_result_base=None, continue_on_error=False, executor='parallel', parallel_workers=24, event_handlers=None, ignore_user_meta=False, metas=['./colcon.meta'], base_paths=['.'], packages_ignore=None, packages_ignore_regex=None, paths=None, packages_up_to=None, packages_up_to_regex=None, packages_above=None, packages_above_and_dependencies=None, packages_above_depth=None, packages_select_by_dep=None, packages_skip_by_dep=None, packages_skip_up_to=None, packages_select_build_failed=False, packages_skip_build_finished=False, packages_select_test_failures=False, packages_skip_test_passed=False, packages_select=['myactuator_arm_moveit_config'], packages_skip=None, packages_select_regex=None, packages_skip_regex=None, packages_start=None, packages_end=None, allow_overriding=[], cmake_args=None, cmake_target=None, cmake_target_skip_unavailable=False, cmake_clean_cache=False, cmake_clean_first=False, cmake_force_configure=False, ament_cmake_args=None, catkin_cmake_args=None, catkin_skip_building_tests=False, mixin_files=None, mixin=None, verb_parser=<colcon_mixin.mixin.mixin_argument.MixinArgumentDecorator object at 0x7c9074de3dd0>, verb_extension=<colcon_core.verb.build.BuildVerb object at 0x7c9074de39b0>, main=<bound method BuildVerb.main of <colcon_core.verb.build.BuildVerb object at 0x7c9074de39b0>>, mixin_verb=('build',))
[0.070s] Level 1:colcon.colcon_core.package_discovery:discover_packages(colcon_meta) check parameters
[0.071s] Level 1:colcon.colcon_core.package_discovery:discover_packages(recursive) check parameters
[0.071s] Level 1:colcon.colcon_core.package_discovery:discover_packages(ignore) check parameters
[0.071s] Level 1:colcon.colcon_core.package_discovery:discover_packages(path) check parameters
[0.071s] Level 1:colcon.colcon_core.package_discovery:discover_packages(colcon_meta) discover
[0.071s] Level 1:colcon.colcon_core.package_discovery:discover_packages(recursive) discover
[0.071s] INFO:colcon.colcon_core.package_discovery:Crawling recursively for packages in '/home/andrei-dragomir/ros2_eth'
[0.071s] Level 1:colcon.colcon_core.package_identification:_identify(.) by extensions ['ignore', 'ignore_ament_install']
[0.071s] Level 1:colcon.colcon_core.package_identification:_identify(.) by extension 'ignore'
[0.071s] Level 1:colcon.colcon_core.package_identification:_identify(.) by extension 'ignore_ament_install'
[0.071s] Level 1:colcon.colcon_core.package_identification:_identify(.) by extensions ['colcon_pkg']
[0.071s] Level 1:colcon.colcon_core.package_identification:_identify(.) by extension 'colcon_pkg'
[0.071s] Level 1:colcon.colcon_core.package_identification:_identify(.) by extensions ['colcon_meta']
[0.071s] Level 1:colcon.colcon_core.package_identification:_identify(.) by extension 'colcon_meta'
[0.071s] Level 1:colcon.colcon_core.package_identification:_identify(.) by extensions ['ros']
[0.071s] Level 1:colcon.colcon_core.package_identification:_identify(.) by extension 'ros'
[0.083s] Level 1:colcon.colcon_core.package_identification:_identify(.) by extensions ['cmake', 'python']
[0.083s] Level 1:colcon.colcon_core.package_identification:_identify(.) by extension 'cmake'
[0.083s] Level 1:colcon.colcon_core.package_identification:_identify(.) by extension 'python'
[0.083s] Level 1:colcon.colcon_core.package_identification:_identify(.) by extensions ['python_setup_py']
[0.083s] Level 1:colcon.colcon_core.package_identification:_identify(.) by extension 'python_setup_py'
[0.083s] Level 1:colcon.colcon_core.package_identification:_identify(build) by extensions ['ignore', 'ignore_ament_install']
[0.083s] Level 1:colcon.colcon_core.package_identification:_identify(build) by extension 'ignore'
[0.083s] Level 1:colcon.colcon_core.package_identification:_identify(build) ignored
[0.083s] Level 1:colcon.colcon_core.package_identification:_identify(install) by extensions ['ignore', 'ignore_ament_install']
[0.083s] Level 1:colcon.colcon_core.package_identification:_identify(install) by extension 'ignore'
[0.083s] Level 1:colcon.colcon_core.package_identification:_identify(install) ignored
[0.083s] Level 1:colcon.colcon_core.package_identification:_identify(log) by extensions ['ignore', 'ignore_ament_install']
[0.083s] Level 1:colcon.colcon_core.package_identification:_identify(log) by extension 'ignore'
[0.083s] Level 1:colcon.colcon_core.package_identification:_identify(log) ignored
[0.083s] Level 1:colcon.colcon_core.package_identification:_identify(src) by extensions ['ignore', 'ignore_ament_install']
[0.083s] Level 1:colcon.colcon_core.package_identification:_identify(src) by extension 'ignore'
[0.083s] Level 1:colcon.colcon_core.package_identification:_identify(src) by extension 'ignore_ament_install'
[0.083s] Level 1:colcon.colcon_core.package_identification:_identify(src) by extensions ['colcon_pkg']
[0.083s] Level 1:colcon.colcon_core.package_identification:_identify(src) by extension 'colcon_pkg'
[0.083s] Level 1:colcon.colcon_core.package_identification:_identify(src) by extensions ['colcon_meta']
[0.083s] Level 1:colcon.colcon_core.package_identification:_identify(src) by extension 'colcon_meta'
[0.083s] Level 1:colcon.colcon_core.package_identification:_identify(src) by extensions ['ros']
[0.083s] Level 1:colcon.colcon_core.package_identification:_identify(src) by extension 'ros'
[0.084s] Level 1:colcon.colcon_core.package_identification:_identify(src) by extensions ['cmake', 'python']
[0.084s] Level 1:colcon.colcon_core.package_identification:_identify(src) by extension 'cmake'
[0.084s] Level 1:colcon.colcon_core.package_identification:_identify(src) by extension 'python'
[0.084s] Level 1:colcon.colcon_core.package_identification:_identify(src) by extensions ['python_setup_py']
[0.084s] Level 1:colcon.colcon_core.package_identification:_identify(src) by extension 'python_setup_py'
[0.084s] Level 1:colcon.colcon_core.package_identification:_identify(src/ethercat_driver_ros2) by extensions ['ignore', 'ignore_ament_install']
[0.084s] Level 1:colcon.colcon_core.package_identification:_identify(src/ethercat_driver_ros2) by extension 'ignore'
[0.084s] Level 1:colcon.colcon_core.package_identification:_identify(src/ethercat_driver_ros2) by extension 'ignore_ament_install'
[0.084s] Level 1:colcon.colcon_core.package_identification:_identify(src/ethercat_driver_ros2) by extensions ['colcon_pkg']
[0.084s] Level 1:colcon.colcon_core.package_identification:_identify(src/ethercat_driver_ros2) by extension 'colcon_pkg'
[0.084s] Level 1:colcon.colcon_core.package_identification:_identify(src/ethercat_driver_ros2) by extensions ['colcon_meta']
[0.084s] Level 1:colcon.colcon_core.package_identification:_identify(src/ethercat_driver_ros2) by extension 'colcon_meta'
[0.084s] Level 1:colcon.colcon_core.package_identification:_identify(src/ethercat_driver_ros2) by extensions ['ros']
[0.084s] Level 1:colcon.colcon_core.package_identification:_identify(src/ethercat_driver_ros2) by extension 'ros'
[0.084s] Level 1:colcon.colcon_core.package_identification:_identify(src/ethercat_driver_ros2) by extensions ['cmake', 'python']
[0.084s] Level 1:colcon.colcon_core.package_identification:_identify(src/ethercat_driver_ros2) by extension 'cmake'
[0.084s] Level 1:colcon.colcon_core.package_identification:_identify(src/ethercat_driver_ros2) by extension 'python'
[0.084s] Level 1:colcon.colcon_core.package_identification:_identify(src/ethercat_driver_ros2) by extensions ['python_setup_py']
[0.084s] Level 1:colcon.colcon_core.package_identification:_identify(src/ethercat_driver_ros2) by extension 'python_setup_py'
[0.084s] Level 1:colcon.colcon_core.package_identification:_identify(src/ethercat_driver_ros2/ethercat_driver) by extensions ['ignore', 'ignore_ament_install']
[0.084s] Level 1:colcon.colcon_core.package_identification:_identify(src/ethercat_driver_ros2/ethercat_driver) by extension 'ignore'
[0.084s] Level 1:colcon.colcon_core.package_identification:_identify(src/ethercat_driver_ros2/ethercat_driver) by extension 'ignore_ament_install'
[0.084s] Level 1:colcon.colcon_core.package_identification:_identify(src/ethercat_driver_ros2/ethercat_driver) by extensions ['colcon_pkg']
[0.084s] Level 1:colcon.colcon_core.package_identification:_identify(src/ethercat_driver_ros2/ethercat_driver) by extension 'colcon_pkg'
[0.084s] Level 1:colcon.colcon_core.package_identification:_identify(src/ethercat_driver_ros2/ethercat_driver) by extensions ['colcon_meta']
[0.084s] Level 1:colcon.colcon_core.package_identification:_identify(src/ethercat_driver_ros2/ethercat_driver) by extension 'colcon_meta'
[0.084s] Level 1:colcon.colcon_core.package_identification:_identify(src/ethercat_driver_ros2/ethercat_driver) by extensions ['ros']
[0.084s] Level 1:colcon.colcon_core.package_identification:_identify(src/ethercat_driver_ros2/ethercat_driver) by extension 'ros'
[0.085s] DEBUG:colcon.colcon_core.package_identification:Package 'src/ethercat_driver_ros2/ethercat_driver' with type 'ros.ament_cmake' and name 'ethercat_driver'
[0.085s] Level 1:colcon.colcon_core.package_identification:_identify(src/ethercat_driver_ros2/ethercat_driver_ros2) by extensions ['ignore', 'ignore_ament_install']
[0.085s] Level 1:colcon.colcon_core.package_identification:_identify(src/ethercat_driver_ros2/ethercat_driver_ros2) by extension 'ignore'
[0.085s] Level 1:colcon.colcon_core.package_identification:_identify(src/ethercat_driver_ros2/ethercat_driver_ros2) by extension 'ignore_ament_install'
[0.085s] Level 1:colcon.colcon_core.package_identification:_identify(src/ethercat_driver_ros2/ethercat_driver_ros2) by extensions ['colcon_pkg']
[0.085s] Level 1:colcon.colcon_core.package_identification:_identify(src/ethercat_driver_ros2/ethercat_driver_ros2) by extension 'colcon_pkg'
[0.085s] Level 1:colcon.colcon_core.package_identification:_identify(src/ethercat_driver_ros2/ethercat_driver_ros2) by extensions ['colcon_meta']
[0.085s] Level 1:colcon.colcon_core.package_identification:_identify(src/ethercat_driver_ros2/ethercat_driver_ros2) by extension 'colcon_meta'
[0.085s] Level 1:colcon.colcon_core.package_identification:_identify(src/ethercat_driver_ros2/ethercat_driver_ros2) by extensions ['ros']
[0.085s] Level 1:colcon.colcon_core.package_identification:_identify(src/ethercat_driver_ros2/ethercat_driver_ros2) by extension 'ros'
[0.086s] DEBUG:colcon.colcon_core.package_identification:Package 'src/ethercat_driver_ros2/ethercat_driver_ros2' with type 'ros.ament_cmake' and name 'ethercat_driver_ros2'
[0.086s] Level 1:colcon.colcon_core.package_identification:_identify(src/ethercat_driver_ros2/ethercat_generic_plugins) by extensions ['ignore', 'ignore_ament_install']
[0.086s] Level 1:colcon.colcon_core.package_identification:_identify(src/ethercat_driver_ros2/ethercat_generic_plugins) by extension 'ignore'
[0.086s] Level 1:colcon.colcon_core.package_identification:_identify(src/ethercat_driver_ros2/ethercat_generic_plugins) by extension 'ignore_ament_install'
[0.086s] Level 1:colcon.colcon_core.package_identification:_identify(src/ethercat_driver_ros2/ethercat_generic_plugins) by extensions ['colcon_pkg']
[0.086s] Level 1:colcon.colcon_core.package_identification:_identify(src/ethercat_driver_ros2/ethercat_generic_plugins) by extension 'colcon_pkg'
[0.086s] Level 1:colcon.colcon_core.package_identification:_identify(src/ethercat_driver_ros2/ethercat_generic_plugins) by extensions ['colcon_meta']
[0.086s] Level 1:colcon.colcon_core.package_identification:_identify(src/ethercat_driver_ros2/ethercat_generic_plugins) by extension 'colcon_meta'
[0.086s] Level 1:colcon.colcon_core.package_identification:_identify(src/ethercat_driver_ros2/ethercat_generic_plugins) by extensions ['ros']
[0.086s] Level 1:colcon.colcon_core.package_identification:_identify(src/ethercat_driver_ros2/ethercat_generic_plugins) by extension 'ros'
[0.086s] Level 1:colcon.colcon_core.package_identification:_identify(src/ethercat_driver_ros2/ethercat_generic_plugins) by extensions ['cmake', 'python']
[0.086s] Level 1:colcon.colcon_core.package_identification:_identify(src/ethercat_driver_ros2/ethercat_generic_plugins) by extension 'cmake'
[0.086s] Level 1:colcon.colcon_core.package_identification:_identify(src/ethercat_driver_ros2/ethercat_generic_plugins) by extension 'python'
[0.086s] Level 1:colcon.colcon_core.package_identification:_identify(src/ethercat_driver_ros2/ethercat_generic_plugins) by extensions ['python_setup_py']
[0.086s] Level 1:colcon.colcon_core.package_identification:_identify(src/ethercat_driver_ros2/ethercat_generic_plugins) by extension 'python_setup_py'
[0.086s] Level 1:colcon.colcon_core.package_identification:_identify(src/ethercat_driver_ros2/ethercat_generic_plugins/ethercat_generic_cia402_drive) by extensions ['ignore', 'ignore_ament_install']
[0.086s] Level 1:colcon.colcon_core.package_identification:_identify(src/ethercat_driver_ros2/ethercat_generic_plugins/ethercat_generic_cia402_drive) by extension 'ignore'
[0.086s] Level 1:colcon.colcon_core.package_identification:_identify(src/ethercat_driver_ros2/ethercat_generic_plugins/ethercat_generic_cia402_drive) by extension 'ignore_ament_install'
[0.086s] Level 1:colcon.colcon_core.package_identification:_identify(src/ethercat_driver_ros2/ethercat_generic_plugins/ethercat_generic_cia402_drive) by extensions ['colcon_pkg']
[0.086s] Level 1:colcon.colcon_core.package_identification:_identify(src/ethercat_driver_ros2/ethercat_generic_plugins/ethercat_generic_cia402_drive) by extension 'colcon_pkg'
[0.086s] Level 1:colcon.colcon_core.package_identification:_identify(src/ethercat_driver_ros2/ethercat_generic_plugins/ethercat_generic_cia402_drive) by extensions ['colcon_meta']
[0.086s] Level 1:colcon.colcon_core.package_identification:_identify(src/ethercat_driver_ros2/ethercat_generic_plugins/ethercat_generic_cia402_drive) by extension 'colcon_meta'
[0.086s] Level 1:colcon.colcon_core.package_identification:_identify(src/ethercat_driver_ros2/ethercat_generic_plugins/ethercat_generic_cia402_drive) by extensions ['ros']
[0.086s] Level 1:colcon.colcon_core.package_identification:_identify(src/ethercat_driver_ros2/ethercat_generic_plugins/ethercat_generic_cia402_drive) by extension 'ros'
[0.087s] DEBUG:colcon.colcon_core.package_identification:Package 'src/ethercat_driver_ros2/ethercat_generic_plugins/ethercat_generic_cia402_drive' with type 'ros.ament_cmake' and name 'ethercat_generic_cia402_drive'
[0.087s] Level 1:colcon.colcon_core.package_identification:_identify(src/ethercat_driver_ros2/ethercat_generic_plugins/ethercat_generic_slave) by extensions ['ignore', 'ignore_ament_install']
[0.087s] Level 1:colcon.colcon_core.package_identification:_identify(src/ethercat_driver_ros2/ethercat_generic_plugins/ethercat_generic_slave) by extension 'ignore'
[0.087s] Level 1:colcon.colcon_core.package_identification:_identify(src/ethercat_driver_ros2/ethercat_generic_plugins/ethercat_generic_slave) by extension 'ignore_ament_install'
[0.087s] Level 1:colcon.colcon_core.package_identification:_identify(src/ethercat_driver_ros2/ethercat_generic_plugins/ethercat_generic_slave) by extensions ['colcon_pkg']
[0.087s] Level 1:colcon.colcon_core.package_identification:_identify(src/ethercat_driver_ros2/ethercat_generic_plugins/ethercat_generic_slave) by extension 'colcon_pkg'
[0.087s] Level 1:colcon.colcon_core.package_identification:_identify(src/ethercat_driver_ros2/ethercat_generic_plugins/ethercat_generic_slave) by extensions ['colcon_meta']
[0.087s] Level 1:colcon.colcon_core.package_identification:_identify(src/ethercat_driver_ros2/ethercat_generic_plugins/ethercat_generic_slave) by extension 'colcon_meta'
[0.087s] Level 1:colcon.colcon_core.package_identification:_identify(src/ethercat_driver_ros2/ethercat_generic_plugins/ethercat_generic_slave) by extensions ['ros']
[0.087s] Level 1:colcon.colcon_core.package_identification:_identify(src/ethercat_driver_ros2/ethercat_generic_plugins/ethercat_generic_slave) by extension 'ros'
[0.087s] DEBUG:colcon.colcon_core.package_identification:Package 'src/ethercat_driver_ros2/ethercat_generic_plugins/ethercat_generic_slave' with type 'ros.ament_cmake' and name 'ethercat_generic_slave'
[0.087s] Level 1:colcon.colcon_core.package_identification:_identify(src/ethercat_driver_ros2/ethercat_interface) by extensions ['ignore', 'ignore_ament_install']
[0.087s] Level 1:colcon.colcon_core.package_identification:_identify(src/ethercat_driver_ros2/ethercat_interface) by extension 'ignore'
[0.087s] Level 1:colcon.colcon_core.package_identification:_identify(src/ethercat_driver_ros2/ethercat_interface) by extension 'ignore_ament_install'
[0.087s] Level 1:colcon.colcon_core.package_identification:_identify(src/ethercat_driver_ros2/ethercat_interface) by extensions ['colcon_pkg']
[0.087s] Level 1:colcon.colcon_core.package_identification:_identify(src/ethercat_driver_ros2/ethercat_interface) by extension 'colcon_pkg'
[0.087s] Level 1:colcon.colcon_core.package_identification:_identify(src/ethercat_driver_ros2/ethercat_interface) by extensions ['colcon_meta']
[0.087s] Level 1:colcon.colcon_core.package_identification:_identify(src/ethercat_driver_ros2/ethercat_interface) by extension 'colcon_meta'
[0.087s] Level 1:colcon.colcon_core.package_identification:_identify(src/ethercat_driver_ros2/ethercat_interface) by extensions ['ros']
[0.087s] Level 1:colcon.colcon_core.package_identification:_identify(src/ethercat_driver_ros2/ethercat_interface) by extension 'ros'
[0.087s] DEBUG:colcon.colcon_core.package_identification:Package 'src/ethercat_driver_ros2/ethercat_interface' with type 'ros.ament_cmake' and name 'ethercat_interface'
[0.087s] Level 1:colcon.colcon_core.package_identification:_identify(src/ethercat_driver_ros2/ethercat_manager) by extensions ['ignore', 'ignore_ament_install']
[0.087s] Level 1:colcon.colcon_core.package_identification:_identify(src/ethercat_driver_ros2/ethercat_manager) by extension 'ignore'
[0.087s] Level 1:colcon.colcon_core.package_identification:_identify(src/ethercat_driver_ros2/ethercat_manager) by extension 'ignore_ament_install'
[0.087s] Level 1:colcon.colcon_core.package_identification:_identify(src/ethercat_driver_ros2/ethercat_manager) by extensions ['colcon_pkg']
[0.087s] Level 1:colcon.colcon_core.package_identification:_identify(src/ethercat_driver_ros2/ethercat_manager) by extension 'colcon_pkg'
[0.087s] Level 1:colcon.colcon_core.package_identification:_identify(src/ethercat_driver_ros2/ethercat_manager) by extensions ['colcon_meta']
[0.087s] Level 1:colcon.colcon_core.package_identification:_identify(src/ethercat_driver_ros2/ethercat_manager) by extension 'colcon_meta'
[0.087s] Level 1:colcon.colcon_core.package_identification:_identify(src/ethercat_driver_ros2/ethercat_manager) by extensions ['ros']
[0.088s] Level 1:colcon.colcon_core.package_identification:_identify(src/ethercat_driver_ros2/ethercat_manager) by extension 'ros'
[0.088s] DEBUG:colcon.colcon_core.package_identification:Package 'src/ethercat_driver_ros2/ethercat_manager' with type 'ros.ament_cmake' and name 'ethercat_manager'
[0.088s] Level 1:colcon.colcon_core.package_identification:_identify(src/ethercat_driver_ros2/ethercat_msgs) by extensions ['ignore', 'ignore_ament_install']
[0.088s] Level 1:colcon.colcon_core.package_identification:_identify(src/ethercat_driver_ros2/ethercat_msgs) by extension 'ignore'
[0.088s] Level 1:colcon.colcon_core.package_identification:_identify(src/ethercat_driver_ros2/ethercat_msgs) by extension 'ignore_ament_install'
[0.088s] Level 1:colcon.colcon_core.package_identification:_identify(src/ethercat_driver_ros2/ethercat_msgs) by extensions ['colcon_pkg']
[0.088s] Level 1:colcon.colcon_core.package_identification:_identify(src/ethercat_driver_ros2/ethercat_msgs) by extension 'colcon_pkg'
[0.088s] Level 1:colcon.colcon_core.package_identification:_identify(src/ethercat_driver_ros2/ethercat_msgs) by extensions ['colcon_meta']
[0.088s] Level 1:colcon.colcon_core.package_identification:_identify(src/ethercat_driver_ros2/ethercat_msgs) by extension 'colcon_meta'
[0.088s] Level 1:colcon.colcon_core.package_identification:_identify(src/ethercat_driver_ros2/ethercat_msgs) by extensions ['ros']
[0.088s] Level 1:colcon.colcon_core.package_identification:_identify(src/ethercat_driver_ros2/ethercat_msgs) by extension 'ros'
[0.088s] DEBUG:colcon.colcon_core.package_identification:Package 'src/ethercat_driver_ros2/ethercat_msgs' with type 'ros.ament_cmake' and name 'ethercat_msgs'
[0.088s] Level 1:colcon.colcon_core.package_identification:_identify(src/myactuator_arm) by extensions ['ignore', 'ignore_ament_install']
[0.088s] Level 1:colcon.colcon_core.package_identification:_identify(src/myactuator_arm) by extension 'ignore'
[0.088s] Level 1:colcon.colcon_core.package_identification:_identify(src/myactuator_arm) by extension 'ignore_ament_install'
[0.088s] Level 1:colcon.colcon_core.package_identification:_identify(src/myactuator_arm) by extensions ['colcon_pkg']
[0.088s] Level 1:colcon.colcon_core.package_identification:_identify(src/myactuator_arm) by extension 'colcon_pkg'
[0.088s] Level 1:colcon.colcon_core.package_identification:_identify(src/myactuator_arm) by extensions ['colcon_meta']
[0.088s] Level 1:colcon.colcon_core.package_identification:_identify(src/myactuator_arm) by extension 'colcon_meta'
[0.088s] Level 1:colcon.colcon_core.package_identification:_identify(src/myactuator_arm) by extensions ['ros']
[0.088s] Level 1:colcon.colcon_core.package_identification:_identify(src/myactuator_arm) by extension 'ros'
[0.089s] DEBUG:colcon.colcon_core.package_identification:Package 'src/myactuator_arm' with type 'ros.ament_cmake' and name 'myactuator_arm'
[0.089s] Level 1:colcon.colcon_core.package_identification:_identify(src/myactuator_arm_moveit_config) by extensions ['ignore', 'ignore_ament_install']
[0.089s] Level 1:colcon.colcon_core.package_identification:_identify(src/myactuator_arm_moveit_config) by extension 'ignore'
[0.089s] Level 1:colcon.colcon_core.package_identification:_identify(src/myactuator_arm_moveit_config) by extension 'ignore_ament_install'
[0.089s] Level 1:colcon.colcon_core.package_identification:_identify(src/myactuator_arm_moveit_config) by extensions ['colcon_pkg']
[0.089s] Level 1:colcon.colcon_core.package_identification:_identify(src/myactuator_arm_moveit_config) by extension 'colcon_pkg'
[0.089s] Level 1:colcon.colcon_core.package_identification:_identify(src/myactuator_arm_moveit_config) by extensions ['colcon_meta']
[0.089s] Level 1:colcon.colcon_core.package_identification:_identify(src/myactuator_arm_moveit_config) by extension 'colcon_meta'
[0.089s] Level 1:colcon.colcon_core.package_identification:_identify(src/myactuator_arm_moveit_config) by extensions ['ros']
[0.089s] Level 1:colcon.colcon_core.package_identification:_identify(src/myactuator_arm_moveit_config) by extension 'ros'
[0.089s] DEBUG:colcon.colcon_core.package_identification:Found ROS schema reference in package manifest in 'src/myactuator_arm_moveit_config'
[0.089s] WARNING:colcon.colcon_core.package_identification:Failed to parse ROS package manifest in 'src/myactuator_arm_moveit_config': Error(s) in package 'src/myactuator_arm_moveit_config/package.xml':
Invalid email "adsd" for person "asdfd"
Invalid email "adsd" for person "asdfd"
[0.089s] Level 1:colcon.colcon_core.package_identification:_identify(src/myactuator_arm_moveit_config) by extensions ['cmake', 'python']
[0.089s] Level 1:colcon.colcon_core.package_identification:_identify(src/myactuator_arm_moveit_config) by extension 'cmake'
[0.090s] Level 1:colcon.colcon_core.package_identification:_identify(src/myactuator_arm_moveit_config) by extension 'python'
[0.090s] DEBUG:colcon.colcon_core.package_identification:Package 'src/myactuator_arm_moveit_config' with type 'cmake' and name 'moveit_config'
[0.090s] Level 1:colcon.colcon_core.package_identification:_identify(src/myactuator_x6_test) by extensions ['ignore', 'ignore_ament_install']
[0.090s] Level 1:colcon.colcon_core.package_identification:_identify(src/myactuator_x6_test) by extension 'ignore'
[0.090s] Level 1:colcon.colcon_core.package_identification:_identify(src/myactuator_x6_test) by extension 'ignore_ament_install'
[0.090s] Level 1:colcon.colcon_core.package_identification:_identify(src/myactuator_x6_test) by extensions ['colcon_pkg']
[0.090s] Level 1:colcon.colcon_core.package_identification:_identify(src/myactuator_x6_test) by extension 'colcon_pkg'
[0.090s] Level 1:colcon.colcon_core.package_identification:_identify(src/myactuator_x6_test) by extensions ['colcon_meta']
[0.090s] Level 1:colcon.colcon_core.package_identification:_identify(src/myactuator_x6_test) by extension 'colcon_meta'
[0.090s] Level 1:colcon.colcon_core.package_identification:_identify(src/myactuator_x6_test) by extensions ['ros']
[0.090s] Level 1:colcon.colcon_core.package_identification:_identify(src/myactuator_x6_test) by extension 'ros'
[0.090s] DEBUG:colcon.colcon_core.package_identification:Package 'src/myactuator_x6_test' with type 'ros.ament_cmake' and name 'myactuator_x6_test'
[0.090s] Level 1:colcon.colcon_core.package_discovery:discover_packages(recursive) using defaults
[0.091s] Level 1:colcon.colcon_core.package_discovery:discover_packages(ignore) discover
[0.091s] Level 1:colcon.colcon_core.package_discovery:discover_packages(ignore) using defaults
[0.091s] Level 1:colcon.colcon_core.package_discovery:discover_packages(path) discover
[0.091s] Level 1:colcon.colcon_core.package_discovery:discover_packages(path) using defaults
[0.091s] WARNING:colcon.colcon_core.package_selection:ignoring unknown package 'myactuator_arm_moveit_config' in --packages-select
[0.100s] INFO:colcon.colcon_core.package_selection:Skipping not selected package 'ethercat_interface' in 'src/ethercat_driver_ros2/ethercat_interface'
[0.100s] INFO:colcon.colcon_core.package_selection:Skipping not selected package 'ethercat_msgs' in 'src/ethercat_driver_ros2/ethercat_msgs'
[0.100s] INFO:colcon.colcon_core.package_selection:Skipping not selected package 'moveit_config' in 'src/myactuator_arm_moveit_config'
[0.100s] INFO:colcon.colcon_core.package_selection:Skipping not selected package 'ethercat_driver' in 'src/ethercat_driver_ros2/ethercat_driver'
[0.100s] INFO:colcon.colcon_core.package_selection:Skipping not selected package 'ethercat_generic_slave' in 'src/ethercat_driver_ros2/ethercat_generic_plugins/ethercat_generic_slave'
[0.100s] INFO:colcon.colcon_core.package_selection:Skipping not selected package 'ethercat_manager' in 'src/ethercat_driver_ros2/ethercat_manager'
[0.100s] INFO:colcon.colcon_core.package_selection:Skipping not selected package 'ethercat_driver_ros2' in 'src/ethercat_driver_ros2/ethercat_driver_ros2'
[0.100s] INFO:colcon.colcon_core.package_selection:Skipping not selected package 'ethercat_generic_cia402_drive' in 'src/ethercat_driver_ros2/ethercat_generic_plugins/ethercat_generic_cia402_drive'
[0.100s] INFO:colcon.colcon_core.package_selection:Skipping not selected package 'myactuator_arm' in 'src/myactuator_arm'
[0.100s] INFO:colcon.colcon_core.package_selection:Skipping not selected package 'myactuator_x6_test' in 'src/myactuator_x6_test'
[0.100s] Level 1:colcon.colcon_core.package_discovery:discover_packages(prefix_path) check parameters
[0.100s] Level 1:colcon.colcon_core.package_discovery:discover_packages(prefix_path) discover
[0.102s] DEBUG:colcon.colcon_installed_package_information.package_discovery:Found 43 installed packages in /home/andrei-dragomir/Documents/GitHub/ld-robots-humanoid-robot-demo/install
[0.103s] DEBUG:colcon.colcon_installed_package_information.package_discovery:Found 4 installed packages in /home/andrei-dragomir/ws_moveit/install
[0.103s] DEBUG:colcon.colcon_installed_package_information.package_discovery:Found 28 installed packages in /home/andrei-dragomir/Documents/GitHub/ldr-humanoid-arm-system/install
[0.103s] DEBUG:colcon.colcon_installed_package_information.package_discovery:Found 0 installed packages in /home/andrei-dragomir/Documents/GitHub/onshape-to-robot/install
[0.104s] DEBUG:colcon.colcon_installed_package_information.package_discovery:Found 406 installed packages in /opt/ros/jazzy
[0.104s] Level 1:colcon.colcon_core.package_discovery:discover_packages(prefix_path) using defaults
[0.134s] INFO:colcon.colcon_core.executor:Executing jobs using 'parallel' executor
[0.135s] DEBUG:colcon.colcon_parallel_executor.executor.parallel:run_until_complete
[0.135s] DEBUG:colcon.colcon_parallel_executor.executor.parallel:closing loop
[0.135s] DEBUG:colcon.colcon_parallel_executor.executor.parallel:loop closed
[0.135s] DEBUG:colcon.colcon_parallel_executor.executor.parallel:run_until_complete finished with '0'
[0.136s] DEBUG:colcon.colcon_core.event_reactor:joining thread
[0.140s] INFO:colcon.colcon_core.plugin_system:Skipping extension 'colcon_notification.desktop_notification.terminal_notifier': Not used on non-Darwin systems
[0.140s] INFO:colcon.colcon_core.plugin_system:Skipping extension 'colcon_notification.desktop_notification.win32': Not used on non-Windows systems
[0.140s] INFO:colcon.colcon_notification.desktop_notification:Sending desktop notification using 'notify2'
[0.152s] DEBUG:colcon.colcon_core.event_reactor:joined thread
[0.153s] INFO:colcon.colcon_core.plugin_system:Skipping extension 'colcon_core.shell.bat': Not used on non-Windows systems
[0.153s] INFO:colcon.colcon_core.shell:Creating prefix script '/home/andrei-dragomir/ros2_eth/install/local_setup.ps1'
[0.153s] INFO:colcon.colcon_core.shell:Creating prefix util module '/home/andrei-dragomir/ros2_eth/install/_local_setup_util_ps1.py'
[0.154s] INFO:colcon.colcon_core.shell:Creating prefix chain script '/home/andrei-dragomir/ros2_eth/install/setup.ps1'
[0.155s] INFO:colcon.colcon_core.shell:Creating prefix script '/home/andrei-dragomir/ros2_eth/install/local_setup.sh'
[0.155s] INFO:colcon.colcon_core.shell:Creating prefix util module '/home/andrei-dragomir/ros2_eth/install/_local_setup_util_sh.py'
[0.155s] INFO:colcon.colcon_core.shell:Creating prefix chain script '/home/andrei-dragomir/ros2_eth/install/setup.sh'
[0.156s] INFO:colcon.colcon_core.shell:Creating prefix script '/home/andrei-dragomir/ros2_eth/install/local_setup.bash'
[0.156s] INFO:colcon.colcon_core.shell:Creating prefix chain script '/home/andrei-dragomir/ros2_eth/install/setup.bash'
[0.157s] INFO:colcon.colcon_core.shell:Creating prefix script '/home/andrei-dragomir/ros2_eth/install/local_setup.zsh'
[0.160s] INFO:colcon.colcon_core.shell:Creating prefix chain script '/home/andrei-dragomir/ros2_eth/install/setup.zsh'
