-- Install configuration: ""
-- Up-to-date: /home/andrei-dragomir/ros2_eth/install/myactuator_arm/share/myactuator_arm/config
-- Up-to-date: /home/andrei-dragomir/ros2_eth/install/myactuator_arm/share/myactuator_arm/config/rviz
-- Up-to-date: /home/andrei-dragomir/ros2_eth/install/myactuator_arm/share/myactuator_arm/config/rviz/visualize.rviz
-- Up-to-date: /home/andrei-dragomir/ros2_eth/install/myactuator_arm/share/myactuator_arm/config/ethercat
-- Up-to-date: /home/andrei-dragomir/ros2_eth/install/myactuator_arm/share/myactuator_arm/config/ethercat/joint4_motor.yaml
-- Up-to-date: /home/andrei-dragomir/ros2_eth/install/myactuator_arm/share/myactuator_arm/config/ethercat/joint5_motor.yaml
-- Installing: /home/andrei-dragomir/ros2_eth/install/myactuator_arm/share/myactuator_arm/config/ethercat/joint1_motor.yaml
-- Up-to-date: /home/andrei-dragomir/ros2_eth/install/myactuator_arm/share/myactuator_arm/config/ethercat/joint2_motor.yaml
-- Up-to-date: /home/andrei-dragomir/ros2_eth/install/myactuator_arm/share/myactuator_arm/config/ethercat/joint3_motor.yaml
-- Up-to-date: /home/andrei-dragomir/ros2_eth/install/myactuator_arm/share/myactuator_arm/config/controllers
-- Up-to-date: /home/andrei-dragomir/ros2_eth/install/myactuator_arm/share/myactuator_arm/config/controllers/arm_controllers.yaml
-- Up-to-date: /home/andrei-dragomir/ros2_eth/install/myactuator_arm/share/myactuator_arm/description
-- Up-to-date: /home/andrei-dragomir/ros2_eth/install/myactuator_arm/share/myactuator_arm/description/urdf
-- Up-to-date: /home/andrei-dragomir/ros2_eth/install/myactuator_arm/share/myactuator_arm/description/urdf/arm.urdf.xacro
-- Up-to-date: /home/andrei-dragomir/ros2_eth/install/myactuator_arm/share/myactuator_arm/description/urdf/arm_5dof.urdf.xacro
-- Up-to-date: /home/andrei-dragomir/ros2_eth/install/myactuator_arm/share/myactuator_arm/description/ros2_control
-- Up-to-date: /home/andrei-dragomir/ros2_eth/install/myactuator_arm/share/myactuator_arm/launch
-- Up-to-date: /home/andrei-dragomir/ros2_eth/install/myactuator_arm/share/myactuator_arm/launch/free.launch.py
-- Up-to-date: /home/andrei-dragomir/ros2_eth/install/myactuator_arm/share/myactuator_arm/launch/monitor.launch.py
-- Up-to-date: /home/andrei-dragomir/ros2_eth/install/myactuator_arm/share/myactuator_arm/launch/test.launch.py
-- Up-to-date: /home/andrei-dragomir/ros2_eth/install/myactuator_arm/lib/myactuator_arm/virtual_wall.py
-- Up-to-date: /home/andrei-dragomir/ros2_eth/install/myactuator_arm/lib/myactuator_arm/set_zero.py
-- Up-to-date: /home/andrei-dragomir/ros2_eth/install/myactuator_arm/share/ament_index/resource_index/package_run_dependencies/myactuator_arm
-- Up-to-date: /home/andrei-dragomir/ros2_eth/install/myactuator_arm/share/ament_index/resource_index/parent_prefix_path/myactuator_arm
-- Up-to-date: /home/andrei-dragomir/ros2_eth/install/myactuator_arm/share/myactuator_arm/environment/ament_prefix_path.sh
-- Up-to-date: /home/andrei-dragomir/ros2_eth/install/myactuator_arm/share/myactuator_arm/environment/ament_prefix_path.dsv
-- Up-to-date: /home/andrei-dragomir/ros2_eth/install/myactuator_arm/share/myactuator_arm/environment/path.sh
-- Up-to-date: /home/andrei-dragomir/ros2_eth/install/myactuator_arm/share/myactuator_arm/environment/path.dsv
-- Up-to-date: /home/andrei-dragomir/ros2_eth/install/myactuator_arm/share/myactuator_arm/local_setup.bash
-- Up-to-date: /home/andrei-dragomir/ros2_eth/install/myactuator_arm/share/myactuator_arm/local_setup.sh
-- Up-to-date: /home/andrei-dragomir/ros2_eth/install/myactuator_arm/share/myactuator_arm/local_setup.zsh
-- Up-to-date: /home/andrei-dragomir/ros2_eth/install/myactuator_arm/share/myactuator_arm/local_setup.dsv
-- Installing: /home/andrei-dragomir/ros2_eth/install/myactuator_arm/share/myactuator_arm/package.dsv
-- Up-to-date: /home/andrei-dragomir/ros2_eth/install/myactuator_arm/share/ament_index/resource_index/packages/myactuator_arm
-- Up-to-date: /home/andrei-dragomir/ros2_eth/install/myactuator_arm/share/myactuator_arm/cmake/myactuator_armConfig.cmake
-- Up-to-date: /home/andrei-dragomir/ros2_eth/install/myactuator_arm/share/myactuator_arm/cmake/myactuator_armConfig-version.cmake
-- Up-to-date: /home/andrei-dragomir/ros2_eth/install/myactuator_arm/share/myactuator_arm/package.xml
