-- The C compiler identification is GNU 13.3.0
-- The CXX compiler identification is GNU 13.3.0
-- Detecting C compiler ABI info
-- Detecting C compiler ABI info - done
-- Check for working C compiler: /usr/bin/cc - skipped
-- Detecting C compile features
-- Detecting C compile features - done
-- Detecting CXX compiler ABI info
-- Detecting CXX compiler ABI info - done
-- Check for working CXX compiler: /usr/bin/c++ - skipped
-- Detecting CXX compile features
-- Detecting CXX compile features - done
-- Found ament_cmake: 2.5.4 (/opt/ros/jazzy/share/ament_cmake/cmake)
-- Found Python3: /usr/bin/python3 (found version "3.12.3") found components: Interpreter
-- Found rosidl_default_generators: 1.6.0 (/opt/ros/jazzy/share/rosidl_default_generators/cmake)
-- Using all available rosidl_typesupport_c: rosidl_typesupport_fastrtps_c;rosidl_typesupport_introspection_c
-- Using all available rosidl_typesupport_cpp: rosidl_typesupport_fastrtps_cpp;rosidl_typesupport_introspection_cpp
-- Found rosidl_adapter: 4.6.6 (/opt/ros/jazzy/share/rosidl_adapter/cmake)
-- Found ament_cmake_ros: 0.12.0 (/opt/ros/jazzy/share/ament_cmake_ros/cmake)
-- Using all available rosidl_typesupport_c: rosidl_typesupport_fastrtps_c;rosidl_typesupport_introspection_c
-- Using all available rosidl_typesupport_cpp: rosidl_typesupport_fastrtps_cpp;rosidl_typesupport_introspection_cpp
-- Found python_cmake_module: 0.11.1 (/opt/ros/jazzy/share/python_cmake_module/cmake)
-- Found PythonExtra: /usr/bin/python3
-- Found Python3: /usr/bin/python3 (found version "3.12.3") found components: Interpreter Development NumPy Development.Module Development.Embed
-- Found ament_lint_auto: 0.17.3 (/opt/ros/jazzy/share/ament_lint_auto/cmake)
-- Configuring done (3.1s)
-- Generating done (0.0s)
-- Build files have been written to: /home/andrei-dragomir/ros2_eth/build/ethercat_msgs
[  2%] [1m[34mGenerating type hashes for ROS interfaces[0m
[  2%] Built target ament_cmake_python_copy_ethercat_msgs
[  2%] Built target ethercat_msgs__rosidl_generator_type_description
[  4%] [1m[34mGenerating C code for ROS interfaces[0m
[  6%] [1m[34mGenerating C++ code for ROS interfaces[0m
running egg_info
creating ethercat_msgs.egg-info
writing ethercat_msgs.egg-info/PKG-INFO
writing dependency_links to ethercat_msgs.egg-info/dependency_links.txt
writing top-level names to ethercat_msgs.egg-info/top_level.txt
writing manifest file 'ethercat_msgs.egg-info/SOURCES.txt'
reading manifest file 'ethercat_msgs.egg-info/SOURCES.txt'
writing manifest file 'ethercat_msgs.egg-info/SOURCES.txt'
[  6%] Built target ament_cmake_python_build_ethercat_msgs_egg
[  6%] Built target ethercat_msgs__cpp
[  9%] [32mBuilding C object CMakeFiles/ethercat_msgs__rosidl_generator_c.dir/rosidl_generator_c/ethercat_msgs/srv/detail/set_sdo__description.c.o[0m
[ 11%] [32mBuilding C object CMakeFiles/ethercat_msgs__rosidl_generator_c.dir/rosidl_generator_c/ethercat_msgs/srv/detail/set_sdo__functions.c.o[0m
[ 13%] [32mBuilding C object CMakeFiles/ethercat_msgs__rosidl_generator_c.dir/rosidl_generator_c/ethercat_msgs/srv/detail/set_sdo__type_support.c.o[0m
[ 15%] [32mBuilding C object CMakeFiles/ethercat_msgs__rosidl_generator_c.dir/rosidl_generator_c/ethercat_msgs/srv/detail/get_sdo__description.c.o[0m
[ 18%] [32mBuilding C object CMakeFiles/ethercat_msgs__rosidl_generator_c.dir/rosidl_generator_c/ethercat_msgs/srv/detail/get_sdo__functions.c.o[0m
[ 20%] [32mBuilding C object CMakeFiles/ethercat_msgs__rosidl_generator_c.dir/rosidl_generator_c/ethercat_msgs/srv/detail/get_sdo__type_support.c.o[0m
[ 22%] [1m[32mLinking C shared library libethercat_msgs__rosidl_generator_c.so[0m
[ 22%] Built target ethercat_msgs__rosidl_generator_c
[ 31%] [1m[34mGenerating C introspection for ROS interfaces[0m
[ 31%] [1m[34mGenerating C type support for eProsima Fast-RTPS[0m
[ 31%] [1m[34mGenerating C++ type support for eProsima Fast-RTPS[0m
[ 31%] [1m[34mGenerating C++ type support dispatch for ROS interfaces[0m
[ 34%] [1m[34mGenerating C type support dispatch for ROS interfaces[0m
[ 36%] [1m[34mGenerating C++ introspection for ROS interfaces[0m
[ 40%] [32mBuilding CXX object CMakeFiles/ethercat_msgs__rosidl_typesupport_c.dir/rosidl_typesupport_c/ethercat_msgs/srv/get_sdo__type_support.cpp.o[0m
[ 40%] [32mBuilding CXX object CMakeFiles/ethercat_msgs__rosidl_typesupport_c.dir/rosidl_typesupport_c/ethercat_msgs/srv/set_sdo__type_support.cpp.o[0m
[ 43%] [32mBuilding CXX object CMakeFiles/ethercat_msgs__rosidl_typesupport_cpp.dir/rosidl_typesupport_cpp/ethercat_msgs/srv/set_sdo__type_support.cpp.o[0m
[ 45%] [32mBuilding CXX object CMakeFiles/ethercat_msgs__rosidl_typesupport_cpp.dir/rosidl_typesupport_cpp/ethercat_msgs/srv/get_sdo__type_support.cpp.o[0m
[ 50%] [32mBuilding C object CMakeFiles/ethercat_msgs__rosidl_typesupport_introspection_c.dir/rosidl_typesupport_introspection_c/ethercat_msgs/srv/detail/set_sdo__type_support.c.o[0m
[ 50%] [32mBuilding C object CMakeFiles/ethercat_msgs__rosidl_typesupport_introspection_c.dir/rosidl_typesupport_introspection_c/ethercat_msgs/srv/detail/get_sdo__type_support.c.o[0m
[ 52%] [32mBuilding CXX object CMakeFiles/ethercat_msgs__rosidl_typesupport_introspection_cpp.dir/rosidl_typesupport_introspection_cpp/ethercat_msgs/srv/detail/set_sdo__type_support.cpp.o[0m
[ 54%] [32mBuilding CXX object CMakeFiles/ethercat_msgs__rosidl_typesupport_introspection_cpp.dir/rosidl_typesupport_introspection_cpp/ethercat_msgs/srv/detail/get_sdo__type_support.cpp.o[0m
[ 56%] [1m[32mLinking CXX shared library libethercat_msgs__rosidl_typesupport_c.so[0m
[ 59%] [1m[32mLinking C shared library libethercat_msgs__rosidl_typesupport_introspection_c.so[0m
[ 61%] [32mBuilding CXX object CMakeFiles/ethercat_msgs__rosidl_typesupport_fastrtps_cpp.dir/rosidl_typesupport_fastrtps_cpp/ethercat_msgs/srv/detail/dds_fastrtps/set_sdo__type_support.cpp.o[0m
[ 63%] [32mBuilding CXX object CMakeFiles/ethercat_msgs__rosidl_typesupport_fastrtps_cpp.dir/rosidl_typesupport_fastrtps_cpp/ethercat_msgs/srv/detail/dds_fastrtps/get_sdo__type_support.cpp.o[0m
[ 63%] Built target ethercat_msgs__rosidl_typesupport_c
[ 68%] [32mBuilding CXX object CMakeFiles/ethercat_msgs__rosidl_typesupport_fastrtps_c.dir/rosidl_typesupport_fastrtps_c/ethercat_msgs/srv/detail/get_sdo__type_support_c.cpp.o[0m
[ 68%] [32mBuilding CXX object CMakeFiles/ethercat_msgs__rosidl_typesupport_fastrtps_c.dir/rosidl_typesupport_fastrtps_c/ethercat_msgs/srv/detail/set_sdo__type_support_c.cpp.o[0m
[ 68%] Built target ethercat_msgs__rosidl_typesupport_introspection_c
[ 70%] [1m[32mLinking CXX shared library libethercat_msgs__rosidl_typesupport_cpp.so[0m
[ 72%] [1m[32mLinking CXX shared library libethercat_msgs__rosidl_typesupport_introspection_cpp.so[0m
[ 72%] Built target ethercat_msgs__rosidl_typesupport_cpp
[ 72%] Built target ethercat_msgs__rosidl_typesupport_introspection_cpp
[ 75%] [1m[32mLinking CXX shared library libethercat_msgs__rosidl_typesupport_fastrtps_c.so[0m
[ 75%] Built target ethercat_msgs__rosidl_typesupport_fastrtps_c
[ 77%] [1m[32mLinking CXX shared library libethercat_msgs__rosidl_typesupport_fastrtps_cpp.so[0m
[ 77%] Built target ethercat_msgs__rosidl_typesupport_fastrtps_cpp
[ 77%] Built target ethercat_msgs
[ 79%] [1m[34mGenerating Python code for ROS interfaces[0m
[ 79%] Built target ethercat_msgs__py
[ 81%] [32mBuilding C object CMakeFiles/ethercat_msgs__rosidl_generator_py.dir/rosidl_generator_py/ethercat_msgs/srv/_set_sdo_s.c.o[0m
[ 84%] [32mBuilding C object CMakeFiles/ethercat_msgs__rosidl_generator_py.dir/rosidl_generator_py/ethercat_msgs/srv/_get_sdo_s.c.o[0m
[ 86%] [1m[32mLinking C shared library libethercat_msgs__rosidl_generator_py.so[0m
[ 86%] Built target ethercat_msgs__rosidl_generator_py
[ 90%] [32mBuilding C object CMakeFiles/ethercat_msgs_s__rosidl_typesupport_c.dir/rosidl_generator_py/ethercat_msgs/_ethercat_msgs_s.ep.rosidl_typesupport_c.c.o[0m
[ 90%] [32mBuilding C object CMakeFiles/ethercat_msgs_s__rosidl_typesupport_introspection_c.dir/rosidl_generator_py/ethercat_msgs/_ethercat_msgs_s.ep.rosidl_typesupport_introspection_c.c.o[0m
[ 93%] [32mBuilding C object CMakeFiles/ethercat_msgs_s__rosidl_typesupport_fastrtps_c.dir/rosidl_generator_py/ethercat_msgs/_ethercat_msgs_s.ep.rosidl_typesupport_fastrtps_c.c.o[0m
[ 95%] [1m[32mLinking C shared module rosidl_generator_py/ethercat_msgs/ethercat_msgs_s__rosidl_typesupport_fastrtps_c.so[0m
[ 97%] [1m[32mLinking C shared module rosidl_generator_py/ethercat_msgs/ethercat_msgs_s__rosidl_typesupport_c.so[0m
[100%] [1m[32mLinking C shared module rosidl_generator_py/ethercat_msgs/ethercat_msgs_s__rosidl_typesupport_introspection_c.so[0m
[100%] Built target ethercat_msgs_s__rosidl_typesupport_c
[100%] Built target ethercat_msgs_s__rosidl_typesupport_introspection_c
[100%] Built target ethercat_msgs_s__rosidl_typesupport_fastrtps_c
-- Install configuration: ""
-- Installing: /home/andrei-dragomir/ros2_eth/install/ethercat_msgs/share/ament_index/resource_index/rosidl_interfaces/ethercat_msgs
-- Installing: /home/andrei-dragomir/ros2_eth/install/ethercat_msgs/share/ethercat_msgs/srv/SetSdo.json
-- Installing: /home/andrei-dragomir/ros2_eth/install/ethercat_msgs/share/ethercat_msgs/srv/GetSdo.json
-- Installing: /home/andrei-dragomir/ros2_eth/install/ethercat_msgs/include/ethercat_msgs/ethercat_msgs
-- Installing: /home/andrei-dragomir/ros2_eth/install/ethercat_msgs/include/ethercat_msgs/ethercat_msgs/msg
-- Installing: /home/andrei-dragomir/ros2_eth/install/ethercat_msgs/include/ethercat_msgs/ethercat_msgs/msg/rosidl_generator_c__visibility_control.h
-- Installing: /home/andrei-dragomir/ros2_eth/install/ethercat_msgs/include/ethercat_msgs/ethercat_msgs/srv
-- Installing: /home/andrei-dragomir/ros2_eth/install/ethercat_msgs/include/ethercat_msgs/ethercat_msgs/srv/get_sdo.h
-- Installing: /home/andrei-dragomir/ros2_eth/install/ethercat_msgs/include/ethercat_msgs/ethercat_msgs/srv/set_sdo.h
-- Installing: /home/andrei-dragomir/ros2_eth/install/ethercat_msgs/include/ethercat_msgs/ethercat_msgs/srv/detail
-- Installing: /home/andrei-dragomir/ros2_eth/install/ethercat_msgs/include/ethercat_msgs/ethercat_msgs/srv/detail/get_sdo__description.c
-- Installing: /home/andrei-dragomir/ros2_eth/install/ethercat_msgs/include/ethercat_msgs/ethercat_msgs/srv/detail/set_sdo__type_support.c
-- Installing: /home/andrei-dragomir/ros2_eth/install/ethercat_msgs/include/ethercat_msgs/ethercat_msgs/srv/detail/set_sdo__functions.c
-- Installing: /home/andrei-dragomir/ros2_eth/install/ethercat_msgs/include/ethercat_msgs/ethercat_msgs/srv/detail/set_sdo__type_support.h
-- Installing: /home/andrei-dragomir/ros2_eth/install/ethercat_msgs/include/ethercat_msgs/ethercat_msgs/srv/detail/get_sdo__struct.h
-- Installing: /home/andrei-dragomir/ros2_eth/install/ethercat_msgs/include/ethercat_msgs/ethercat_msgs/srv/detail/set_sdo__description.c
-- Installing: /home/andrei-dragomir/ros2_eth/install/ethercat_msgs/include/ethercat_msgs/ethercat_msgs/srv/detail/get_sdo__type_support.c
-- Installing: /home/andrei-dragomir/ros2_eth/install/ethercat_msgs/include/ethercat_msgs/ethercat_msgs/srv/detail/set_sdo__struct.h
-- Installing: /home/andrei-dragomir/ros2_eth/install/ethercat_msgs/include/ethercat_msgs/ethercat_msgs/srv/detail/get_sdo__type_support.h
-- Installing: /home/andrei-dragomir/ros2_eth/install/ethercat_msgs/include/ethercat_msgs/ethercat_msgs/srv/detail/get_sdo__functions.c
-- Installing: /home/andrei-dragomir/ros2_eth/install/ethercat_msgs/include/ethercat_msgs/ethercat_msgs/srv/detail/set_sdo__functions.h
-- Installing: /home/andrei-dragomir/ros2_eth/install/ethercat_msgs/include/ethercat_msgs/ethercat_msgs/srv/detail/get_sdo__functions.h
-- Installing: /home/andrei-dragomir/ros2_eth/install/ethercat_msgs/share/ethercat_msgs/environment/library_path.sh
-- Installing: /home/andrei-dragomir/ros2_eth/install/ethercat_msgs/share/ethercat_msgs/environment/library_path.dsv
-- Installing: /home/andrei-dragomir/ros2_eth/install/ethercat_msgs/lib/libethercat_msgs__rosidl_generator_c.so
-- Set non-toolchain portion of runtime path of "/home/andrei-dragomir/ros2_eth/install/ethercat_msgs/lib/libethercat_msgs__rosidl_generator_c.so" to ""
-- Up-to-date: /home/andrei-dragomir/ros2_eth/install/ethercat_msgs/include/ethercat_msgs/ethercat_msgs
-- Up-to-date: /home/andrei-dragomir/ros2_eth/install/ethercat_msgs/include/ethercat_msgs/ethercat_msgs/msg
-- Installing: /home/andrei-dragomir/ros2_eth/install/ethercat_msgs/include/ethercat_msgs/ethercat_msgs/msg/rosidl_typesupport_fastrtps_c__visibility_control.h
-- Up-to-date: /home/andrei-dragomir/ros2_eth/install/ethercat_msgs/include/ethercat_msgs/ethercat_msgs/srv
-- Up-to-date: /home/andrei-dragomir/ros2_eth/install/ethercat_msgs/include/ethercat_msgs/ethercat_msgs/srv/detail
-- Installing: /home/andrei-dragomir/ros2_eth/install/ethercat_msgs/include/ethercat_msgs/ethercat_msgs/srv/detail/set_sdo__rosidl_typesupport_fastrtps_c.h
-- Installing: /home/andrei-dragomir/ros2_eth/install/ethercat_msgs/include/ethercat_msgs/ethercat_msgs/srv/detail/get_sdo__rosidl_typesupport_fastrtps_c.h
-- Installing: /home/andrei-dragomir/ros2_eth/install/ethercat_msgs/lib/libethercat_msgs__rosidl_typesupport_fastrtps_c.so
-- Set non-toolchain portion of runtime path of "/home/andrei-dragomir/ros2_eth/install/ethercat_msgs/lib/libethercat_msgs__rosidl_typesupport_fastrtps_c.so" to ""
-- Up-to-date: /home/andrei-dragomir/ros2_eth/install/ethercat_msgs/include/ethercat_msgs/ethercat_msgs
-- Up-to-date: /home/andrei-dragomir/ros2_eth/install/ethercat_msgs/include/ethercat_msgs/ethercat_msgs/msg
-- Installing: /home/andrei-dragomir/ros2_eth/install/ethercat_msgs/include/ethercat_msgs/ethercat_msgs/msg/rosidl_typesupport_introspection_c__visibility_control.h
-- Up-to-date: /home/andrei-dragomir/ros2_eth/install/ethercat_msgs/include/ethercat_msgs/ethercat_msgs/srv
-- Up-to-date: /home/andrei-dragomir/ros2_eth/install/ethercat_msgs/include/ethercat_msgs/ethercat_msgs/srv/detail
-- Installing: /home/andrei-dragomir/ros2_eth/install/ethercat_msgs/include/ethercat_msgs/ethercat_msgs/srv/detail/set_sdo__type_support.c
-- Installing: /home/andrei-dragomir/ros2_eth/install/ethercat_msgs/include/ethercat_msgs/ethercat_msgs/srv/detail/get_sdo__rosidl_typesupport_introspection_c.h
-- Installing: /home/andrei-dragomir/ros2_eth/install/ethercat_msgs/include/ethercat_msgs/ethercat_msgs/srv/detail/get_sdo__type_support.c
-- Installing: /home/andrei-dragomir/ros2_eth/install/ethercat_msgs/include/ethercat_msgs/ethercat_msgs/srv/detail/set_sdo__rosidl_typesupport_introspection_c.h
-- Installing: /home/andrei-dragomir/ros2_eth/install/ethercat_msgs/lib/libethercat_msgs__rosidl_typesupport_introspection_c.so
-- Set non-toolchain portion of runtime path of "/home/andrei-dragomir/ros2_eth/install/ethercat_msgs/lib/libethercat_msgs__rosidl_typesupport_introspection_c.so" to ""
-- Installing: /home/andrei-dragomir/ros2_eth/install/ethercat_msgs/lib/libethercat_msgs__rosidl_typesupport_c.so
-- Set non-toolchain portion of runtime path of "/home/andrei-dragomir/ros2_eth/install/ethercat_msgs/lib/libethercat_msgs__rosidl_typesupport_c.so" to ""
-- Up-to-date: /home/andrei-dragomir/ros2_eth/install/ethercat_msgs/include/ethercat_msgs/ethercat_msgs
-- Up-to-date: /home/andrei-dragomir/ros2_eth/install/ethercat_msgs/include/ethercat_msgs/ethercat_msgs/msg
-- Installing: /home/andrei-dragomir/ros2_eth/install/ethercat_msgs/include/ethercat_msgs/ethercat_msgs/msg/rosidl_generator_cpp__visibility_control.hpp
-- Up-to-date: /home/andrei-dragomir/ros2_eth/install/ethercat_msgs/include/ethercat_msgs/ethercat_msgs/srv
-- Installing: /home/andrei-dragomir/ros2_eth/install/ethercat_msgs/include/ethercat_msgs/ethercat_msgs/srv/set_sdo.hpp
-- Up-to-date: /home/andrei-dragomir/ros2_eth/install/ethercat_msgs/include/ethercat_msgs/ethercat_msgs/srv/detail
-- Installing: /home/andrei-dragomir/ros2_eth/install/ethercat_msgs/include/ethercat_msgs/ethercat_msgs/srv/detail/get_sdo__builder.hpp
-- Installing: /home/andrei-dragomir/ros2_eth/install/ethercat_msgs/include/ethercat_msgs/ethercat_msgs/srv/detail/set_sdo__type_support.hpp
-- Installing: /home/andrei-dragomir/ros2_eth/install/ethercat_msgs/include/ethercat_msgs/ethercat_msgs/srv/detail/set_sdo__traits.hpp
-- Installing: /home/andrei-dragomir/ros2_eth/install/ethercat_msgs/include/ethercat_msgs/ethercat_msgs/srv/detail/get_sdo__type_support.hpp
-- Installing: /home/andrei-dragomir/ros2_eth/install/ethercat_msgs/include/ethercat_msgs/ethercat_msgs/srv/detail/set_sdo__struct.hpp
-- Installing: /home/andrei-dragomir/ros2_eth/install/ethercat_msgs/include/ethercat_msgs/ethercat_msgs/srv/detail/get_sdo__struct.hpp
-- Installing: /home/andrei-dragomir/ros2_eth/install/ethercat_msgs/include/ethercat_msgs/ethercat_msgs/srv/detail/get_sdo__traits.hpp
-- Installing: /home/andrei-dragomir/ros2_eth/install/ethercat_msgs/include/ethercat_msgs/ethercat_msgs/srv/detail/set_sdo__builder.hpp
-- Installing: /home/andrei-dragomir/ros2_eth/install/ethercat_msgs/include/ethercat_msgs/ethercat_msgs/srv/get_sdo.hpp
-- Up-to-date: /home/andrei-dragomir/ros2_eth/install/ethercat_msgs/include/ethercat_msgs/ethercat_msgs
-- Up-to-date: /home/andrei-dragomir/ros2_eth/install/ethercat_msgs/include/ethercat_msgs/ethercat_msgs/msg
-- Installing: /home/andrei-dragomir/ros2_eth/install/ethercat_msgs/include/ethercat_msgs/ethercat_msgs/msg/rosidl_typesupport_fastrtps_cpp__visibility_control.h
-- Up-to-date: /home/andrei-dragomir/ros2_eth/install/ethercat_msgs/include/ethercat_msgs/ethercat_msgs/srv
-- Up-to-date: /home/andrei-dragomir/ros2_eth/install/ethercat_msgs/include/ethercat_msgs/ethercat_msgs/srv/detail
-- Installing: /home/andrei-dragomir/ros2_eth/install/ethercat_msgs/include/ethercat_msgs/ethercat_msgs/srv/detail/set_sdo__rosidl_typesupport_fastrtps_cpp.hpp
-- Installing: /home/andrei-dragomir/ros2_eth/install/ethercat_msgs/include/ethercat_msgs/ethercat_msgs/srv/detail/get_sdo__rosidl_typesupport_fastrtps_cpp.hpp
-- Installing: /home/andrei-dragomir/ros2_eth/install/ethercat_msgs/include/ethercat_msgs/ethercat_msgs/srv/detail/dds_fastrtps
-- Installing: /home/andrei-dragomir/ros2_eth/install/ethercat_msgs/lib/libethercat_msgs__rosidl_typesupport_fastrtps_cpp.so
-- Set non-toolchain portion of runtime path of "/home/andrei-dragomir/ros2_eth/install/ethercat_msgs/lib/libethercat_msgs__rosidl_typesupport_fastrtps_cpp.so" to ""
-- Up-to-date: /home/andrei-dragomir/ros2_eth/install/ethercat_msgs/include/ethercat_msgs/ethercat_msgs
-- Up-to-date: /home/andrei-dragomir/ros2_eth/install/ethercat_msgs/include/ethercat_msgs/ethercat_msgs/srv
-- Up-to-date: /home/andrei-dragomir/ros2_eth/install/ethercat_msgs/include/ethercat_msgs/ethercat_msgs/srv/detail
-- Installing: /home/andrei-dragomir/ros2_eth/install/ethercat_msgs/include/ethercat_msgs/ethercat_msgs/srv/detail/get_sdo__type_support.cpp
-- Installing: /home/andrei-dragomir/ros2_eth/install/ethercat_msgs/include/ethercat_msgs/ethercat_msgs/srv/detail/get_sdo__rosidl_typesupport_introspection_cpp.hpp
-- Installing: /home/andrei-dragomir/ros2_eth/install/ethercat_msgs/include/ethercat_msgs/ethercat_msgs/srv/detail/set_sdo__type_support.cpp
-- Installing: /home/andrei-dragomir/ros2_eth/install/ethercat_msgs/include/ethercat_msgs/ethercat_msgs/srv/detail/set_sdo__rosidl_typesupport_introspection_cpp.hpp
-- Installing: /home/andrei-dragomir/ros2_eth/install/ethercat_msgs/lib/libethercat_msgs__rosidl_typesupport_introspection_cpp.so
-- Set non-toolchain portion of runtime path of "/home/andrei-dragomir/ros2_eth/install/ethercat_msgs/lib/libethercat_msgs__rosidl_typesupport_introspection_cpp.so" to ""
-- Installing: /home/andrei-dragomir/ros2_eth/install/ethercat_msgs/lib/libethercat_msgs__rosidl_typesupport_cpp.so
-- Set non-toolchain portion of runtime path of "/home/andrei-dragomir/ros2_eth/install/ethercat_msgs/lib/libethercat_msgs__rosidl_typesupport_cpp.so" to ""
-- Installing: /home/andrei-dragomir/ros2_eth/install/ethercat_msgs/share/ethercat_msgs/environment/pythonpath.sh
-- Installing: /home/andrei-dragomir/ros2_eth/install/ethercat_msgs/share/ethercat_msgs/environment/pythonpath.dsv
-- Installing: /home/andrei-dragomir/ros2_eth/install/ethercat_msgs/lib/python3.12/site-packages/ethercat_msgs-1.2.0-py3.12.egg-info
-- Installing: /home/andrei-dragomir/ros2_eth/install/ethercat_msgs/lib/python3.12/site-packages/ethercat_msgs-1.2.0-py3.12.egg-info/top_level.txt
-- Installing: /home/andrei-dragomir/ros2_eth/install/ethercat_msgs/lib/python3.12/site-packages/ethercat_msgs-1.2.0-py3.12.egg-info/SOURCES.txt
-- Installing: /home/andrei-dragomir/ros2_eth/install/ethercat_msgs/lib/python3.12/site-packages/ethercat_msgs-1.2.0-py3.12.egg-info/dependency_links.txt
-- Installing: /home/andrei-dragomir/ros2_eth/install/ethercat_msgs/lib/python3.12/site-packages/ethercat_msgs-1.2.0-py3.12.egg-info/PKG-INFO
-- Installing: /home/andrei-dragomir/ros2_eth/install/ethercat_msgs/lib/python3.12/site-packages/ethercat_msgs
-- Installing: /home/andrei-dragomir/ros2_eth/install/ethercat_msgs/lib/python3.12/site-packages/ethercat_msgs/_ethercat_msgs_s.ep.rosidl_typesupport_introspection_c.c
-- Installing: /home/andrei-dragomir/ros2_eth/install/ethercat_msgs/lib/python3.12/site-packages/ethercat_msgs/_ethercat_msgs_s.ep.rosidl_typesupport_c.c
-- Installing: /home/andrei-dragomir/ros2_eth/install/ethercat_msgs/lib/python3.12/site-packages/ethercat_msgs/ethercat_msgs_s__rosidl_typesupport_fastrtps_c.so
-- Installing: /home/andrei-dragomir/ros2_eth/install/ethercat_msgs/lib/python3.12/site-packages/ethercat_msgs/srv
-- Installing: /home/andrei-dragomir/ros2_eth/install/ethercat_msgs/lib/python3.12/site-packages/ethercat_msgs/srv/_get_sdo_s.c
-- Installing: /home/andrei-dragomir/ros2_eth/install/ethercat_msgs/lib/python3.12/site-packages/ethercat_msgs/srv/_get_sdo.py
-- Installing: /home/andrei-dragomir/ros2_eth/install/ethercat_msgs/lib/python3.12/site-packages/ethercat_msgs/srv/_set_sdo.py
-- Installing: /home/andrei-dragomir/ros2_eth/install/ethercat_msgs/lib/python3.12/site-packages/ethercat_msgs/srv/__init__.py
-- Installing: /home/andrei-dragomir/ros2_eth/install/ethercat_msgs/lib/python3.12/site-packages/ethercat_msgs/srv/_set_sdo_s.c
-- Installing: /home/andrei-dragomir/ros2_eth/install/ethercat_msgs/lib/python3.12/site-packages/ethercat_msgs/ethercat_msgs_s__rosidl_typesupport_c.so
-- Installing: /home/andrei-dragomir/ros2_eth/install/ethercat_msgs/lib/python3.12/site-packages/ethercat_msgs/_ethercat_msgs_s.ep.rosidl_typesupport_fastrtps_c.c
-- Installing: /home/andrei-dragomir/ros2_eth/install/ethercat_msgs/lib/python3.12/site-packages/ethercat_msgs/__init__.py
-- Installing: /home/andrei-dragomir/ros2_eth/install/ethercat_msgs/lib/python3.12/site-packages/ethercat_msgs/ethercat_msgs_s__rosidl_typesupport_introspection_c.so
Listing '/home/andrei-dragomir/ros2_eth/install/ethercat_msgs/lib/python3.12/site-packages/ethercat_msgs'...
Compiling '/home/andrei-dragomir/ros2_eth/install/ethercat_msgs/lib/python3.12/site-packages/ethercat_msgs/__init__.py'...
Listing '/home/andrei-dragomir/ros2_eth/install/ethercat_msgs/lib/python3.12/site-packages/ethercat_msgs/srv'...
Compiling '/home/andrei-dragomir/ros2_eth/install/ethercat_msgs/lib/python3.12/site-packages/ethercat_msgs/srv/__init__.py'...
Compiling '/home/andrei-dragomir/ros2_eth/install/ethercat_msgs/lib/python3.12/site-packages/ethercat_msgs/srv/_get_sdo.py'...
Compiling '/home/andrei-dragomir/ros2_eth/install/ethercat_msgs/lib/python3.12/site-packages/ethercat_msgs/srv/_set_sdo.py'...
-- Installing: /home/andrei-dragomir/ros2_eth/install/ethercat_msgs/lib/python3.12/site-packages/ethercat_msgs/ethercat_msgs_s__rosidl_typesupport_fastrtps_c.so
-- Set non-toolchain portion of runtime path of "/home/andrei-dragomir/ros2_eth/install/ethercat_msgs/lib/python3.12/site-packages/ethercat_msgs/ethercat_msgs_s__rosidl_typesupport_fastrtps_c.so" to ""
-- Installing: /home/andrei-dragomir/ros2_eth/install/ethercat_msgs/lib/python3.12/site-packages/ethercat_msgs/ethercat_msgs_s__rosidl_typesupport_introspection_c.so
-- Set non-toolchain portion of runtime path of "/home/andrei-dragomir/ros2_eth/install/ethercat_msgs/lib/python3.12/site-packages/ethercat_msgs/ethercat_msgs_s__rosidl_typesupport_introspection_c.so" to ""
-- Installing: /home/andrei-dragomir/ros2_eth/install/ethercat_msgs/lib/python3.12/site-packages/ethercat_msgs/ethercat_msgs_s__rosidl_typesupport_c.so
-- Set non-toolchain portion of runtime path of "/home/andrei-dragomir/ros2_eth/install/ethercat_msgs/lib/python3.12/site-packages/ethercat_msgs/ethercat_msgs_s__rosidl_typesupport_c.so" to ""
-- Installing: /home/andrei-dragomir/ros2_eth/install/ethercat_msgs/lib/libethercat_msgs__rosidl_generator_py.so
-- Set non-toolchain portion of runtime path of "/home/andrei-dragomir/ros2_eth/install/ethercat_msgs/lib/libethercat_msgs__rosidl_generator_py.so" to ""
-- Installing: /home/andrei-dragomir/ros2_eth/install/ethercat_msgs/share/ethercat_msgs/srv/SetSdo.idl
-- Installing: /home/andrei-dragomir/ros2_eth/install/ethercat_msgs/share/ethercat_msgs/srv/GetSdo.idl
-- Installing: /home/andrei-dragomir/ros2_eth/install/ethercat_msgs/share/ethercat_msgs/srv/SetSdo.srv
-- Installing: /home/andrei-dragomir/ros2_eth/install/ethercat_msgs/share/ethercat_msgs/srv/GetSdo.srv
-- Installing: /home/andrei-dragomir/ros2_eth/install/ethercat_msgs/share/ament_index/resource_index/package_run_dependencies/ethercat_msgs
-- Installing: /home/andrei-dragomir/ros2_eth/install/ethercat_msgs/share/ament_index/resource_index/parent_prefix_path/ethercat_msgs
-- Installing: /home/andrei-dragomir/ros2_eth/install/ethercat_msgs/share/ethercat_msgs/environment/ament_prefix_path.sh
-- Installing: /home/andrei-dragomir/ros2_eth/install/ethercat_msgs/share/ethercat_msgs/environment/ament_prefix_path.dsv
-- Installing: /home/andrei-dragomir/ros2_eth/install/ethercat_msgs/share/ethercat_msgs/environment/path.sh
-- Installing: /home/andrei-dragomir/ros2_eth/install/ethercat_msgs/share/ethercat_msgs/environment/path.dsv
-- Installing: /home/andrei-dragomir/ros2_eth/install/ethercat_msgs/share/ethercat_msgs/local_setup.bash
-- Installing: /home/andrei-dragomir/ros2_eth/install/ethercat_msgs/share/ethercat_msgs/local_setup.sh
-- Installing: /home/andrei-dragomir/ros2_eth/install/ethercat_msgs/share/ethercat_msgs/local_setup.zsh
-- Installing: /home/andrei-dragomir/ros2_eth/install/ethercat_msgs/share/ethercat_msgs/local_setup.dsv
-- Installing: /home/andrei-dragomir/ros2_eth/install/ethercat_msgs/share/ethercat_msgs/package.dsv
-- Installing: /home/andrei-dragomir/ros2_eth/install/ethercat_msgs/share/ament_index/resource_index/packages/ethercat_msgs
-- Installing: /home/andrei-dragomir/ros2_eth/install/ethercat_msgs/share/ethercat_msgs/cmake/export_ethercat_msgs__rosidl_generator_cExport.cmake
-- Installing: /home/andrei-dragomir/ros2_eth/install/ethercat_msgs/share/ethercat_msgs/cmake/export_ethercat_msgs__rosidl_generator_cExport-noconfig.cmake
-- Installing: /home/andrei-dragomir/ros2_eth/install/ethercat_msgs/share/ethercat_msgs/cmake/export_ethercat_msgs__rosidl_typesupport_fastrtps_cExport.cmake
-- Installing: /home/andrei-dragomir/ros2_eth/install/ethercat_msgs/share/ethercat_msgs/cmake/export_ethercat_msgs__rosidl_typesupport_fastrtps_cExport-noconfig.cmake
-- Installing: /home/andrei-dragomir/ros2_eth/install/ethercat_msgs/share/ethercat_msgs/cmake/ethercat_msgs__rosidl_typesupport_introspection_cExport.cmake
-- Installing: /home/andrei-dragomir/ros2_eth/install/ethercat_msgs/share/ethercat_msgs/cmake/ethercat_msgs__rosidl_typesupport_introspection_cExport-noconfig.cmake
-- Installing: /home/andrei-dragomir/ros2_eth/install/ethercat_msgs/share/ethercat_msgs/cmake/ethercat_msgs__rosidl_typesupport_cExport.cmake
-- Installing: /home/andrei-dragomir/ros2_eth/install/ethercat_msgs/share/ethercat_msgs/cmake/ethercat_msgs__rosidl_typesupport_cExport-noconfig.cmake
-- Installing: /home/andrei-dragomir/ros2_eth/install/ethercat_msgs/share/ethercat_msgs/cmake/export_ethercat_msgs__rosidl_generator_cppExport.cmake
-- Installing: /home/andrei-dragomir/ros2_eth/install/ethercat_msgs/share/ethercat_msgs/cmake/export_ethercat_msgs__rosidl_typesupport_fastrtps_cppExport.cmake
-- Installing: /home/andrei-dragomir/ros2_eth/install/ethercat_msgs/share/ethercat_msgs/cmake/export_ethercat_msgs__rosidl_typesupport_fastrtps_cppExport-noconfig.cmake
-- Installing: /home/andrei-dragomir/ros2_eth/install/ethercat_msgs/share/ethercat_msgs/cmake/ethercat_msgs__rosidl_typesupport_introspection_cppExport.cmake
-- Installing: /home/andrei-dragomir/ros2_eth/install/ethercat_msgs/share/ethercat_msgs/cmake/ethercat_msgs__rosidl_typesupport_introspection_cppExport-noconfig.cmake
-- Installing: /home/andrei-dragomir/ros2_eth/install/ethercat_msgs/share/ethercat_msgs/cmake/ethercat_msgs__rosidl_typesupport_cppExport.cmake
-- Installing: /home/andrei-dragomir/ros2_eth/install/ethercat_msgs/share/ethercat_msgs/cmake/ethercat_msgs__rosidl_typesupport_cppExport-noconfig.cmake
-- Installing: /home/andrei-dragomir/ros2_eth/install/ethercat_msgs/share/ethercat_msgs/cmake/export_ethercat_msgs__rosidl_generator_pyExport.cmake
-- Installing: /home/andrei-dragomir/ros2_eth/install/ethercat_msgs/share/ethercat_msgs/cmake/export_ethercat_msgs__rosidl_generator_pyExport-noconfig.cmake
-- Installing: /home/andrei-dragomir/ros2_eth/install/ethercat_msgs/share/ethercat_msgs/cmake/rosidl_cmake-extras.cmake
-- Installing: /home/andrei-dragomir/ros2_eth/install/ethercat_msgs/share/ethercat_msgs/cmake/ament_cmake_export_dependencies-extras.cmake
-- Installing: /home/andrei-dragomir/ros2_eth/install/ethercat_msgs/share/ethercat_msgs/cmake/ament_cmake_export_include_directories-extras.cmake
-- Installing: /home/andrei-dragomir/ros2_eth/install/ethercat_msgs/share/ethercat_msgs/cmake/ament_cmake_export_libraries-extras.cmake
-- Installing: /home/andrei-dragomir/ros2_eth/install/ethercat_msgs/share/ethercat_msgs/cmake/ament_cmake_export_targets-extras.cmake
-- Installing: /home/andrei-dragomir/ros2_eth/install/ethercat_msgs/share/ethercat_msgs/cmake/rosidl_cmake_export_typesupport_targets-extras.cmake
-- Installing: /home/andrei-dragomir/ros2_eth/install/ethercat_msgs/share/ethercat_msgs/cmake/rosidl_cmake_export_typesupport_libraries-extras.cmake
-- Installing: /home/andrei-dragomir/ros2_eth/install/ethercat_msgs/share/ethercat_msgs/cmake/ethercat_msgsConfig.cmake
-- Installing: /home/andrei-dragomir/ros2_eth/install/ethercat_msgs/share/ethercat_msgs/cmake/ethercat_msgsConfig-version.cmake
-- Installing: /home/andrei-dragomir/ros2_eth/install/ethercat_msgs/share/ethercat_msgs/package.xml
