[0.008s] Invoking command in '/home/andrei-dragomir/ros2_eth/build/ethercat_msgs': CMAKE_PREFIX_PATH=${CMAKE_PREFIX_PATH}:/home/andrei-dragomir/ws_moveit/install/moveit_configs_utils:/opt/ros/jazzy DEBUGINFOD_URLS=https://debuginfod.ubuntu.com /usr/bin/cmake /home/andrei-dragomir/ros2_eth/src/ethercat_driver_ros2/ethercat_msgs -DCMAKE_INSTALL_PREFIX=/home/andrei-dragomir/ros2_eth/install/ethercat_msgs
[0.013s] [0mCMake Deprecation Warning at CMakeLists.txt:1 (cmake_minimum_required):
[0.013s]   Compatibility with CMake < 3.10 will be removed from a future version of
[0.013s]   CMake.
[0.013s] 
[0.013s]   Update the VERSION argument <min> value.  Or, use the <min>...<max> syntax
[0.013s]   to tell CMake that the project requires at least <min> but has been updated
[0.013s]   to work with policies introduced by <max> or earlier.
[0.013s] 
[0.013s] [0m
[0.043s] -- The C compiler identification is GNU 13.3.0
[0.083s] -- The CXX compiler identification is GNU 13.3.0
[0.088s] -- Detecting C compiler ABI info
[0.124s] -- Detecting C compiler ABI info - done
[0.134s] -- Check for working C compiler: /usr/bin/cc - skipped
[0.134s] -- Detecting C compile features
[0.134s] -- Detecting C compile features - done
[0.141s] -- Detecting CXX compiler ABI info
[0.182s] -- Detecting CXX compiler ABI info - done
[0.193s] -- Check for working CXX compiler: /usr/bin/c++ - skipped
[0.193s] -- Detecting CXX compile features
[0.193s] -- Detecting CXX compile features - done
[0.202s] -- Found ament_cmake: 2.5.4 (/opt/ros/jazzy/share/ament_cmake/cmake)
[0.663s] -- Found Python3: /usr/bin/python3 (found version "3.12.3") found components: Interpreter
[0.787s] -- Found rosidl_default_generators: 1.6.0 (/opt/ros/jazzy/share/rosidl_default_generators/cmake)
[0.802s] -- Using all available rosidl_typesupport_c: rosidl_typesupport_fastrtps_c;rosidl_typesupport_introspection_c
[0.864s] -- Using all available rosidl_typesupport_cpp: rosidl_typesupport_fastrtps_cpp;rosidl_typesupport_introspection_cpp
[0.908s] -- Found rosidl_adapter: 4.6.6 (/opt/ros/jazzy/share/rosidl_adapter/cmake)
[1.447s] -- Found ament_cmake_ros: 0.12.0 (/opt/ros/jazzy/share/ament_cmake_ros/cmake)
[1.885s] -- Using all available rosidl_typesupport_c: rosidl_typesupport_fastrtps_c;rosidl_typesupport_introspection_c
[2.436s] -- Using all available rosidl_typesupport_cpp: rosidl_typesupport_fastrtps_cpp;rosidl_typesupport_introspection_cpp
[2.449s] -- Found python_cmake_module: 0.11.1 (/opt/ros/jazzy/share/python_cmake_module/cmake)
[2.582s] -- Found PythonExtra: /usr/bin/python3
[3.022s] -- Found Python3: /usr/bin/python3 (found version "3.12.3") found components: Interpreter Development NumPy Development.Module Development.Embed
[3.063s] -- Found ament_lint_auto: 0.17.3 (/opt/ros/jazzy/share/ament_lint_auto/cmake)
[3.068s] -- Configuring done (3.1s)
[3.089s] -- Generating done (0.0s)
[3.097s] -- Build files have been written to: /home/andrei-dragomir/ros2_eth/build/ethercat_msgs
[3.105s] Invoked command in '/home/andrei-dragomir/ros2_eth/build/ethercat_msgs' returned '0': CMAKE_PREFIX_PATH=${CMAKE_PREFIX_PATH}:/home/andrei-dragomir/ws_moveit/install/moveit_configs_utils:/opt/ros/jazzy DEBUGINFOD_URLS=https://debuginfod.ubuntu.com /usr/bin/cmake /home/andrei-dragomir/ros2_eth/src/ethercat_driver_ros2/ethercat_msgs -DCMAKE_INSTALL_PREFIX=/home/andrei-dragomir/ros2_eth/install/ethercat_msgs
[3.105s] Invoking command in '/home/andrei-dragomir/ros2_eth/build/ethercat_msgs': CMAKE_PREFIX_PATH=${CMAKE_PREFIX_PATH}:/home/andrei-dragomir/ws_moveit/install/moveit_configs_utils:/opt/ros/jazzy DEBUGINFOD_URLS=https://debuginfod.ubuntu.com /usr/bin/cmake --build /home/andrei-dragomir/ros2_eth/build/ethercat_msgs -- -j24 -l24
[3.123s] [  2%] [1m[34mGenerating type hashes for ROS interfaces[0m
[3.125s] [  2%] Built target ament_cmake_python_copy_ethercat_msgs
[3.227s] [  2%] Built target ethercat_msgs__rosidl_generator_type_description
[3.231s] [  4%] [1m[34mGenerating C code for ROS interfaces[0m
[3.234s] [  6%] [1m[34mGenerating C++ code for ROS interfaces[0m
[3.243s] running egg_info
[3.244s] creating ethercat_msgs.egg-info
[3.254s] writing ethercat_msgs.egg-info/PKG-INFO
[3.254s] writing dependency_links to ethercat_msgs.egg-info/dependency_links.txt
[3.254s] writing top-level names to ethercat_msgs.egg-info/top_level.txt
[3.254s] writing manifest file 'ethercat_msgs.egg-info/SOURCES.txt'
[3.285s] reading manifest file 'ethercat_msgs.egg-info/SOURCES.txt'
[3.285s] writing manifest file 'ethercat_msgs.egg-info/SOURCES.txt'
[3.299s] [  6%] Built target ament_cmake_python_build_ethercat_msgs_egg
[3.400s] [  6%] Built target ethercat_msgs__cpp
[3.407s] [  9%] [32mBuilding C object CMakeFiles/ethercat_msgs__rosidl_generator_c.dir/rosidl_generator_c/ethercat_msgs/srv/detail/set_sdo__description.c.o[0m
[3.408s] [ 11%] [32mBuilding C object CMakeFiles/ethercat_msgs__rosidl_generator_c.dir/rosidl_generator_c/ethercat_msgs/srv/detail/set_sdo__functions.c.o[0m
[3.408s] [ 13%] [32mBuilding C object CMakeFiles/ethercat_msgs__rosidl_generator_c.dir/rosidl_generator_c/ethercat_msgs/srv/detail/set_sdo__type_support.c.o[0m
[3.408s] [ 15%] [32mBuilding C object CMakeFiles/ethercat_msgs__rosidl_generator_c.dir/rosidl_generator_c/ethercat_msgs/srv/detail/get_sdo__description.c.o[0m
[3.408s] [ 18%] [32mBuilding C object CMakeFiles/ethercat_msgs__rosidl_generator_c.dir/rosidl_generator_c/ethercat_msgs/srv/detail/get_sdo__functions.c.o[0m
[3.408s] [ 20%] [32mBuilding C object CMakeFiles/ethercat_msgs__rosidl_generator_c.dir/rosidl_generator_c/ethercat_msgs/srv/detail/get_sdo__type_support.c.o[0m
[3.449s] [ 22%] [1m[32mLinking C shared library libethercat_msgs__rosidl_generator_c.so[0m
[3.467s] [ 22%] Built target ethercat_msgs__rosidl_generator_c
[3.471s] [ 31%] [1m[34mGenerating C introspection for ROS interfaces[0m
[3.471s] [ 31%] [1m[34mGenerating C type support for eProsima Fast-RTPS[0m
[3.471s] [ 31%] [1m[34mGenerating C++ type support for eProsima Fast-RTPS[0m
[3.471s] [ 31%] [1m[34mGenerating C++ type support dispatch for ROS interfaces[0m
[3.471s] [ 34%] [1m[34mGenerating C type support dispatch for ROS interfaces[0m
[3.471s] [ 36%] [1m[34mGenerating C++ introspection for ROS interfaces[0m
[3.603s] [ 40%] [32mBuilding CXX object CMakeFiles/ethercat_msgs__rosidl_typesupport_c.dir/rosidl_typesupport_c/ethercat_msgs/srv/get_sdo__type_support.cpp.o[0m
[3.603s] [ 40%] [32mBuilding CXX object CMakeFiles/ethercat_msgs__rosidl_typesupport_c.dir/rosidl_typesupport_c/ethercat_msgs/srv/set_sdo__type_support.cpp.o[0m
[3.604s] [ 43%] [32mBuilding CXX object CMakeFiles/ethercat_msgs__rosidl_typesupport_cpp.dir/rosidl_typesupport_cpp/ethercat_msgs/srv/set_sdo__type_support.cpp.o[0m
[3.605s] [ 45%] [32mBuilding CXX object CMakeFiles/ethercat_msgs__rosidl_typesupport_cpp.dir/rosidl_typesupport_cpp/ethercat_msgs/srv/get_sdo__type_support.cpp.o[0m
[3.617s] [ 50%] [32mBuilding C object CMakeFiles/ethercat_msgs__rosidl_typesupport_introspection_c.dir/rosidl_typesupport_introspection_c/ethercat_msgs/srv/detail/set_sdo__type_support.c.o[0m
[3.617s] [ 50%] [32mBuilding C object CMakeFiles/ethercat_msgs__rosidl_typesupport_introspection_c.dir/rosidl_typesupport_introspection_c/ethercat_msgs/srv/detail/get_sdo__type_support.c.o[0m
[3.617s] [ 52%] [32mBuilding CXX object CMakeFiles/ethercat_msgs__rosidl_typesupport_introspection_cpp.dir/rosidl_typesupport_introspection_cpp/ethercat_msgs/srv/detail/set_sdo__type_support.cpp.o[0m
[3.618s] [ 54%] [32mBuilding CXX object CMakeFiles/ethercat_msgs__rosidl_typesupport_introspection_cpp.dir/rosidl_typesupport_introspection_cpp/ethercat_msgs/srv/detail/get_sdo__type_support.cpp.o[0m
[3.630s] [ 56%] [1m[32mLinking CXX shared library libethercat_msgs__rosidl_typesupport_c.so[0m
[3.643s] [ 59%] [1m[32mLinking C shared library libethercat_msgs__rosidl_typesupport_introspection_c.so[0m
[3.645s] [ 61%] [32mBuilding CXX object CMakeFiles/ethercat_msgs__rosidl_typesupport_fastrtps_cpp.dir/rosidl_typesupport_fastrtps_cpp/ethercat_msgs/srv/detail/dds_fastrtps/set_sdo__type_support.cpp.o[0m
[3.645s] [ 63%] [32mBuilding CXX object CMakeFiles/ethercat_msgs__rosidl_typesupport_fastrtps_cpp.dir/rosidl_typesupport_fastrtps_cpp/ethercat_msgs/srv/detail/dds_fastrtps/get_sdo__type_support.cpp.o[0m
[3.651s] [ 63%] Built target ethercat_msgs__rosidl_typesupport_c
[3.653s] [ 68%] [32mBuilding CXX object CMakeFiles/ethercat_msgs__rosidl_typesupport_fastrtps_c.dir/rosidl_typesupport_fastrtps_c/ethercat_msgs/srv/detail/get_sdo__type_support_c.cpp.o[0m
[3.653s] [ 68%] [32mBuilding CXX object CMakeFiles/ethercat_msgs__rosidl_typesupport_fastrtps_c.dir/rosidl_typesupport_fastrtps_c/ethercat_msgs/srv/detail/set_sdo__type_support_c.cpp.o[0m
[3.657s] [ 68%] Built target ethercat_msgs__rosidl_typesupport_introspection_c
[3.791s] [ 70%] [1m[32mLinking CXX shared library libethercat_msgs__rosidl_typesupport_cpp.so[0m
[3.815s] [ 72%] [1m[32mLinking CXX shared library libethercat_msgs__rosidl_typesupport_introspection_cpp.so[0m
[3.832s] [ 72%] Built target ethercat_msgs__rosidl_typesupport_cpp
[3.857s] [ 72%] Built target ethercat_msgs__rosidl_typesupport_introspection_cpp
[3.887s] [ 75%] [1m[32mLinking CXX shared library libethercat_msgs__rosidl_typesupport_fastrtps_c.so[0m
[3.926s] [ 75%] Built target ethercat_msgs__rosidl_typesupport_fastrtps_c
[3.945s] [ 77%] [1m[32mLinking CXX shared library libethercat_msgs__rosidl_typesupport_fastrtps_cpp.so[0m
[3.986s] [ 77%] Built target ethercat_msgs__rosidl_typesupport_fastrtps_cpp
[3.994s] [ 77%] Built target ethercat_msgs
[4.002s] [ 79%] [1m[34mGenerating Python code for ROS interfaces[0m
[4.235s] [ 79%] Built target ethercat_msgs__py
[4.243s] [ 81%] [32mBuilding C object CMakeFiles/ethercat_msgs__rosidl_generator_py.dir/rosidl_generator_py/ethercat_msgs/srv/_set_sdo_s.c.o[0m
[4.243s] [ 84%] [32mBuilding C object CMakeFiles/ethercat_msgs__rosidl_generator_py.dir/rosidl_generator_py/ethercat_msgs/srv/_get_sdo_s.c.o[0m
[4.329s] [ 86%] [1m[32mLinking C shared library libethercat_msgs__rosidl_generator_py.so[0m
[4.350s] [ 86%] Built target ethercat_msgs__rosidl_generator_py
[4.359s] [ 90%] [32mBuilding C object CMakeFiles/ethercat_msgs_s__rosidl_typesupport_c.dir/rosidl_generator_py/ethercat_msgs/_ethercat_msgs_s.ep.rosidl_typesupport_c.c.o[0m
[4.359s] [ 90%] [32mBuilding C object CMakeFiles/ethercat_msgs_s__rosidl_typesupport_introspection_c.dir/rosidl_generator_py/ethercat_msgs/_ethercat_msgs_s.ep.rosidl_typesupport_introspection_c.c.o[0m
[4.359s] [ 93%] [32mBuilding C object CMakeFiles/ethercat_msgs_s__rosidl_typesupport_fastrtps_c.dir/rosidl_generator_py/ethercat_msgs/_ethercat_msgs_s.ep.rosidl_typesupport_fastrtps_c.c.o[0m
[4.421s] [ 95%] [1m[32mLinking C shared module rosidl_generator_py/ethercat_msgs/ethercat_msgs_s__rosidl_typesupport_fastrtps_c.so[0m
[4.421s] [ 97%] [1m[32mLinking C shared module rosidl_generator_py/ethercat_msgs/ethercat_msgs_s__rosidl_typesupport_c.so[0m
[4.421s] [100%] [1m[32mLinking C shared module rosidl_generator_py/ethercat_msgs/ethercat_msgs_s__rosidl_typesupport_introspection_c.so[0m
[4.435s] [100%] Built target ethercat_msgs_s__rosidl_typesupport_c
[4.435s] [100%] Built target ethercat_msgs_s__rosidl_typesupport_introspection_c
[4.435s] [100%] Built target ethercat_msgs_s__rosidl_typesupport_fastrtps_c
[4.440s] Invoked command in '/home/andrei-dragomir/ros2_eth/build/ethercat_msgs' returned '0': CMAKE_PREFIX_PATH=${CMAKE_PREFIX_PATH}:/home/andrei-dragomir/ws_moveit/install/moveit_configs_utils:/opt/ros/jazzy DEBUGINFOD_URLS=https://debuginfod.ubuntu.com /usr/bin/cmake --build /home/andrei-dragomir/ros2_eth/build/ethercat_msgs -- -j24 -l24
[4.441s] Invoking command in '/home/andrei-dragomir/ros2_eth/build/ethercat_msgs': CMAKE_PREFIX_PATH=${CMAKE_PREFIX_PATH}:/home/andrei-dragomir/ws_moveit/install/moveit_configs_utils:/opt/ros/jazzy DEBUGINFOD_URLS=https://debuginfod.ubuntu.com /usr/bin/cmake --install /home/andrei-dragomir/ros2_eth/build/ethercat_msgs
[4.443s] -- Install configuration: ""
[4.444s] -- Installing: /home/andrei-dragomir/ros2_eth/install/ethercat_msgs/share/ament_index/resource_index/rosidl_interfaces/ethercat_msgs
[4.444s] -- Installing: /home/andrei-dragomir/ros2_eth/install/ethercat_msgs/share/ethercat_msgs/srv/SetSdo.json
[4.444s] -- Installing: /home/andrei-dragomir/ros2_eth/install/ethercat_msgs/share/ethercat_msgs/srv/GetSdo.json
[4.444s] -- Installing: /home/andrei-dragomir/ros2_eth/install/ethercat_msgs/include/ethercat_msgs/ethercat_msgs
[4.444s] -- Installing: /home/andrei-dragomir/ros2_eth/install/ethercat_msgs/include/ethercat_msgs/ethercat_msgs/msg
[4.444s] -- Installing: /home/andrei-dragomir/ros2_eth/install/ethercat_msgs/include/ethercat_msgs/ethercat_msgs/msg/rosidl_generator_c__visibility_control.h
[4.444s] -- Installing: /home/andrei-dragomir/ros2_eth/install/ethercat_msgs/include/ethercat_msgs/ethercat_msgs/srv
[4.444s] -- Installing: /home/andrei-dragomir/ros2_eth/install/ethercat_msgs/include/ethercat_msgs/ethercat_msgs/srv/get_sdo.h
[4.444s] -- Installing: /home/andrei-dragomir/ros2_eth/install/ethercat_msgs/include/ethercat_msgs/ethercat_msgs/srv/set_sdo.h
[4.444s] -- Installing: /home/andrei-dragomir/ros2_eth/install/ethercat_msgs/include/ethercat_msgs/ethercat_msgs/srv/detail
[4.444s] -- Installing: /home/andrei-dragomir/ros2_eth/install/ethercat_msgs/include/ethercat_msgs/ethercat_msgs/srv/detail/get_sdo__description.c
[4.444s] -- Installing: /home/andrei-dragomir/ros2_eth/install/ethercat_msgs/include/ethercat_msgs/ethercat_msgs/srv/detail/set_sdo__type_support.c
[4.444s] -- Installing: /home/andrei-dragomir/ros2_eth/install/ethercat_msgs/include/ethercat_msgs/ethercat_msgs/srv/detail/set_sdo__functions.c
[4.444s] -- Installing: /home/andrei-dragomir/ros2_eth/install/ethercat_msgs/include/ethercat_msgs/ethercat_msgs/srv/detail/set_sdo__type_support.h
[4.444s] -- Installing: /home/andrei-dragomir/ros2_eth/install/ethercat_msgs/include/ethercat_msgs/ethercat_msgs/srv/detail/get_sdo__struct.h
[4.444s] -- Installing: /home/andrei-dragomir/ros2_eth/install/ethercat_msgs/include/ethercat_msgs/ethercat_msgs/srv/detail/set_sdo__description.c
[4.444s] -- Installing: /home/andrei-dragomir/ros2_eth/install/ethercat_msgs/include/ethercat_msgs/ethercat_msgs/srv/detail/get_sdo__type_support.c
[4.444s] -- Installing: /home/andrei-dragomir/ros2_eth/install/ethercat_msgs/include/ethercat_msgs/ethercat_msgs/srv/detail/set_sdo__struct.h
[4.444s] -- Installing: /home/andrei-dragomir/ros2_eth/install/ethercat_msgs/include/ethercat_msgs/ethercat_msgs/srv/detail/get_sdo__type_support.h
[4.444s] -- Installing: /home/andrei-dragomir/ros2_eth/install/ethercat_msgs/include/ethercat_msgs/ethercat_msgs/srv/detail/get_sdo__functions.c
[4.444s] -- Installing: /home/andrei-dragomir/ros2_eth/install/ethercat_msgs/include/ethercat_msgs/ethercat_msgs/srv/detail/set_sdo__functions.h
[4.444s] -- Installing: /home/andrei-dragomir/ros2_eth/install/ethercat_msgs/include/ethercat_msgs/ethercat_msgs/srv/detail/get_sdo__functions.h
[4.445s] -- Installing: /home/andrei-dragomir/ros2_eth/install/ethercat_msgs/share/ethercat_msgs/environment/library_path.sh
[4.445s] -- Installing: /home/andrei-dragomir/ros2_eth/install/ethercat_msgs/share/ethercat_msgs/environment/library_path.dsv
[4.445s] -- Installing: /home/andrei-dragomir/ros2_eth/install/ethercat_msgs/lib/libethercat_msgs__rosidl_generator_c.so
[4.445s] -- Set non-toolchain portion of runtime path of "/home/andrei-dragomir/ros2_eth/install/ethercat_msgs/lib/libethercat_msgs__rosidl_generator_c.so" to ""
[4.445s] -- Up-to-date: /home/andrei-dragomir/ros2_eth/install/ethercat_msgs/include/ethercat_msgs/ethercat_msgs
[4.445s] -- Up-to-date: /home/andrei-dragomir/ros2_eth/install/ethercat_msgs/include/ethercat_msgs/ethercat_msgs/msg
[4.445s] -- Installing: /home/andrei-dragomir/ros2_eth/install/ethercat_msgs/include/ethercat_msgs/ethercat_msgs/msg/rosidl_typesupport_fastrtps_c__visibility_control.h
[4.445s] -- Up-to-date: /home/andrei-dragomir/ros2_eth/install/ethercat_msgs/include/ethercat_msgs/ethercat_msgs/srv
[4.445s] -- Up-to-date: /home/andrei-dragomir/ros2_eth/install/ethercat_msgs/include/ethercat_msgs/ethercat_msgs/srv/detail
[4.445s] -- Installing: /home/andrei-dragomir/ros2_eth/install/ethercat_msgs/include/ethercat_msgs/ethercat_msgs/srv/detail/set_sdo__rosidl_typesupport_fastrtps_c.h
[4.445s] -- Installing: /home/andrei-dragomir/ros2_eth/install/ethercat_msgs/include/ethercat_msgs/ethercat_msgs/srv/detail/get_sdo__rosidl_typesupport_fastrtps_c.h
[4.445s] -- Installing: /home/andrei-dragomir/ros2_eth/install/ethercat_msgs/lib/libethercat_msgs__rosidl_typesupport_fastrtps_c.so
[4.445s] -- Set non-toolchain portion of runtime path of "/home/andrei-dragomir/ros2_eth/install/ethercat_msgs/lib/libethercat_msgs__rosidl_typesupport_fastrtps_c.so" to ""
[4.445s] -- Up-to-date: /home/andrei-dragomir/ros2_eth/install/ethercat_msgs/include/ethercat_msgs/ethercat_msgs
[4.445s] -- Up-to-date: /home/andrei-dragomir/ros2_eth/install/ethercat_msgs/include/ethercat_msgs/ethercat_msgs/msg
[4.445s] -- Installing: /home/andrei-dragomir/ros2_eth/install/ethercat_msgs/include/ethercat_msgs/ethercat_msgs/msg/rosidl_typesupport_introspection_c__visibility_control.h
[4.445s] -- Up-to-date: /home/andrei-dragomir/ros2_eth/install/ethercat_msgs/include/ethercat_msgs/ethercat_msgs/srv
[4.445s] -- Up-to-date: /home/andrei-dragomir/ros2_eth/install/ethercat_msgs/include/ethercat_msgs/ethercat_msgs/srv/detail
[4.445s] -- Installing: /home/andrei-dragomir/ros2_eth/install/ethercat_msgs/include/ethercat_msgs/ethercat_msgs/srv/detail/set_sdo__type_support.c
[4.446s] -- Installing: /home/andrei-dragomir/ros2_eth/install/ethercat_msgs/include/ethercat_msgs/ethercat_msgs/srv/detail/get_sdo__rosidl_typesupport_introspection_c.h
[4.446s] -- Installing: /home/andrei-dragomir/ros2_eth/install/ethercat_msgs/include/ethercat_msgs/ethercat_msgs/srv/detail/get_sdo__type_support.c
[4.446s] -- Installing: /home/andrei-dragomir/ros2_eth/install/ethercat_msgs/include/ethercat_msgs/ethercat_msgs/srv/detail/set_sdo__rosidl_typesupport_introspection_c.h
[4.446s] -- Installing: /home/andrei-dragomir/ros2_eth/install/ethercat_msgs/lib/libethercat_msgs__rosidl_typesupport_introspection_c.so
[4.446s] -- Set non-toolchain portion of runtime path of "/home/andrei-dragomir/ros2_eth/install/ethercat_msgs/lib/libethercat_msgs__rosidl_typesupport_introspection_c.so" to ""
[4.446s] -- Installing: /home/andrei-dragomir/ros2_eth/install/ethercat_msgs/lib/libethercat_msgs__rosidl_typesupport_c.so
[4.446s] -- Set non-toolchain portion of runtime path of "/home/andrei-dragomir/ros2_eth/install/ethercat_msgs/lib/libethercat_msgs__rosidl_typesupport_c.so" to ""
[4.446s] -- Up-to-date: /home/andrei-dragomir/ros2_eth/install/ethercat_msgs/include/ethercat_msgs/ethercat_msgs
[4.446s] -- Up-to-date: /home/andrei-dragomir/ros2_eth/install/ethercat_msgs/include/ethercat_msgs/ethercat_msgs/msg
[4.446s] -- Installing: /home/andrei-dragomir/ros2_eth/install/ethercat_msgs/include/ethercat_msgs/ethercat_msgs/msg/rosidl_generator_cpp__visibility_control.hpp
[4.446s] -- Up-to-date: /home/andrei-dragomir/ros2_eth/install/ethercat_msgs/include/ethercat_msgs/ethercat_msgs/srv
[4.446s] -- Installing: /home/andrei-dragomir/ros2_eth/install/ethercat_msgs/include/ethercat_msgs/ethercat_msgs/srv/set_sdo.hpp
[4.446s] -- Up-to-date: /home/andrei-dragomir/ros2_eth/install/ethercat_msgs/include/ethercat_msgs/ethercat_msgs/srv/detail
[4.446s] -- Installing: /home/andrei-dragomir/ros2_eth/install/ethercat_msgs/include/ethercat_msgs/ethercat_msgs/srv/detail/get_sdo__builder.hpp
[4.446s] -- Installing: /home/andrei-dragomir/ros2_eth/install/ethercat_msgs/include/ethercat_msgs/ethercat_msgs/srv/detail/set_sdo__type_support.hpp
[4.446s] -- Installing: /home/andrei-dragomir/ros2_eth/install/ethercat_msgs/include/ethercat_msgs/ethercat_msgs/srv/detail/set_sdo__traits.hpp
[4.446s] -- Installing: /home/andrei-dragomir/ros2_eth/install/ethercat_msgs/include/ethercat_msgs/ethercat_msgs/srv/detail/get_sdo__type_support.hpp
[4.446s] -- Installing: /home/andrei-dragomir/ros2_eth/install/ethercat_msgs/include/ethercat_msgs/ethercat_msgs/srv/detail/set_sdo__struct.hpp
[4.446s] -- Installing: /home/andrei-dragomir/ros2_eth/install/ethercat_msgs/include/ethercat_msgs/ethercat_msgs/srv/detail/get_sdo__struct.hpp
[4.446s] -- Installing: /home/andrei-dragomir/ros2_eth/install/ethercat_msgs/include/ethercat_msgs/ethercat_msgs/srv/detail/get_sdo__traits.hpp
[4.446s] -- Installing: /home/andrei-dragomir/ros2_eth/install/ethercat_msgs/include/ethercat_msgs/ethercat_msgs/srv/detail/set_sdo__builder.hpp
[4.446s] -- Installing: /home/andrei-dragomir/ros2_eth/install/ethercat_msgs/include/ethercat_msgs/ethercat_msgs/srv/get_sdo.hpp
[4.446s] -- Up-to-date: /home/andrei-dragomir/ros2_eth/install/ethercat_msgs/include/ethercat_msgs/ethercat_msgs
[4.447s] -- Up-to-date: /home/andrei-dragomir/ros2_eth/install/ethercat_msgs/include/ethercat_msgs/ethercat_msgs/msg
[4.447s] -- Installing: /home/andrei-dragomir/ros2_eth/install/ethercat_msgs/include/ethercat_msgs/ethercat_msgs/msg/rosidl_typesupport_fastrtps_cpp__visibility_control.h
[4.447s] -- Up-to-date: /home/andrei-dragomir/ros2_eth/install/ethercat_msgs/include/ethercat_msgs/ethercat_msgs/srv
[4.447s] -- Up-to-date: /home/andrei-dragomir/ros2_eth/install/ethercat_msgs/include/ethercat_msgs/ethercat_msgs/srv/detail
[4.447s] -- Installing: /home/andrei-dragomir/ros2_eth/install/ethercat_msgs/include/ethercat_msgs/ethercat_msgs/srv/detail/set_sdo__rosidl_typesupport_fastrtps_cpp.hpp
[4.447s] -- Installing: /home/andrei-dragomir/ros2_eth/install/ethercat_msgs/include/ethercat_msgs/ethercat_msgs/srv/detail/get_sdo__rosidl_typesupport_fastrtps_cpp.hpp
[4.447s] -- Installing: /home/andrei-dragomir/ros2_eth/install/ethercat_msgs/include/ethercat_msgs/ethercat_msgs/srv/detail/dds_fastrtps
[4.447s] -- Installing: /home/andrei-dragomir/ros2_eth/install/ethercat_msgs/lib/libethercat_msgs__rosidl_typesupport_fastrtps_cpp.so
[4.447s] -- Set non-toolchain portion of runtime path of "/home/andrei-dragomir/ros2_eth/install/ethercat_msgs/lib/libethercat_msgs__rosidl_typesupport_fastrtps_cpp.so" to ""
[4.447s] -- Up-to-date: /home/andrei-dragomir/ros2_eth/install/ethercat_msgs/include/ethercat_msgs/ethercat_msgs
[4.447s] -- Up-to-date: /home/andrei-dragomir/ros2_eth/install/ethercat_msgs/include/ethercat_msgs/ethercat_msgs/srv
[4.447s] -- Up-to-date: /home/andrei-dragomir/ros2_eth/install/ethercat_msgs/include/ethercat_msgs/ethercat_msgs/srv/detail
[4.447s] -- Installing: /home/andrei-dragomir/ros2_eth/install/ethercat_msgs/include/ethercat_msgs/ethercat_msgs/srv/detail/get_sdo__type_support.cpp
[4.447s] -- Installing: /home/andrei-dragomir/ros2_eth/install/ethercat_msgs/include/ethercat_msgs/ethercat_msgs/srv/detail/get_sdo__rosidl_typesupport_introspection_cpp.hpp
[4.447s] -- Installing: /home/andrei-dragomir/ros2_eth/install/ethercat_msgs/include/ethercat_msgs/ethercat_msgs/srv/detail/set_sdo__type_support.cpp
[4.447s] -- Installing: /home/andrei-dragomir/ros2_eth/install/ethercat_msgs/include/ethercat_msgs/ethercat_msgs/srv/detail/set_sdo__rosidl_typesupport_introspection_cpp.hpp
[4.447s] -- Installing: /home/andrei-dragomir/ros2_eth/install/ethercat_msgs/lib/libethercat_msgs__rosidl_typesupport_introspection_cpp.so
[4.447s] -- Set non-toolchain portion of runtime path of "/home/andrei-dragomir/ros2_eth/install/ethercat_msgs/lib/libethercat_msgs__rosidl_typesupport_introspection_cpp.so" to ""
[4.447s] -- Installing: /home/andrei-dragomir/ros2_eth/install/ethercat_msgs/lib/libethercat_msgs__rosidl_typesupport_cpp.so
[4.448s] -- Set non-toolchain portion of runtime path of "/home/andrei-dragomir/ros2_eth/install/ethercat_msgs/lib/libethercat_msgs__rosidl_typesupport_cpp.so" to ""
[4.448s] -- Installing: /home/andrei-dragomir/ros2_eth/install/ethercat_msgs/share/ethercat_msgs/environment/pythonpath.sh
[4.448s] -- Installing: /home/andrei-dragomir/ros2_eth/install/ethercat_msgs/share/ethercat_msgs/environment/pythonpath.dsv
[4.448s] -- Installing: /home/andrei-dragomir/ros2_eth/install/ethercat_msgs/lib/python3.12/site-packages/ethercat_msgs-1.2.0-py3.12.egg-info
[4.448s] -- Installing: /home/andrei-dragomir/ros2_eth/install/ethercat_msgs/lib/python3.12/site-packages/ethercat_msgs-1.2.0-py3.12.egg-info/top_level.txt
[4.448s] -- Installing: /home/andrei-dragomir/ros2_eth/install/ethercat_msgs/lib/python3.12/site-packages/ethercat_msgs-1.2.0-py3.12.egg-info/SOURCES.txt
[4.448s] -- Installing: /home/andrei-dragomir/ros2_eth/install/ethercat_msgs/lib/python3.12/site-packages/ethercat_msgs-1.2.0-py3.12.egg-info/dependency_links.txt
[4.448s] -- Installing: /home/andrei-dragomir/ros2_eth/install/ethercat_msgs/lib/python3.12/site-packages/ethercat_msgs-1.2.0-py3.12.egg-info/PKG-INFO
[4.448s] -- Installing: /home/andrei-dragomir/ros2_eth/install/ethercat_msgs/lib/python3.12/site-packages/ethercat_msgs
[4.448s] -- Installing: /home/andrei-dragomir/ros2_eth/install/ethercat_msgs/lib/python3.12/site-packages/ethercat_msgs/_ethercat_msgs_s.ep.rosidl_typesupport_introspection_c.c
[4.448s] -- Installing: /home/andrei-dragomir/ros2_eth/install/ethercat_msgs/lib/python3.12/site-packages/ethercat_msgs/_ethercat_msgs_s.ep.rosidl_typesupport_c.c
[4.448s] -- Installing: /home/andrei-dragomir/ros2_eth/install/ethercat_msgs/lib/python3.12/site-packages/ethercat_msgs/ethercat_msgs_s__rosidl_typesupport_fastrtps_c.so
[4.448s] -- Installing: /home/andrei-dragomir/ros2_eth/install/ethercat_msgs/lib/python3.12/site-packages/ethercat_msgs/srv
[4.448s] -- Installing: /home/andrei-dragomir/ros2_eth/install/ethercat_msgs/lib/python3.12/site-packages/ethercat_msgs/srv/_get_sdo_s.c
[4.448s] -- Installing: /home/andrei-dragomir/ros2_eth/install/ethercat_msgs/lib/python3.12/site-packages/ethercat_msgs/srv/_get_sdo.py
[4.448s] -- Installing: /home/andrei-dragomir/ros2_eth/install/ethercat_msgs/lib/python3.12/site-packages/ethercat_msgs/srv/_set_sdo.py
[4.448s] -- Installing: /home/andrei-dragomir/ros2_eth/install/ethercat_msgs/lib/python3.12/site-packages/ethercat_msgs/srv/__init__.py
[4.448s] -- Installing: /home/andrei-dragomir/ros2_eth/install/ethercat_msgs/lib/python3.12/site-packages/ethercat_msgs/srv/_set_sdo_s.c
[4.448s] -- Installing: /home/andrei-dragomir/ros2_eth/install/ethercat_msgs/lib/python3.12/site-packages/ethercat_msgs/ethercat_msgs_s__rosidl_typesupport_c.so
[4.448s] -- Installing: /home/andrei-dragomir/ros2_eth/install/ethercat_msgs/lib/python3.12/site-packages/ethercat_msgs/_ethercat_msgs_s.ep.rosidl_typesupport_fastrtps_c.c
[4.449s] -- Installing: /home/andrei-dragomir/ros2_eth/install/ethercat_msgs/lib/python3.12/site-packages/ethercat_msgs/__init__.py
[4.449s] -- Installing: /home/andrei-dragomir/ros2_eth/install/ethercat_msgs/lib/python3.12/site-packages/ethercat_msgs/ethercat_msgs_s__rosidl_typesupport_introspection_c.so
[4.477s] Listing '/home/andrei-dragomir/ros2_eth/install/ethercat_msgs/lib/python3.12/site-packages/ethercat_msgs'...
[4.477s] Compiling '/home/andrei-dragomir/ros2_eth/install/ethercat_msgs/lib/python3.12/site-packages/ethercat_msgs/__init__.py'...
[4.477s] Listing '/home/andrei-dragomir/ros2_eth/install/ethercat_msgs/lib/python3.12/site-packages/ethercat_msgs/srv'...
[4.477s] Compiling '/home/andrei-dragomir/ros2_eth/install/ethercat_msgs/lib/python3.12/site-packages/ethercat_msgs/srv/__init__.py'...
[4.477s] Compiling '/home/andrei-dragomir/ros2_eth/install/ethercat_msgs/lib/python3.12/site-packages/ethercat_msgs/srv/_get_sdo.py'...
[4.477s] Compiling '/home/andrei-dragomir/ros2_eth/install/ethercat_msgs/lib/python3.12/site-packages/ethercat_msgs/srv/_set_sdo.py'...
[4.481s] -- Installing: /home/andrei-dragomir/ros2_eth/install/ethercat_msgs/lib/python3.12/site-packages/ethercat_msgs/ethercat_msgs_s__rosidl_typesupport_fastrtps_c.so
[4.481s] -- Set non-toolchain portion of runtime path of "/home/andrei-dragomir/ros2_eth/install/ethercat_msgs/lib/python3.12/site-packages/ethercat_msgs/ethercat_msgs_s__rosidl_typesupport_fastrtps_c.so" to ""
[4.481s] -- Installing: /home/andrei-dragomir/ros2_eth/install/ethercat_msgs/lib/python3.12/site-packages/ethercat_msgs/ethercat_msgs_s__rosidl_typesupport_introspection_c.so
[4.481s] -- Set non-toolchain portion of runtime path of "/home/andrei-dragomir/ros2_eth/install/ethercat_msgs/lib/python3.12/site-packages/ethercat_msgs/ethercat_msgs_s__rosidl_typesupport_introspection_c.so" to ""
[4.481s] -- Installing: /home/andrei-dragomir/ros2_eth/install/ethercat_msgs/lib/python3.12/site-packages/ethercat_msgs/ethercat_msgs_s__rosidl_typesupport_c.so
[4.481s] -- Set non-toolchain portion of runtime path of "/home/andrei-dragomir/ros2_eth/install/ethercat_msgs/lib/python3.12/site-packages/ethercat_msgs/ethercat_msgs_s__rosidl_typesupport_c.so" to ""
[4.481s] -- Installing: /home/andrei-dragomir/ros2_eth/install/ethercat_msgs/lib/libethercat_msgs__rosidl_generator_py.so
[4.481s] -- Set non-toolchain portion of runtime path of "/home/andrei-dragomir/ros2_eth/install/ethercat_msgs/lib/libethercat_msgs__rosidl_generator_py.so" to ""
[4.481s] -- Installing: /home/andrei-dragomir/ros2_eth/install/ethercat_msgs/share/ethercat_msgs/srv/SetSdo.idl
[4.481s] -- Installing: /home/andrei-dragomir/ros2_eth/install/ethercat_msgs/share/ethercat_msgs/srv/GetSdo.idl
[4.481s] -- Installing: /home/andrei-dragomir/ros2_eth/install/ethercat_msgs/share/ethercat_msgs/srv/SetSdo.srv
[4.481s] -- Installing: /home/andrei-dragomir/ros2_eth/install/ethercat_msgs/share/ethercat_msgs/srv/GetSdo.srv
[4.481s] -- Installing: /home/andrei-dragomir/ros2_eth/install/ethercat_msgs/share/ament_index/resource_index/package_run_dependencies/ethercat_msgs
[4.481s] -- Installing: /home/andrei-dragomir/ros2_eth/install/ethercat_msgs/share/ament_index/resource_index/parent_prefix_path/ethercat_msgs
[4.481s] -- Installing: /home/andrei-dragomir/ros2_eth/install/ethercat_msgs/share/ethercat_msgs/environment/ament_prefix_path.sh
[4.481s] -- Installing: /home/andrei-dragomir/ros2_eth/install/ethercat_msgs/share/ethercat_msgs/environment/ament_prefix_path.dsv
[4.482s] -- Installing: /home/andrei-dragomir/ros2_eth/install/ethercat_msgs/share/ethercat_msgs/environment/path.sh
[4.482s] -- Installing: /home/andrei-dragomir/ros2_eth/install/ethercat_msgs/share/ethercat_msgs/environment/path.dsv
[4.482s] -- Installing: /home/andrei-dragomir/ros2_eth/install/ethercat_msgs/share/ethercat_msgs/local_setup.bash
[4.482s] -- Installing: /home/andrei-dragomir/ros2_eth/install/ethercat_msgs/share/ethercat_msgs/local_setup.sh
[4.482s] -- Installing: /home/andrei-dragomir/ros2_eth/install/ethercat_msgs/share/ethercat_msgs/local_setup.zsh
[4.482s] -- Installing: /home/andrei-dragomir/ros2_eth/install/ethercat_msgs/share/ethercat_msgs/local_setup.dsv
[4.482s] -- Installing: /home/andrei-dragomir/ros2_eth/install/ethercat_msgs/share/ethercat_msgs/package.dsv
[4.482s] -- Installing: /home/andrei-dragomir/ros2_eth/install/ethercat_msgs/share/ament_index/resource_index/packages/ethercat_msgs
[4.482s] -- Installing: /home/andrei-dragomir/ros2_eth/install/ethercat_msgs/share/ethercat_msgs/cmake/export_ethercat_msgs__rosidl_generator_cExport.cmake
[4.482s] -- Installing: /home/andrei-dragomir/ros2_eth/install/ethercat_msgs/share/ethercat_msgs/cmake/export_ethercat_msgs__rosidl_generator_cExport-noconfig.cmake
[4.482s] -- Installing: /home/andrei-dragomir/ros2_eth/install/ethercat_msgs/share/ethercat_msgs/cmake/export_ethercat_msgs__rosidl_typesupport_fastrtps_cExport.cmake
[4.482s] -- Installing: /home/andrei-dragomir/ros2_eth/install/ethercat_msgs/share/ethercat_msgs/cmake/export_ethercat_msgs__rosidl_typesupport_fastrtps_cExport-noconfig.cmake
[4.482s] -- Installing: /home/andrei-dragomir/ros2_eth/install/ethercat_msgs/share/ethercat_msgs/cmake/ethercat_msgs__rosidl_typesupport_introspection_cExport.cmake
[4.482s] -- Installing: /home/andrei-dragomir/ros2_eth/install/ethercat_msgs/share/ethercat_msgs/cmake/ethercat_msgs__rosidl_typesupport_introspection_cExport-noconfig.cmake
[4.482s] -- Installing: /home/andrei-dragomir/ros2_eth/install/ethercat_msgs/share/ethercat_msgs/cmake/ethercat_msgs__rosidl_typesupport_cExport.cmake
[4.482s] -- Installing: /home/andrei-dragomir/ros2_eth/install/ethercat_msgs/share/ethercat_msgs/cmake/ethercat_msgs__rosidl_typesupport_cExport-noconfig.cmake
[4.482s] -- Installing: /home/andrei-dragomir/ros2_eth/install/ethercat_msgs/share/ethercat_msgs/cmake/export_ethercat_msgs__rosidl_generator_cppExport.cmake
[4.482s] -- Installing: /home/andrei-dragomir/ros2_eth/install/ethercat_msgs/share/ethercat_msgs/cmake/export_ethercat_msgs__rosidl_typesupport_fastrtps_cppExport.cmake
[4.482s] -- Installing: /home/andrei-dragomir/ros2_eth/install/ethercat_msgs/share/ethercat_msgs/cmake/export_ethercat_msgs__rosidl_typesupport_fastrtps_cppExport-noconfig.cmake
[4.482s] -- Installing: /home/andrei-dragomir/ros2_eth/install/ethercat_msgs/share/ethercat_msgs/cmake/ethercat_msgs__rosidl_typesupport_introspection_cppExport.cmake
[4.482s] -- Installing: /home/andrei-dragomir/ros2_eth/install/ethercat_msgs/share/ethercat_msgs/cmake/ethercat_msgs__rosidl_typesupport_introspection_cppExport-noconfig.cmake
[4.482s] -- Installing: /home/andrei-dragomir/ros2_eth/install/ethercat_msgs/share/ethercat_msgs/cmake/ethercat_msgs__rosidl_typesupport_cppExport.cmake
[4.483s] -- Installing: /home/andrei-dragomir/ros2_eth/install/ethercat_msgs/share/ethercat_msgs/cmake/ethercat_msgs__rosidl_typesupport_cppExport-noconfig.cmake
[4.483s] -- Installing: /home/andrei-dragomir/ros2_eth/install/ethercat_msgs/share/ethercat_msgs/cmake/export_ethercat_msgs__rosidl_generator_pyExport.cmake
[4.483s] -- Installing: /home/andrei-dragomir/ros2_eth/install/ethercat_msgs/share/ethercat_msgs/cmake/export_ethercat_msgs__rosidl_generator_pyExport-noconfig.cmake
[4.483s] -- Installing: /home/andrei-dragomir/ros2_eth/install/ethercat_msgs/share/ethercat_msgs/cmake/rosidl_cmake-extras.cmake
[4.483s] -- Installing: /home/andrei-dragomir/ros2_eth/install/ethercat_msgs/share/ethercat_msgs/cmake/ament_cmake_export_dependencies-extras.cmake
[4.483s] -- Installing: /home/andrei-dragomir/ros2_eth/install/ethercat_msgs/share/ethercat_msgs/cmake/ament_cmake_export_include_directories-extras.cmake
[4.483s] -- Installing: /home/andrei-dragomir/ros2_eth/install/ethercat_msgs/share/ethercat_msgs/cmake/ament_cmake_export_libraries-extras.cmake
[4.483s] -- Installing: /home/andrei-dragomir/ros2_eth/install/ethercat_msgs/share/ethercat_msgs/cmake/ament_cmake_export_targets-extras.cmake
[4.483s] -- Installing: /home/andrei-dragomir/ros2_eth/install/ethercat_msgs/share/ethercat_msgs/cmake/rosidl_cmake_export_typesupport_targets-extras.cmake
[4.483s] -- Installing: /home/andrei-dragomir/ros2_eth/install/ethercat_msgs/share/ethercat_msgs/cmake/rosidl_cmake_export_typesupport_libraries-extras.cmake
[4.483s] -- Installing: /home/andrei-dragomir/ros2_eth/install/ethercat_msgs/share/ethercat_msgs/cmake/ethercat_msgsConfig.cmake
[4.483s] -- Installing: /home/andrei-dragomir/ros2_eth/install/ethercat_msgs/share/ethercat_msgs/cmake/ethercat_msgsConfig-version.cmake
[4.483s] -- Installing: /home/andrei-dragomir/ros2_eth/install/ethercat_msgs/share/ethercat_msgs/package.xml
[4.484s] Invoked command in '/home/andrei-dragomir/ros2_eth/build/ethercat_msgs' returned '0': CMAKE_PREFIX_PATH=${CMAKE_PREFIX_PATH}:/home/andrei-dragomir/ws_moveit/install/moveit_configs_utils:/opt/ros/jazzy DEBUGINFOD_URLS=https://debuginfod.ubuntu.com /usr/bin/cmake --install /home/andrei-dragomir/ros2_eth/build/ethercat_msgs
