[0.009s] Invoking command in '/home/andrei-dragomir/ros2_eth/build/ethercat_msgs': CMAKE_PREFIX_PATH=${CMAKE_PREFIX_PATH}:/home/andrei-dragomir/ws_moveit/install/moveit_configs_utils:/opt/ros/jazzy DEBUGINFOD_URLS=https://debuginfod.ubuntu.com /usr/bin/cmake --build /home/andrei-dragomir/ros2_eth/build/ethercat_msgs -- -j24 -l24
[0.029s] [  2%] Built target ethercat_msgs__rosidl_generator_type_description
[0.032s] [  2%] Built target ament_cmake_python_copy_ethercat_msgs
[0.036s] [  4%] Built target ethercat_msgs__cpp
[0.038s] [ 22%] Built target ethercat_msgs__rosidl_generator_c
[0.047s] [ 40%] Built target ethercat_msgs__rosidl_typesupport_cpp
[0.047s] [ 40%] Built target ethercat_msgs__rosidl_typesupport_introspection_c
[0.047s] [ 50%] Built target ethercat_msgs__rosidl_typesupport_c
[0.048s] [ 61%] Built target ethercat_msgs__rosidl_typesupport_fastrtps_c
[0.048s] [ 68%] Built target ethercat_msgs__rosidl_typesupport_fastrtps_cpp
[0.048s] [ 77%] Built target ethercat_msgs__rosidl_typesupport_introspection_cpp
[0.055s] [ 77%] Built target ethercat_msgs
[0.062s] [ 79%] Built target ethercat_msgs__py
[0.071s] [ 86%] Built target ethercat_msgs__rosidl_generator_py
[0.079s] [ 90%] Built target ethercat_msgs_s__rosidl_typesupport_introspection_c
[0.079s] [ 95%] Built target ethercat_msgs_s__rosidl_typesupport_fastrtps_c
[0.079s] [100%] Built target ethercat_msgs_s__rosidl_typesupport_c
[0.155s] running egg_info
[0.165s] writing ethercat_msgs.egg-info/PKG-INFO
[0.165s] writing dependency_links to ethercat_msgs.egg-info/dependency_links.txt
[0.166s] writing top-level names to ethercat_msgs.egg-info/top_level.txt
[0.197s] reading manifest file 'ethercat_msgs.egg-info/SOURCES.txt'
[0.197s] writing manifest file 'ethercat_msgs.egg-info/SOURCES.txt'
[0.210s] [100%] Built target ament_cmake_python_build_ethercat_msgs_egg
[0.214s] Invoked command in '/home/andrei-dragomir/ros2_eth/build/ethercat_msgs' returned '0': CMAKE_PREFIX_PATH=${CMAKE_PREFIX_PATH}:/home/andrei-dragomir/ws_moveit/install/moveit_configs_utils:/opt/ros/jazzy DEBUGINFOD_URLS=https://debuginfod.ubuntu.com /usr/bin/cmake --build /home/andrei-dragomir/ros2_eth/build/ethercat_msgs -- -j24 -l24
[0.215s] Invoking command in '/home/andrei-dragomir/ros2_eth/build/ethercat_msgs': CMAKE_PREFIX_PATH=${CMAKE_PREFIX_PATH}:/home/andrei-dragomir/ws_moveit/install/moveit_configs_utils:/opt/ros/jazzy DEBUGINFOD_URLS=https://debuginfod.ubuntu.com /usr/bin/cmake --install /home/andrei-dragomir/ros2_eth/build/ethercat_msgs
[0.218s] -- Install configuration: ""
[0.218s] -- Up-to-date: /home/andrei-dragomir/ros2_eth/install/ethercat_msgs/share/ament_index/resource_index/rosidl_interfaces/ethercat_msgs
[0.218s] -- Up-to-date: /home/andrei-dragomir/ros2_eth/install/ethercat_msgs/share/ethercat_msgs/srv/SetSdo.json
[0.218s] -- Up-to-date: /home/andrei-dragomir/ros2_eth/install/ethercat_msgs/share/ethercat_msgs/srv/GetSdo.json
[0.218s] -- Up-to-date: /home/andrei-dragomir/ros2_eth/install/ethercat_msgs/include/ethercat_msgs/ethercat_msgs
[0.218s] -- Up-to-date: /home/andrei-dragomir/ros2_eth/install/ethercat_msgs/include/ethercat_msgs/ethercat_msgs/msg
[0.218s] -- Up-to-date: /home/andrei-dragomir/ros2_eth/install/ethercat_msgs/include/ethercat_msgs/ethercat_msgs/msg/rosidl_generator_c__visibility_control.h
[0.218s] -- Up-to-date: /home/andrei-dragomir/ros2_eth/install/ethercat_msgs/include/ethercat_msgs/ethercat_msgs/srv
[0.218s] -- Up-to-date: /home/andrei-dragomir/ros2_eth/install/ethercat_msgs/include/ethercat_msgs/ethercat_msgs/srv/get_sdo.h
[0.218s] -- Up-to-date: /home/andrei-dragomir/ros2_eth/install/ethercat_msgs/include/ethercat_msgs/ethercat_msgs/srv/set_sdo.h
[0.218s] -- Up-to-date: /home/andrei-dragomir/ros2_eth/install/ethercat_msgs/include/ethercat_msgs/ethercat_msgs/srv/detail
[0.218s] -- Up-to-date: /home/andrei-dragomir/ros2_eth/install/ethercat_msgs/include/ethercat_msgs/ethercat_msgs/srv/detail/get_sdo__description.c
[0.218s] -- Up-to-date: /home/andrei-dragomir/ros2_eth/install/ethercat_msgs/include/ethercat_msgs/ethercat_msgs/srv/detail/set_sdo__type_support.c
[0.218s] -- Up-to-date: /home/andrei-dragomir/ros2_eth/install/ethercat_msgs/include/ethercat_msgs/ethercat_msgs/srv/detail/set_sdo__functions.c
[0.219s] -- Up-to-date: /home/andrei-dragomir/ros2_eth/install/ethercat_msgs/include/ethercat_msgs/ethercat_msgs/srv/detail/set_sdo__type_support.h
[0.219s] -- Up-to-date: /home/andrei-dragomir/ros2_eth/install/ethercat_msgs/include/ethercat_msgs/ethercat_msgs/srv/detail/get_sdo__struct.h
[0.219s] -- Up-to-date: /home/andrei-dragomir/ros2_eth/install/ethercat_msgs/include/ethercat_msgs/ethercat_msgs/srv/detail/set_sdo__description.c
[0.219s] -- Up-to-date: /home/andrei-dragomir/ros2_eth/install/ethercat_msgs/include/ethercat_msgs/ethercat_msgs/srv/detail/get_sdo__type_support.c
[0.219s] -- Up-to-date: /home/andrei-dragomir/ros2_eth/install/ethercat_msgs/include/ethercat_msgs/ethercat_msgs/srv/detail/set_sdo__struct.h
[0.219s] -- Up-to-date: /home/andrei-dragomir/ros2_eth/install/ethercat_msgs/include/ethercat_msgs/ethercat_msgs/srv/detail/get_sdo__type_support.h
[0.219s] -- Up-to-date: /home/andrei-dragomir/ros2_eth/install/ethercat_msgs/include/ethercat_msgs/ethercat_msgs/srv/detail/get_sdo__functions.c
[0.219s] -- Up-to-date: /home/andrei-dragomir/ros2_eth/install/ethercat_msgs/include/ethercat_msgs/ethercat_msgs/srv/detail/set_sdo__functions.h
[0.219s] -- Up-to-date: /home/andrei-dragomir/ros2_eth/install/ethercat_msgs/include/ethercat_msgs/ethercat_msgs/srv/detail/get_sdo__functions.h
[0.219s] -- Up-to-date: /home/andrei-dragomir/ros2_eth/install/ethercat_msgs/share/ethercat_msgs/environment/library_path.sh
[0.219s] -- Up-to-date: /home/andrei-dragomir/ros2_eth/install/ethercat_msgs/share/ethercat_msgs/environment/library_path.dsv
[0.219s] -- Up-to-date: /home/andrei-dragomir/ros2_eth/install/ethercat_msgs/lib/libethercat_msgs__rosidl_generator_c.so
[0.219s] -- Up-to-date: /home/andrei-dragomir/ros2_eth/install/ethercat_msgs/include/ethercat_msgs/ethercat_msgs
[0.219s] -- Up-to-date: /home/andrei-dragomir/ros2_eth/install/ethercat_msgs/include/ethercat_msgs/ethercat_msgs/msg
[0.219s] -- Up-to-date: /home/andrei-dragomir/ros2_eth/install/ethercat_msgs/include/ethercat_msgs/ethercat_msgs/msg/rosidl_typesupport_fastrtps_c__visibility_control.h
[0.219s] -- Up-to-date: /home/andrei-dragomir/ros2_eth/install/ethercat_msgs/include/ethercat_msgs/ethercat_msgs/srv
[0.219s] -- Up-to-date: /home/andrei-dragomir/ros2_eth/install/ethercat_msgs/include/ethercat_msgs/ethercat_msgs/srv/detail
[0.219s] -- Up-to-date: /home/andrei-dragomir/ros2_eth/install/ethercat_msgs/include/ethercat_msgs/ethercat_msgs/srv/detail/set_sdo__rosidl_typesupport_fastrtps_c.h
[0.219s] -- Up-to-date: /home/andrei-dragomir/ros2_eth/install/ethercat_msgs/include/ethercat_msgs/ethercat_msgs/srv/detail/get_sdo__rosidl_typesupport_fastrtps_c.h
[0.219s] -- Up-to-date: /home/andrei-dragomir/ros2_eth/install/ethercat_msgs/lib/libethercat_msgs__rosidl_typesupport_fastrtps_c.so
[0.219s] -- Up-to-date: /home/andrei-dragomir/ros2_eth/install/ethercat_msgs/include/ethercat_msgs/ethercat_msgs
[0.219s] -- Up-to-date: /home/andrei-dragomir/ros2_eth/install/ethercat_msgs/include/ethercat_msgs/ethercat_msgs/msg
[0.219s] -- Up-to-date: /home/andrei-dragomir/ros2_eth/install/ethercat_msgs/include/ethercat_msgs/ethercat_msgs/msg/rosidl_typesupport_introspection_c__visibility_control.h
[0.219s] -- Up-to-date: /home/andrei-dragomir/ros2_eth/install/ethercat_msgs/include/ethercat_msgs/ethercat_msgs/srv
[0.219s] -- Up-to-date: /home/andrei-dragomir/ros2_eth/install/ethercat_msgs/include/ethercat_msgs/ethercat_msgs/srv/detail
[0.219s] -- Up-to-date: /home/andrei-dragomir/ros2_eth/install/ethercat_msgs/include/ethercat_msgs/ethercat_msgs/srv/detail/set_sdo__type_support.c
[0.219s] -- Up-to-date: /home/andrei-dragomir/ros2_eth/install/ethercat_msgs/include/ethercat_msgs/ethercat_msgs/srv/detail/get_sdo__rosidl_typesupport_introspection_c.h
[0.220s] -- Up-to-date: /home/andrei-dragomir/ros2_eth/install/ethercat_msgs/include/ethercat_msgs/ethercat_msgs/srv/detail/get_sdo__type_support.c
[0.220s] -- Up-to-date: /home/andrei-dragomir/ros2_eth/install/ethercat_msgs/include/ethercat_msgs/ethercat_msgs/srv/detail/set_sdo__rosidl_typesupport_introspection_c.h
[0.220s] -- Up-to-date: /home/andrei-dragomir/ros2_eth/install/ethercat_msgs/lib/libethercat_msgs__rosidl_typesupport_introspection_c.so
[0.220s] -- Up-to-date: /home/andrei-dragomir/ros2_eth/install/ethercat_msgs/lib/libethercat_msgs__rosidl_typesupport_c.so
[0.220s] -- Up-to-date: /home/andrei-dragomir/ros2_eth/install/ethercat_msgs/include/ethercat_msgs/ethercat_msgs
[0.220s] -- Up-to-date: /home/andrei-dragomir/ros2_eth/install/ethercat_msgs/include/ethercat_msgs/ethercat_msgs/msg
[0.220s] -- Up-to-date: /home/andrei-dragomir/ros2_eth/install/ethercat_msgs/include/ethercat_msgs/ethercat_msgs/msg/rosidl_generator_cpp__visibility_control.hpp
[0.220s] -- Up-to-date: /home/andrei-dragomir/ros2_eth/install/ethercat_msgs/include/ethercat_msgs/ethercat_msgs/srv
[0.220s] -- Up-to-date: /home/andrei-dragomir/ros2_eth/install/ethercat_msgs/include/ethercat_msgs/ethercat_msgs/srv/set_sdo.hpp
[0.220s] -- Up-to-date: /home/andrei-dragomir/ros2_eth/install/ethercat_msgs/include/ethercat_msgs/ethercat_msgs/srv/detail
[0.220s] -- Up-to-date: /home/andrei-dragomir/ros2_eth/install/ethercat_msgs/include/ethercat_msgs/ethercat_msgs/srv/detail/get_sdo__builder.hpp
[0.220s] -- Up-to-date: /home/andrei-dragomir/ros2_eth/install/ethercat_msgs/include/ethercat_msgs/ethercat_msgs/srv/detail/set_sdo__type_support.hpp
[0.220s] -- Up-to-date: /home/andrei-dragomir/ros2_eth/install/ethercat_msgs/include/ethercat_msgs/ethercat_msgs/srv/detail/set_sdo__traits.hpp
[0.220s] -- Up-to-date: /home/andrei-dragomir/ros2_eth/install/ethercat_msgs/include/ethercat_msgs/ethercat_msgs/srv/detail/get_sdo__type_support.hpp
[0.220s] -- Up-to-date: /home/andrei-dragomir/ros2_eth/install/ethercat_msgs/include/ethercat_msgs/ethercat_msgs/srv/detail/set_sdo__struct.hpp
[0.220s] -- Up-to-date: /home/andrei-dragomir/ros2_eth/install/ethercat_msgs/include/ethercat_msgs/ethercat_msgs/srv/detail/get_sdo__struct.hpp
[0.220s] -- Up-to-date: /home/andrei-dragomir/ros2_eth/install/ethercat_msgs/include/ethercat_msgs/ethercat_msgs/srv/detail/get_sdo__traits.hpp
[0.220s] -- Up-to-date: /home/andrei-dragomir/ros2_eth/install/ethercat_msgs/include/ethercat_msgs/ethercat_msgs/srv/detail/set_sdo__builder.hpp
[0.220s] -- Up-to-date: /home/andrei-dragomir/ros2_eth/install/ethercat_msgs/include/ethercat_msgs/ethercat_msgs/srv/get_sdo.hpp
[0.220s] -- Up-to-date: /home/andrei-dragomir/ros2_eth/install/ethercat_msgs/include/ethercat_msgs/ethercat_msgs
[0.220s] -- Up-to-date: /home/andrei-dragomir/ros2_eth/install/ethercat_msgs/include/ethercat_msgs/ethercat_msgs/msg
[0.220s] -- Up-to-date: /home/andrei-dragomir/ros2_eth/install/ethercat_msgs/include/ethercat_msgs/ethercat_msgs/msg/rosidl_typesupport_fastrtps_cpp__visibility_control.h
[0.220s] -- Up-to-date: /home/andrei-dragomir/ros2_eth/install/ethercat_msgs/include/ethercat_msgs/ethercat_msgs/srv
[0.220s] -- Up-to-date: /home/andrei-dragomir/ros2_eth/install/ethercat_msgs/include/ethercat_msgs/ethercat_msgs/srv/detail
[0.220s] -- Up-to-date: /home/andrei-dragomir/ros2_eth/install/ethercat_msgs/include/ethercat_msgs/ethercat_msgs/srv/detail/set_sdo__rosidl_typesupport_fastrtps_cpp.hpp
[0.220s] -- Up-to-date: /home/andrei-dragomir/ros2_eth/install/ethercat_msgs/include/ethercat_msgs/ethercat_msgs/srv/detail/get_sdo__rosidl_typesupport_fastrtps_cpp.hpp
[0.220s] -- Up-to-date: /home/andrei-dragomir/ros2_eth/install/ethercat_msgs/include/ethercat_msgs/ethercat_msgs/srv/detail/dds_fastrtps
[0.220s] -- Up-to-date: /home/andrei-dragomir/ros2_eth/install/ethercat_msgs/lib/libethercat_msgs__rosidl_typesupport_fastrtps_cpp.so
[0.221s] -- Up-to-date: /home/andrei-dragomir/ros2_eth/install/ethercat_msgs/include/ethercat_msgs/ethercat_msgs
[0.221s] -- Up-to-date: /home/andrei-dragomir/ros2_eth/install/ethercat_msgs/include/ethercat_msgs/ethercat_msgs/srv
[0.221s] -- Up-to-date: /home/andrei-dragomir/ros2_eth/install/ethercat_msgs/include/ethercat_msgs/ethercat_msgs/srv/detail
[0.221s] -- Up-to-date: /home/andrei-dragomir/ros2_eth/install/ethercat_msgs/include/ethercat_msgs/ethercat_msgs/srv/detail/get_sdo__type_support.cpp
[0.221s] -- Up-to-date: /home/andrei-dragomir/ros2_eth/install/ethercat_msgs/include/ethercat_msgs/ethercat_msgs/srv/detail/get_sdo__rosidl_typesupport_introspection_cpp.hpp
[0.221s] -- Up-to-date: /home/andrei-dragomir/ros2_eth/install/ethercat_msgs/include/ethercat_msgs/ethercat_msgs/srv/detail/set_sdo__type_support.cpp
[0.221s] -- Up-to-date: /home/andrei-dragomir/ros2_eth/install/ethercat_msgs/include/ethercat_msgs/ethercat_msgs/srv/detail/set_sdo__rosidl_typesupport_introspection_cpp.hpp
[0.221s] -- Up-to-date: /home/andrei-dragomir/ros2_eth/install/ethercat_msgs/lib/libethercat_msgs__rosidl_typesupport_introspection_cpp.so
[0.221s] -- Up-to-date: /home/andrei-dragomir/ros2_eth/install/ethercat_msgs/lib/libethercat_msgs__rosidl_typesupport_cpp.so
[0.221s] -- Up-to-date: /home/andrei-dragomir/ros2_eth/install/ethercat_msgs/share/ethercat_msgs/environment/pythonpath.sh
[0.221s] -- Up-to-date: /home/andrei-dragomir/ros2_eth/install/ethercat_msgs/share/ethercat_msgs/environment/pythonpath.dsv
[0.221s] -- Up-to-date: /home/andrei-dragomir/ros2_eth/install/ethercat_msgs/lib/python3.12/site-packages/ethercat_msgs-1.2.0-py3.12.egg-info
[0.221s] -- Installing: /home/andrei-dragomir/ros2_eth/install/ethercat_msgs/lib/python3.12/site-packages/ethercat_msgs-1.2.0-py3.12.egg-info/top_level.txt
[0.221s] -- Installing: /home/andrei-dragomir/ros2_eth/install/ethercat_msgs/lib/python3.12/site-packages/ethercat_msgs-1.2.0-py3.12.egg-info/SOURCES.txt
[0.221s] -- Installing: /home/andrei-dragomir/ros2_eth/install/ethercat_msgs/lib/python3.12/site-packages/ethercat_msgs-1.2.0-py3.12.egg-info/dependency_links.txt
[0.221s] -- Installing: /home/andrei-dragomir/ros2_eth/install/ethercat_msgs/lib/python3.12/site-packages/ethercat_msgs-1.2.0-py3.12.egg-info/PKG-INFO
[0.221s] -- Up-to-date: /home/andrei-dragomir/ros2_eth/install/ethercat_msgs/lib/python3.12/site-packages/ethercat_msgs
[0.221s] -- Up-to-date: /home/andrei-dragomir/ros2_eth/install/ethercat_msgs/lib/python3.12/site-packages/ethercat_msgs/_ethercat_msgs_s.ep.rosidl_typesupport_introspection_c.c
[0.221s] -- Up-to-date: /home/andrei-dragomir/ros2_eth/install/ethercat_msgs/lib/python3.12/site-packages/ethercat_msgs/_ethercat_msgs_s.ep.rosidl_typesupport_c.c
[0.221s] -- Up-to-date: /home/andrei-dragomir/ros2_eth/install/ethercat_msgs/lib/python3.12/site-packages/ethercat_msgs/ethercat_msgs_s__rosidl_typesupport_fastrtps_c.so
[0.221s] -- Up-to-date: /home/andrei-dragomir/ros2_eth/install/ethercat_msgs/lib/python3.12/site-packages/ethercat_msgs/srv
[0.221s] -- Up-to-date: /home/andrei-dragomir/ros2_eth/install/ethercat_msgs/lib/python3.12/site-packages/ethercat_msgs/srv/_get_sdo_s.c
[0.221s] -- Up-to-date: /home/andrei-dragomir/ros2_eth/install/ethercat_msgs/lib/python3.12/site-packages/ethercat_msgs/srv/_get_sdo.py
[0.221s] -- Up-to-date: /home/andrei-dragomir/ros2_eth/install/ethercat_msgs/lib/python3.12/site-packages/ethercat_msgs/srv/_set_sdo.py
[0.221s] -- Up-to-date: /home/andrei-dragomir/ros2_eth/install/ethercat_msgs/lib/python3.12/site-packages/ethercat_msgs/srv/__init__.py
[0.221s] -- Up-to-date: /home/andrei-dragomir/ros2_eth/install/ethercat_msgs/lib/python3.12/site-packages/ethercat_msgs/srv/_set_sdo_s.c
[0.221s] -- Up-to-date: /home/andrei-dragomir/ros2_eth/install/ethercat_msgs/lib/python3.12/site-packages/ethercat_msgs/ethercat_msgs_s__rosidl_typesupport_c.so
[0.221s] -- Up-to-date: /home/andrei-dragomir/ros2_eth/install/ethercat_msgs/lib/python3.12/site-packages/ethercat_msgs/_ethercat_msgs_s.ep.rosidl_typesupport_fastrtps_c.c
[0.221s] -- Up-to-date: /home/andrei-dragomir/ros2_eth/install/ethercat_msgs/lib/python3.12/site-packages/ethercat_msgs/__init__.py
[0.221s] -- Up-to-date: /home/andrei-dragomir/ros2_eth/install/ethercat_msgs/lib/python3.12/site-packages/ethercat_msgs/ethercat_msgs_s__rosidl_typesupport_introspection_c.so
[0.242s] Listing '/home/andrei-dragomir/ros2_eth/install/ethercat_msgs/lib/python3.12/site-packages/ethercat_msgs'...
[0.242s] Listing '/home/andrei-dragomir/ros2_eth/install/ethercat_msgs/lib/python3.12/site-packages/ethercat_msgs/srv'...
[0.245s] -- Up-to-date: /home/andrei-dragomir/ros2_eth/install/ethercat_msgs/lib/python3.12/site-packages/ethercat_msgs/ethercat_msgs_s__rosidl_typesupport_fastrtps_c.so
[0.245s] -- Up-to-date: /home/andrei-dragomir/ros2_eth/install/ethercat_msgs/lib/python3.12/site-packages/ethercat_msgs/ethercat_msgs_s__rosidl_typesupport_introspection_c.so
[0.245s] -- Up-to-date: /home/andrei-dragomir/ros2_eth/install/ethercat_msgs/lib/python3.12/site-packages/ethercat_msgs/ethercat_msgs_s__rosidl_typesupport_c.so
[0.246s] -- Up-to-date: /home/andrei-dragomir/ros2_eth/install/ethercat_msgs/lib/libethercat_msgs__rosidl_generator_py.so
[0.246s] -- Up-to-date: /home/andrei-dragomir/ros2_eth/install/ethercat_msgs/share/ethercat_msgs/srv/SetSdo.idl
[0.246s] -- Up-to-date: /home/andrei-dragomir/ros2_eth/install/ethercat_msgs/share/ethercat_msgs/srv/GetSdo.idl
[0.246s] -- Up-to-date: /home/andrei-dragomir/ros2_eth/install/ethercat_msgs/share/ethercat_msgs/srv/SetSdo.srv
[0.246s] -- Up-to-date: /home/andrei-dragomir/ros2_eth/install/ethercat_msgs/share/ethercat_msgs/srv/GetSdo.srv
[0.246s] -- Up-to-date: /home/andrei-dragomir/ros2_eth/install/ethercat_msgs/share/ament_index/resource_index/package_run_dependencies/ethercat_msgs
[0.246s] -- Up-to-date: /home/andrei-dragomir/ros2_eth/install/ethercat_msgs/share/ament_index/resource_index/parent_prefix_path/ethercat_msgs
[0.246s] -- Up-to-date: /home/andrei-dragomir/ros2_eth/install/ethercat_msgs/share/ethercat_msgs/environment/ament_prefix_path.sh
[0.246s] -- Up-to-date: /home/andrei-dragomir/ros2_eth/install/ethercat_msgs/share/ethercat_msgs/environment/ament_prefix_path.dsv
[0.246s] -- Up-to-date: /home/andrei-dragomir/ros2_eth/install/ethercat_msgs/share/ethercat_msgs/environment/path.sh
[0.246s] -- Up-to-date: /home/andrei-dragomir/ros2_eth/install/ethercat_msgs/share/ethercat_msgs/environment/path.dsv
[0.246s] -- Up-to-date: /home/andrei-dragomir/ros2_eth/install/ethercat_msgs/share/ethercat_msgs/local_setup.bash
[0.246s] -- Up-to-date: /home/andrei-dragomir/ros2_eth/install/ethercat_msgs/share/ethercat_msgs/local_setup.sh
[0.246s] -- Up-to-date: /home/andrei-dragomir/ros2_eth/install/ethercat_msgs/share/ethercat_msgs/local_setup.zsh
[0.246s] -- Up-to-date: /home/andrei-dragomir/ros2_eth/install/ethercat_msgs/share/ethercat_msgs/local_setup.dsv
[0.246s] -- Installing: /home/andrei-dragomir/ros2_eth/install/ethercat_msgs/share/ethercat_msgs/package.dsv
[0.246s] -- Up-to-date: /home/andrei-dragomir/ros2_eth/install/ethercat_msgs/share/ament_index/resource_index/packages/ethercat_msgs
[0.246s] -- Up-to-date: /home/andrei-dragomir/ros2_eth/install/ethercat_msgs/share/ethercat_msgs/cmake/export_ethercat_msgs__rosidl_generator_cExport.cmake
[0.246s] -- Up-to-date: /home/andrei-dragomir/ros2_eth/install/ethercat_msgs/share/ethercat_msgs/cmake/export_ethercat_msgs__rosidl_generator_cExport-noconfig.cmake
[0.246s] -- Up-to-date: /home/andrei-dragomir/ros2_eth/install/ethercat_msgs/share/ethercat_msgs/cmake/export_ethercat_msgs__rosidl_typesupport_fastrtps_cExport.cmake
[0.246s] -- Up-to-date: /home/andrei-dragomir/ros2_eth/install/ethercat_msgs/share/ethercat_msgs/cmake/export_ethercat_msgs__rosidl_typesupport_fastrtps_cExport-noconfig.cmake
[0.246s] -- Up-to-date: /home/andrei-dragomir/ros2_eth/install/ethercat_msgs/share/ethercat_msgs/cmake/ethercat_msgs__rosidl_typesupport_introspection_cExport.cmake
[0.246s] -- Up-to-date: /home/andrei-dragomir/ros2_eth/install/ethercat_msgs/share/ethercat_msgs/cmake/ethercat_msgs__rosidl_typesupport_introspection_cExport-noconfig.cmake
[0.246s] -- Up-to-date: /home/andrei-dragomir/ros2_eth/install/ethercat_msgs/share/ethercat_msgs/cmake/ethercat_msgs__rosidl_typesupport_cExport.cmake
[0.246s] -- Up-to-date: /home/andrei-dragomir/ros2_eth/install/ethercat_msgs/share/ethercat_msgs/cmake/ethercat_msgs__rosidl_typesupport_cExport-noconfig.cmake
[0.246s] -- Up-to-date: /home/andrei-dragomir/ros2_eth/install/ethercat_msgs/share/ethercat_msgs/cmake/export_ethercat_msgs__rosidl_generator_cppExport.cmake
[0.246s] -- Up-to-date: /home/andrei-dragomir/ros2_eth/install/ethercat_msgs/share/ethercat_msgs/cmake/export_ethercat_msgs__rosidl_typesupport_fastrtps_cppExport.cmake
[0.246s] -- Up-to-date: /home/andrei-dragomir/ros2_eth/install/ethercat_msgs/share/ethercat_msgs/cmake/export_ethercat_msgs__rosidl_typesupport_fastrtps_cppExport-noconfig.cmake
[0.246s] -- Up-to-date: /home/andrei-dragomir/ros2_eth/install/ethercat_msgs/share/ethercat_msgs/cmake/ethercat_msgs__rosidl_typesupport_introspection_cppExport.cmake
[0.246s] -- Up-to-date: /home/andrei-dragomir/ros2_eth/install/ethercat_msgs/share/ethercat_msgs/cmake/ethercat_msgs__rosidl_typesupport_introspection_cppExport-noconfig.cmake
[0.246s] -- Up-to-date: /home/andrei-dragomir/ros2_eth/install/ethercat_msgs/share/ethercat_msgs/cmake/ethercat_msgs__rosidl_typesupport_cppExport.cmake
[0.246s] -- Up-to-date: /home/andrei-dragomir/ros2_eth/install/ethercat_msgs/share/ethercat_msgs/cmake/ethercat_msgs__rosidl_typesupport_cppExport-noconfig.cmake
[0.246s] -- Up-to-date: /home/andrei-dragomir/ros2_eth/install/ethercat_msgs/share/ethercat_msgs/cmake/export_ethercat_msgs__rosidl_generator_pyExport.cmake
[0.246s] -- Up-to-date: /home/andrei-dragomir/ros2_eth/install/ethercat_msgs/share/ethercat_msgs/cmake/export_ethercat_msgs__rosidl_generator_pyExport-noconfig.cmake
[0.246s] -- Up-to-date: /home/andrei-dragomir/ros2_eth/install/ethercat_msgs/share/ethercat_msgs/cmake/rosidl_cmake-extras.cmake
[0.247s] -- Up-to-date: /home/andrei-dragomir/ros2_eth/install/ethercat_msgs/share/ethercat_msgs/cmake/ament_cmake_export_dependencies-extras.cmake
[0.247s] -- Up-to-date: /home/andrei-dragomir/ros2_eth/install/ethercat_msgs/share/ethercat_msgs/cmake/ament_cmake_export_include_directories-extras.cmake
[0.247s] -- Up-to-date: /home/andrei-dragomir/ros2_eth/install/ethercat_msgs/share/ethercat_msgs/cmake/ament_cmake_export_libraries-extras.cmake
[0.247s] -- Up-to-date: /home/andrei-dragomir/ros2_eth/install/ethercat_msgs/share/ethercat_msgs/cmake/ament_cmake_export_targets-extras.cmake
[0.247s] -- Up-to-date: /home/andrei-dragomir/ros2_eth/install/ethercat_msgs/share/ethercat_msgs/cmake/rosidl_cmake_export_typesupport_targets-extras.cmake
[0.247s] -- Up-to-date: /home/andrei-dragomir/ros2_eth/install/ethercat_msgs/share/ethercat_msgs/cmake/rosidl_cmake_export_typesupport_libraries-extras.cmake
[0.247s] -- Up-to-date: /home/andrei-dragomir/ros2_eth/install/ethercat_msgs/share/ethercat_msgs/cmake/ethercat_msgsConfig.cmake
[0.247s] -- Up-to-date: /home/andrei-dragomir/ros2_eth/install/ethercat_msgs/share/ethercat_msgs/cmake/ethercat_msgsConfig-version.cmake
[0.247s] -- Up-to-date: /home/andrei-dragomir/ros2_eth/install/ethercat_msgs/share/ethercat_msgs/package.xml
[0.247s] Invoked command in '/home/andrei-dragomir/ros2_eth/build/ethercat_msgs' returned '0': CMAKE_PREFIX_PATH=${CMAKE_PREFIX_PATH}:/home/andrei-dragomir/ws_moveit/install/moveit_configs_utils:/opt/ros/jazzy DEBUGINFOD_URLS=https://debuginfod.ubuntu.com /usr/bin/cmake --install /home/andrei-dragomir/ros2_eth/build/ethercat_msgs
