[0.010s] Invoking command in '/home/andrei-dragomir/ros2_eth/build/ethercat_interface': CMAKE_PREFIX_PATH=${CMAKE_PREFIX_PATH}:/home/andrei-dragomir/ws_moveit/install/moveit_configs_utils:/opt/ros/jazzy DEBUGINFOD_URLS=https://debuginfod.ubuntu.com /usr/bin/cmake /home/andrei-dragomir/ros2_eth/src/ethercat_driver_ros2/ethercat_interface -DCMAKE_INSTALL_PREFIX=/home/andrei-dragomir/ros2_eth/install/ethercat_interface
[0.016s] [0mCMake Deprecation Warning at CMakeLists.txt:1 (cmake_minimum_required):
[0.016s]   Compatibility with CMake < 3.10 will be removed from a future version of
[0.017s]   CMake.
[0.017s] 
[0.017s]   Update the VERSION argument <min> value.  Or, use the <min>...<max> syntax
[0.017s]   to tell CMake that the project requires at least <min> but has been updated
[0.017s]   to work with policies introduced by <max> or earlier.
[0.017s] 
[0.017s] [0m
[0.047s] -- The C compiler identification is GNU 13.3.0
[0.088s] -- The CXX compiler identification is GNU 13.3.0
[0.093s] -- Detecting C compiler ABI info
[0.129s] -- Detecting C compiler ABI info - done
[0.138s] -- Check for working C compiler: /usr/bin/cc - skipped
[0.138s] -- Detecting C compile features
[0.139s] -- Detecting C compile features - done
[0.146s] -- Detecting CXX compiler ABI info
[0.188s] -- Detecting CXX compiler ABI info - done
[0.198s] -- Check for working CXX compiler: /usr/bin/c++ - skipped
[0.198s] -- Detecting CXX compile features
[0.198s] -- Detecting CXX compile features - done
[0.205s] -- Found ament_cmake: 2.5.4 (/opt/ros/jazzy/share/ament_cmake/cmake)
[0.668s] -- Found Python3: /usr/bin/python3 (found version "3.12.3") found components: Interpreter
[0.791s] -- Found ament_cmake_ros: 0.12.0 (/opt/ros/jazzy/share/ament_cmake_ros/cmake)
[0.808s] -- Found rclcpp: 28.1.13 (/opt/ros/jazzy/share/rclcpp/cmake)
[0.856s] -- Found rosidl_generator_c: 4.6.6 (/opt/ros/jazzy/share/rosidl_generator_c/cmake)
[0.871s] -- Found rosidl_generator_cpp: 4.6.6 (/opt/ros/jazzy/share/rosidl_generator_cpp/cmake)
[0.890s] -- Using all available rosidl_typesupport_c: rosidl_typesupport_fastrtps_c;rosidl_typesupport_introspection_c
[0.908s] -- Using all available rosidl_typesupport_cpp: rosidl_typesupport_fastrtps_cpp;rosidl_typesupport_introspection_cpp
[0.980s] -- Found rmw_implementation_cmake: 7.3.2 (/opt/ros/jazzy/share/rmw_implementation_cmake/cmake)
[0.986s] -- Found rmw_cyclonedds_cpp: 2.2.3 (/opt/ros/jazzy/share/rmw_cyclonedds_cpp/cmake)
[1.026s] -- Using RMW implementation 'rmw_cyclonedds_cpp' as default
[1.086s] -- Found ament_lint_auto: 0.17.3 (/opt/ros/jazzy/share/ament_lint_auto/cmake)
[1.090s] -- Found yaml_cpp_vendor: 9.0.1 (/opt/ros/jazzy/share/yaml_cpp_vendor/cmake)
[1.090s] -- Setting yaml-cpp_DIR to: '/opt/ros/jazzy/share/yaml_cpp_vendor/cmake/../../../opt/yaml_cpp_vendor/share/cmake/yaml-cpp'
[1.184s] -- Found gmock sources under '/opt/ros/jazzy/src/gmock_vendor': C++ tests using 'Google Mock' will be built
[1.184s] [0mCMake Deprecation Warning at /opt/ros/jazzy/src/gmock_vendor/CMakeLists.txt:2 (cmake_minimum_required):
[1.184s]   Compatibility with CMake < 3.10 will be removed from a future version of
[1.184s]   CMake.
[1.184s] 
[1.184s]   Update the VERSION argument <min> value.  Or, use the <min>...<max> syntax
[1.184s]   to tell CMake that the project requires at least <min> but has been updated
[1.184s]   to work with policies introduced by <max> or earlier.
[1.184s] 
[1.184s] [0m
[1.189s] -- Found gtest sources under '/opt/ros/jazzy/src/gtest_vendor': C++ tests using 'Google Test' will be built
[1.189s] [0mCMake Deprecation Warning at /opt/ros/jazzy/src/gtest_vendor/CMakeLists.txt:2 (cmake_minimum_required):
[1.189s]   Compatibility with CMake < 3.10 will be removed from a future version of
[1.189s]   CMake.
[1.189s] 
[1.189s]   Update the VERSION argument <min> value.  Or, use the <min>...<max> syntax
[1.189s]   to tell CMake that the project requires at least <min> but has been updated
[1.189s]   to work with policies introduced by <max> or earlier.
[1.189s] 
[1.189s] [0m
[1.191s] -- Added test 'copyright' to check source files copyright and LICENSE
[1.193s] -- Added test 'cppcheck' to perform static code analysis on C / C++ code
[1.193s] -- Configured cppcheck include dirs: /home/andrei-dragomir/ros2_eth/src/ethercat_driver_ros2/ethercat_interface/include
[1.193s] -- Configured cppcheck exclude dirs and/or files: 
[1.194s] -- Added test 'cpplint' to check C / C++ code against the Google style
[1.194s] -- Configured cpplint exclude dirs and/or files: 
[1.196s] -- Added test 'lint_cmake' to check CMake code style
[1.197s] -- Added test 'uncrustify' to check C / C++ code style
[1.197s] -- Configured uncrustify additional arguments: 
[1.198s] -- Added test 'xmllint' to check XML markup files
[1.201s] -- Configuring done (1.2s)
[1.210s] -- Generating done (0.0s)
[1.219s] -- Build files have been written to: /home/andrei-dragomir/ros2_eth/build/ethercat_interface
[1.226s] Invoked command in '/home/andrei-dragomir/ros2_eth/build/ethercat_interface' returned '0': CMAKE_PREFIX_PATH=${CMAKE_PREFIX_PATH}:/home/andrei-dragomir/ws_moveit/install/moveit_configs_utils:/opt/ros/jazzy DEBUGINFOD_URLS=https://debuginfod.ubuntu.com /usr/bin/cmake /home/andrei-dragomir/ros2_eth/src/ethercat_driver_ros2/ethercat_interface -DCMAKE_INSTALL_PREFIX=/home/andrei-dragomir/ros2_eth/install/ethercat_interface
[1.227s] Invoking command in '/home/andrei-dragomir/ros2_eth/build/ethercat_interface': CMAKE_PREFIX_PATH=${CMAKE_PREFIX_PATH}:/home/andrei-dragomir/ws_moveit/install/moveit_configs_utils:/opt/ros/jazzy DEBUGINFOD_URLS=https://debuginfod.ubuntu.com /usr/bin/cmake --build /home/andrei-dragomir/ros2_eth/build/ethercat_interface -- -j24 -l24
[1.245s] [  8%] [32mBuilding CXX object CMakeFiles/ethercat_interface.dir/src/ec_master.cpp.o[0m
[1.245s] [ 25%] [32mBuilding CXX object CMakeFiles/ethercat_interface.dir/src/ec_pdo_channel_manager.cpp.o[0m
[1.245s] [ 25%] [32mBuilding CXX object gmock/CMakeFiles/gmock.dir/opt/ros/jazzy/src/gtest_vendor/src/gtest-all.cc.o[0m
[1.245s] [ 41%] [32mBuilding CXX object CMakeFiles/ethercat_interface.dir/src/ec_pdo_single_interface_channel_manager.cpp.o[0m
[1.245s] [ 41%] [32mBuilding CXX object gmock/CMakeFiles/gmock.dir/src/gmock-all.cc.o[0m
[1.245s] [ 58%] [32mBuilding CXX object CMakeFiles/ethercat_interface.dir/src/ec_pdo_group_interface_channel_manager.cpp.o[0m
[1.246s] [ 58%] [32mBuilding CXX object gmock/CMakeFiles/gmock_main.dir/src/gmock_main.cc.o[0m
[1.761s] [ 66%] [1m[32mLinking CXX static library libgmock_main.a[0m
[1.775s] [ 66%] Built target gmock_main
[2.901s] [ 75%] [1m[32mLinking CXX shared library libethercat_interface.so[0m
[2.971s] [ 75%] Built target ethercat_interface
[3.067s] [ 83%] [1m[32mLinking CXX static library libgmock.a[0m
[3.097s] [ 83%] Built target gmock
[3.106s] [ 91%] [32mBuilding CXX object CMakeFiles/test_ec_pdo_channel_manager.dir/test/test_ec_pdo_channel_manager.cpp.o[0m
[3.813s] [100%] [1m[32mLinking CXX executable test_ec_pdo_channel_manager[0m
[3.914s] [100%] Built target test_ec_pdo_channel_manager
[3.918s] Invoked command in '/home/andrei-dragomir/ros2_eth/build/ethercat_interface' returned '0': CMAKE_PREFIX_PATH=${CMAKE_PREFIX_PATH}:/home/andrei-dragomir/ws_moveit/install/moveit_configs_utils:/opt/ros/jazzy DEBUGINFOD_URLS=https://debuginfod.ubuntu.com /usr/bin/cmake --build /home/andrei-dragomir/ros2_eth/build/ethercat_interface -- -j24 -l24
[3.922s] Invoking command in '/home/andrei-dragomir/ros2_eth/build/ethercat_interface': CMAKE_PREFIX_PATH=${CMAKE_PREFIX_PATH}:/home/andrei-dragomir/ws_moveit/install/moveit_configs_utils:/opt/ros/jazzy DEBUGINFOD_URLS=https://debuginfod.ubuntu.com /usr/bin/cmake --install /home/andrei-dragomir/ros2_eth/build/ethercat_interface
[3.925s] -- Install configuration: ""
[3.925s] -- Installing: /home/andrei-dragomir/ros2_eth/install/ethercat_interface/lib/libethercat_interface.so
[3.925s] -- Set non-toolchain portion of runtime path of "/home/andrei-dragomir/ros2_eth/install/ethercat_interface/lib/libethercat_interface.so" to "/usr/local/etherlab/lib:/opt/ros/jazzy/lib"
[3.925s] -- Installing: /home/andrei-dragomir/ros2_eth/install/ethercat_interface/include
[3.926s] -- Installing: /home/andrei-dragomir/ros2_eth/install/ethercat_interface/include/ethercat_interface
[3.926s] -- Installing: /home/andrei-dragomir/ros2_eth/install/ethercat_interface/include/ethercat_interface/ec_sync_manager.hpp
[3.926s] -- Installing: /home/andrei-dragomir/ros2_eth/install/ethercat_interface/include/ethercat_interface/ec_pdo_channel_manager.hpp
[3.926s] -- Installing: /home/andrei-dragomir/ros2_eth/install/ethercat_interface/include/ethercat_interface/ec_slave.hpp
[3.926s] -- Installing: /home/andrei-dragomir/ros2_eth/install/ethercat_interface/include/ethercat_interface/ec_pdo_single_interface_channel_manager.hpp
[3.926s] -- Installing: /home/andrei-dragomir/ros2_eth/install/ethercat_interface/include/ethercat_interface/ec_pdo_group_interface_channel_manager.hpp
[3.926s] -- Installing: /home/andrei-dragomir/ros2_eth/install/ethercat_interface/include/ethercat_interface/ec_master.hpp
[3.926s] -- Installing: /home/andrei-dragomir/ros2_eth/install/ethercat_interface/include/ethercat_interface/ec_sdo_manager.hpp
[3.926s] -- Installing: /home/andrei-dragomir/ros2_eth/install/ethercat_interface/include/ethercat_interface/ec_transfer.hpp
[3.926s] -- Installing: /home/andrei-dragomir/ros2_eth/install/ethercat_interface/share/ethercat_interface/environment/library_path.sh
[3.926s] -- Installing: /home/andrei-dragomir/ros2_eth/install/ethercat_interface/share/ethercat_interface/environment/library_path.dsv
[3.926s] -- Installing: /home/andrei-dragomir/ros2_eth/install/ethercat_interface/share/ament_index/resource_index/package_run_dependencies/ethercat_interface
[3.926s] -- Installing: /home/andrei-dragomir/ros2_eth/install/ethercat_interface/share/ament_index/resource_index/parent_prefix_path/ethercat_interface
[3.926s] -- Installing: /home/andrei-dragomir/ros2_eth/install/ethercat_interface/share/ethercat_interface/environment/ament_prefix_path.sh
[3.926s] -- Installing: /home/andrei-dragomir/ros2_eth/install/ethercat_interface/share/ethercat_interface/environment/ament_prefix_path.dsv
[3.926s] -- Installing: /home/andrei-dragomir/ros2_eth/install/ethercat_interface/share/ethercat_interface/environment/path.sh
[3.927s] -- Installing: /home/andrei-dragomir/ros2_eth/install/ethercat_interface/share/ethercat_interface/environment/path.dsv
[3.927s] -- Installing: /home/andrei-dragomir/ros2_eth/install/ethercat_interface/share/ethercat_interface/local_setup.bash
[3.927s] -- Installing: /home/andrei-dragomir/ros2_eth/install/ethercat_interface/share/ethercat_interface/local_setup.sh
[3.927s] -- Installing: /home/andrei-dragomir/ros2_eth/install/ethercat_interface/share/ethercat_interface/local_setup.zsh
[3.927s] -- Installing: /home/andrei-dragomir/ros2_eth/install/ethercat_interface/share/ethercat_interface/local_setup.dsv
[3.927s] -- Installing: /home/andrei-dragomir/ros2_eth/install/ethercat_interface/share/ethercat_interface/package.dsv
[3.927s] -- Installing: /home/andrei-dragomir/ros2_eth/install/ethercat_interface/share/ament_index/resource_index/packages/ethercat_interface
[3.927s] -- Installing: /home/andrei-dragomir/ros2_eth/install/ethercat_interface/share/ethercat_interface/cmake/ament_cmake_export_include_directories-extras.cmake
[3.927s] -- Installing: /home/andrei-dragomir/ros2_eth/install/ethercat_interface/share/ethercat_interface/cmake/ament_cmake_export_libraries-extras.cmake
[3.927s] -- Installing: /home/andrei-dragomir/ros2_eth/install/ethercat_interface/share/ethercat_interface/cmake/ament_cmake_export_dependencies-extras.cmake
[3.927s] -- Installing: /home/andrei-dragomir/ros2_eth/install/ethercat_interface/share/ethercat_interface/cmake/ethercat_interfaceConfig.cmake
[3.927s] -- Installing: /home/andrei-dragomir/ros2_eth/install/ethercat_interface/share/ethercat_interface/cmake/ethercat_interfaceConfig-version.cmake
[3.927s] -- Installing: /home/andrei-dragomir/ros2_eth/install/ethercat_interface/share/ethercat_interface/package.xml
[3.928s] Invoked command in '/home/andrei-dragomir/ros2_eth/build/ethercat_interface' returned '0': CMAKE_PREFIX_PATH=${CMAKE_PREFIX_PATH}:/home/andrei-dragomir/ws_moveit/install/moveit_configs_utils:/opt/ros/jazzy DEBUGINFOD_URLS=https://debuginfod.ubuntu.com /usr/bin/cmake --install /home/andrei-dragomir/ros2_eth/build/ethercat_interface
