[0.011s] Invoking command in '/home/andrei-dragomir/ros2_eth/build/ethercat_interface': CMAKE_PREFIX_PATH=${CMAKE_PREFIX_PATH}:/home/andrei-dragomir/ws_moveit/install/moveit_configs_utils:/opt/ros/jazzy DEBUGINFOD_URLS=https://debuginfod.ubuntu.com /usr/bin/cmake --build /home/andrei-dragomir/ros2_eth/build/ethercat_interface -- -j24 -l24
[0.033s] [ 25%] Built target gmock
[0.034s] [ 41%] Built target gmock_main
[0.037s] [ 83%] Built target ethercat_interface
[0.046s] [100%] Built target test_ec_pdo_channel_manager
[0.049s] Invoked command in '/home/andrei-dragomir/ros2_eth/build/ethercat_interface' returned '0': CMAKE_PREFIX_PATH=${CMAKE_PREFIX_PATH}:/home/andrei-dragomir/ws_moveit/install/moveit_configs_utils:/opt/ros/jazzy DEBUGINFOD_URLS=https://debuginfod.ubuntu.com /usr/bin/cmake --build /home/andrei-dragomir/ros2_eth/build/ethercat_interface -- -j24 -l24
[0.053s] Invoking command in '/home/andrei-dragomir/ros2_eth/build/ethercat_interface': CMAKE_PREFIX_PATH=${CMAKE_PREFIX_PATH}:/home/andrei-dragomir/ws_moveit/install/moveit_configs_utils:/opt/ros/jazzy DEBUGINFOD_URLS=https://debuginfod.ubuntu.com /usr/bin/cmake --install /home/andrei-dragomir/ros2_eth/build/ethercat_interface
[0.055s] -- Install configuration: ""
[0.055s] -- Up-to-date: /home/andrei-dragomir/ros2_eth/install/ethercat_interface/lib/libethercat_interface.so
[0.055s] -- Up-to-date: /home/andrei-dragomir/ros2_eth/install/ethercat_interface/include
[0.055s] -- Up-to-date: /home/andrei-dragomir/ros2_eth/install/ethercat_interface/include/ethercat_interface
[0.055s] -- Up-to-date: /home/andrei-dragomir/ros2_eth/install/ethercat_interface/include/ethercat_interface/ec_sync_manager.hpp
[0.055s] -- Up-to-date: /home/andrei-dragomir/ros2_eth/install/ethercat_interface/include/ethercat_interface/ec_pdo_channel_manager.hpp
[0.055s] -- Up-to-date: /home/andrei-dragomir/ros2_eth/install/ethercat_interface/include/ethercat_interface/ec_slave.hpp
[0.055s] -- Up-to-date: /home/andrei-dragomir/ros2_eth/install/ethercat_interface/include/ethercat_interface/ec_pdo_single_interface_channel_manager.hpp
[0.055s] -- Up-to-date: /home/andrei-dragomir/ros2_eth/install/ethercat_interface/include/ethercat_interface/ec_pdo_group_interface_channel_manager.hpp
[0.055s] -- Up-to-date: /home/andrei-dragomir/ros2_eth/install/ethercat_interface/include/ethercat_interface/ec_master.hpp
[0.055s] -- Up-to-date: /home/andrei-dragomir/ros2_eth/install/ethercat_interface/include/ethercat_interface/ec_sdo_manager.hpp
[0.055s] -- Up-to-date: /home/andrei-dragomir/ros2_eth/install/ethercat_interface/include/ethercat_interface/ec_transfer.hpp
[0.055s] -- Up-to-date: /home/andrei-dragomir/ros2_eth/install/ethercat_interface/share/ethercat_interface/environment/library_path.sh
[0.055s] -- Up-to-date: /home/andrei-dragomir/ros2_eth/install/ethercat_interface/share/ethercat_interface/environment/library_path.dsv
[0.055s] -- Up-to-date: /home/andrei-dragomir/ros2_eth/install/ethercat_interface/share/ament_index/resource_index/package_run_dependencies/ethercat_interface
[0.056s] -- Up-to-date: /home/andrei-dragomir/ros2_eth/install/ethercat_interface/share/ament_index/resource_index/parent_prefix_path/ethercat_interface
[0.056s] -- Up-to-date: /home/andrei-dragomir/ros2_eth/install/ethercat_interface/share/ethercat_interface/environment/ament_prefix_path.sh
[0.056s] -- Up-to-date: /home/andrei-dragomir/ros2_eth/install/ethercat_interface/share/ethercat_interface/environment/ament_prefix_path.dsv
[0.056s] -- Up-to-date: /home/andrei-dragomir/ros2_eth/install/ethercat_interface/share/ethercat_interface/environment/path.sh
[0.056s] -- Up-to-date: /home/andrei-dragomir/ros2_eth/install/ethercat_interface/share/ethercat_interface/environment/path.dsv
[0.056s] -- Up-to-date: /home/andrei-dragomir/ros2_eth/install/ethercat_interface/share/ethercat_interface/local_setup.bash
[0.056s] -- Up-to-date: /home/andrei-dragomir/ros2_eth/install/ethercat_interface/share/ethercat_interface/local_setup.sh
[0.056s] -- Up-to-date: /home/andrei-dragomir/ros2_eth/install/ethercat_interface/share/ethercat_interface/local_setup.zsh
[0.056s] -- Up-to-date: /home/andrei-dragomir/ros2_eth/install/ethercat_interface/share/ethercat_interface/local_setup.dsv
[0.056s] -- Installing: /home/andrei-dragomir/ros2_eth/install/ethercat_interface/share/ethercat_interface/package.dsv
[0.056s] -- Up-to-date: /home/andrei-dragomir/ros2_eth/install/ethercat_interface/share/ament_index/resource_index/packages/ethercat_interface
[0.056s] -- Up-to-date: /home/andrei-dragomir/ros2_eth/install/ethercat_interface/share/ethercat_interface/cmake/ament_cmake_export_include_directories-extras.cmake
[0.056s] -- Up-to-date: /home/andrei-dragomir/ros2_eth/install/ethercat_interface/share/ethercat_interface/cmake/ament_cmake_export_libraries-extras.cmake
[0.056s] -- Up-to-date: /home/andrei-dragomir/ros2_eth/install/ethercat_interface/share/ethercat_interface/cmake/ament_cmake_export_dependencies-extras.cmake
[0.056s] -- Up-to-date: /home/andrei-dragomir/ros2_eth/install/ethercat_interface/share/ethercat_interface/cmake/ethercat_interfaceConfig.cmake
[0.056s] -- Up-to-date: /home/andrei-dragomir/ros2_eth/install/ethercat_interface/share/ethercat_interface/cmake/ethercat_interfaceConfig-version.cmake
[0.056s] -- Up-to-date: /home/andrei-dragomir/ros2_eth/install/ethercat_interface/share/ethercat_interface/package.xml
[0.057s] Invoked command in '/home/andrei-dragomir/ros2_eth/build/ethercat_interface' returned '0': CMAKE_PREFIX_PATH=${CMAKE_PREFIX_PATH}:/home/andrei-dragomir/ws_moveit/install/moveit_configs_utils:/opt/ros/jazzy DEBUGINFOD_URLS=https://debuginfod.ubuntu.com /usr/bin/cmake --install /home/andrei-dragomir/ros2_eth/build/ethercat_interface
