-- Install configuration: ""
-- Up-to-date: /home/andrei-dragomir/ros2_eth/install/myactuator_arm_moveit_new/share/ament_index/resource_index/package_run_dependencies/myactuator_arm_moveit_new
-- Up-to-date: /home/andrei-dragomir/ros2_eth/install/myactuator_arm_moveit_new/share/ament_index/resource_index/parent_prefix_path/myactuator_arm_moveit_new
-- Up-to-date: /home/andrei-dragomir/ros2_eth/install/myactuator_arm_moveit_new/share/myactuator_arm_moveit_new/environment/ament_prefix_path.sh
-- Up-to-date: /home/andrei-dragomir/ros2_eth/install/myactuator_arm_moveit_new/share/myactuator_arm_moveit_new/environment/ament_prefix_path.dsv
-- Up-to-date: /home/andrei-dragomir/ros2_eth/install/myactuator_arm_moveit_new/share/myactuator_arm_moveit_new/environment/path.sh
-- Up-to-date: /home/andrei-dragomir/ros2_eth/install/myactuator_arm_moveit_new/share/myactuator_arm_moveit_new/environment/path.dsv
-- Up-to-date: /home/andrei-dragomir/ros2_eth/install/myactuator_arm_moveit_new/share/myactuator_arm_moveit_new/local_setup.bash
-- Up-to-date: /home/andrei-dragomir/ros2_eth/install/myactuator_arm_moveit_new/share/myactuator_arm_moveit_new/local_setup.sh
-- Up-to-date: /home/andrei-dragomir/ros2_eth/install/myactuator_arm_moveit_new/share/myactuator_arm_moveit_new/local_setup.zsh
-- Up-to-date: /home/andrei-dragomir/ros2_eth/install/myactuator_arm_moveit_new/share/myactuator_arm_moveit_new/local_setup.dsv
-- Installing: /home/andrei-dragomir/ros2_eth/install/myactuator_arm_moveit_new/share/myactuator_arm_moveit_new/package.dsv
-- Up-to-date: /home/andrei-dragomir/ros2_eth/install/myactuator_arm_moveit_new/share/ament_index/resource_index/packages/myactuator_arm_moveit_new
-- Up-to-date: /home/andrei-dragomir/ros2_eth/install/myactuator_arm_moveit_new/share/myactuator_arm_moveit_new/cmake/myactuator_arm_moveit_newConfig.cmake
-- Up-to-date: /home/andrei-dragomir/ros2_eth/install/myactuator_arm_moveit_new/share/myactuator_arm_moveit_new/cmake/myactuator_arm_moveit_newConfig-version.cmake
-- Up-to-date: /home/andrei-dragomir/ros2_eth/install/myactuator_arm_moveit_new/share/myactuator_arm_moveit_new/package.xml
-- Up-to-date: /home/andrei-dragomir/ros2_eth/install/myactuator_arm_moveit_new/share/myactuator_arm_moveit_new/launch
-- Up-to-date: /home/andrei-dragomir/ros2_eth/install/myactuator_arm_moveit_new/share/myactuator_arm_moveit_new/launch/setup_assistant.launch.py
-- Up-to-date: /home/andrei-dragomir/ros2_eth/install/myactuator_arm_moveit_new/share/myactuator_arm_moveit_new/launch/warehouse_db.launch.py
-- Up-to-date: /home/andrei-dragomir/ros2_eth/install/myactuator_arm_moveit_new/share/myactuator_arm_moveit_new/launch/move_group.launch.py
-- Up-to-date: /home/andrei-dragomir/ros2_eth/install/myactuator_arm_moveit_new/share/myactuator_arm_moveit_new/launch/rsp.launch.py
-- Up-to-date: /home/andrei-dragomir/ros2_eth/install/myactuator_arm_moveit_new/share/myactuator_arm_moveit_new/launch/moveit_rviz.launch.py
-- Up-to-date: /home/andrei-dragomir/ros2_eth/install/myactuator_arm_moveit_new/share/myactuator_arm_moveit_new/launch/demo.launch.py
-- Up-to-date: /home/andrei-dragomir/ros2_eth/install/myactuator_arm_moveit_new/share/myactuator_arm_moveit_new/launch/static_virtual_joint_tfs.launch.py
-- Up-to-date: /home/andrei-dragomir/ros2_eth/install/myactuator_arm_moveit_new/share/myactuator_arm_moveit_new/launch/spawn_controllers.launch.py
-- Up-to-date: /home/andrei-dragomir/ros2_eth/install/myactuator_arm_moveit_new/share/myactuator_arm_moveit_new/config
-- Up-to-date: /home/andrei-dragomir/ros2_eth/install/myactuator_arm_moveit_new/share/myactuator_arm_moveit_new/config/kinematics.yaml
-- Up-to-date: /home/andrei-dragomir/ros2_eth/install/myactuator_arm_moveit_new/share/myactuator_arm_moveit_new/config/myactuator_arm.ros2_control.xacro
-- Up-to-date: /home/andrei-dragomir/ros2_eth/install/myactuator_arm_moveit_new/share/myactuator_arm_moveit_new/config/initial_positions.yaml
-- Up-to-date: /home/andrei-dragomir/ros2_eth/install/myactuator_arm_moveit_new/share/myactuator_arm_moveit_new/config/moveit_controllers.yaml
-- Up-to-date: /home/andrei-dragomir/ros2_eth/install/myactuator_arm_moveit_new/share/myactuator_arm_moveit_new/config/ros2_controllers.yaml
-- Up-to-date: /home/andrei-dragomir/ros2_eth/install/myactuator_arm_moveit_new/share/myactuator_arm_moveit_new/config/myactuator_arm.srdf
-- Up-to-date: /home/andrei-dragomir/ros2_eth/install/myactuator_arm_moveit_new/share/myactuator_arm_moveit_new/config/pilz_cartesian_limits.yaml
-- Up-to-date: /home/andrei-dragomir/ros2_eth/install/myactuator_arm_moveit_new/share/myactuator_arm_moveit_new/config/moveit.rviz
-- Up-to-date: /home/andrei-dragomir/ros2_eth/install/myactuator_arm_moveit_new/share/myactuator_arm_moveit_new/config/myactuator_arm.urdf.xacro
-- Installing: /home/andrei-dragomir/ros2_eth/install/myactuator_arm_moveit_new/share/myactuator_arm_moveit_new/config/joint_limits.yaml
-- Up-to-date: /home/andrei-dragomir/ros2_eth/install/myactuator_arm_moveit_new/share/myactuator_arm_moveit_new/.setup_assistant
