-- The C compiler identification is GNU 13.3.0
-- The CXX compiler identification is GNU 13.3.0
-- Detecting C compiler ABI info
-- Detecting C compiler ABI info - done
-- Check for working C compiler: /usr/bin/cc - skipped
-- Detecting C compile features
-- Detecting C compile features - done
-- Detecting CXX compiler ABI info
-- Detecting CXX compiler ABI info - done
-- Check for working CXX compiler: /usr/bin/c++ - skipped
-- Detecting CXX compile features
-- Detecting CXX compile features - done
-- Found ament_cmake: 2.5.4 (/opt/ros/jazzy/share/ament_cmake/cmake)
-- Found Python3: /usr/bin/python3 (found version "3.12.3") found components: Interpreter
-- Found ament_cmake_ros: 0.12.0 (/opt/ros/jazzy/share/ament_cmake_ros/cmake)
-- Found ethercat_interface: 1.2.0 (/home/andrei-dragomir/ros2_eth/install/ethercat_interface/share/ethercat_interface/cmake)
-- Found rosidl_generator_c: 4.6.6 (/opt/ros/jazzy/share/rosidl_generator_c/cmake)
-- Found rosidl_generator_cpp: 4.6.6 (/opt/ros/jazzy/share/rosidl_generator_cpp/cmake)
-- Using all available rosidl_typesupport_c: rosidl_typesupport_fastrtps_c;rosidl_typesupport_introspection_c
-- Using all available rosidl_typesupport_cpp: rosidl_typesupport_fastrtps_cpp;rosidl_typesupport_introspection_cpp
-- Found rmw_implementation_cmake: 7.3.2 (/opt/ros/jazzy/share/rmw_implementation_cmake/cmake)
-- Found rmw_cyclonedds_cpp: 2.2.3 (/opt/ros/jazzy/share/rmw_cyclonedds_cpp/cmake)
-- Using RMW implementation 'rmw_cyclonedds_cpp' as default
-- Found ethercat_generic_slave: 1.2.0 (/home/andrei-dragomir/ros2_eth/install/ethercat_generic_slave/share/ethercat_generic_slave/cmake)
-- Found pluginlib: 5.4.3 (/opt/ros/jazzy/share/pluginlib/cmake)
-- Found TinyXML2 via Config file: /usr/lib/x86_64-linux-gnu/cmake/tinyxml2
-- Found yaml_cpp_vendor: 9.0.1 (/opt/ros/jazzy/share/yaml_cpp_vendor/cmake)
-- Setting yaml-cpp_DIR to: '/opt/ros/jazzy/share/yaml_cpp_vendor/cmake/../../../opt/yaml_cpp_vendor/share/cmake/yaml-cpp'
-- Found ament_lint_auto: 0.17.3 (/opt/ros/jazzy/share/ament_lint_auto/cmake)
-- Found gmock sources under '/opt/ros/jazzy/src/gmock_vendor': C++ tests using 'Google Mock' will be built
-- Found gtest sources under '/opt/ros/jazzy/src/gtest_vendor': C++ tests using 'Google Test' will be built
-- Added test 'copyright' to check source files copyright and LICENSE
-- Added test 'cppcheck' to perform static code analysis on C / C++ code
-- Configured cppcheck include dirs: $<BUILD_INTERFACE:/home/andrei-dragomir/ros2_eth/src/ethercat_driver_ros2/ethercat_generic_plugins/ethercat_generic_cia402_drive/include>;/home/andrei-dragomir/ros2_eth/src/ethercat_driver_ros2/ethercat_generic_plugins/ethercat_generic_cia402_drive/include
-- Configured cppcheck exclude dirs and/or files: 
-- Added test 'cpplint' to check C / C++ code against the Google style
-- Configured cpplint exclude dirs and/or files: 
-- Added test 'lint_cmake' to check CMake code style
-- Added test 'uncrustify' to check C / C++ code style
-- Configured uncrustify additional arguments: 
-- Added test 'xmllint' to check XML markup files
-- Configuring done (1.2s)
-- Generating done (0.0s)
-- Build files have been written to: /home/andrei-dragomir/ros2_eth/build/ethercat_generic_cia402_drive
[  9%] [32mBuilding CXX object gmock/CMakeFiles/gmock_main.dir/src/gmock_main.cc.o[0m
[ 18%] [32mBuilding CXX object CMakeFiles/ethercat_generic_cia402_drive.dir/src/generic_ec_cia402_drive.cpp.o[0m
[ 36%] [32mBuilding CXX object gmock/CMakeFiles/gmock.dir/src/gmock-all.cc.o[0m
[ 36%] [32mBuilding CXX object gmock/CMakeFiles/gmock.dir/opt/ros/jazzy/src/gtest_vendor/src/gtest-all.cc.o[0m
[ 45%] [1m[32mLinking CXX static library libgmock_main.a[0m
[ 45%] Built target gmock_main
[ 54%] [1m[32mLinking CXX shared library libethercat_generic_cia402_drive.so[0m
[ 54%] Built target ethercat_generic_cia402_drive
[ 63%] [1m[32mLinking CXX static library libgmock.a[0m
[ 63%] Built target gmock
[ 72%] [32mBuilding CXX object CMakeFiles/test_load_generic_plugins.dir/test/test_load_ec_modules.cpp.o[0m
[ 81%] [32mBuilding CXX object CMakeFiles/test_generic_ec_cia402_drive.dir/test/test_generic_ec_cia402_drive.cpp.o[0m
[ 90%] [1m[32mLinking CXX executable test_generic_ec_cia402_drive[0m
[ 90%] Built target test_generic_ec_cia402_drive
[100%] [1m[32mLinking CXX executable test_load_generic_plugins[0m
[100%] Built target test_load_generic_plugins
-- Install configuration: ""
-- Installing: /home/andrei-dragomir/ros2_eth/install/ethercat_generic_cia402_drive/share/ethercat_generic_cia402_drive/ethercat_plugins.xml
-- Installing: /home/andrei-dragomir/ros2_eth/install/ethercat_generic_cia402_drive/include
-- Installing: /home/andrei-dragomir/ros2_eth/install/ethercat_generic_cia402_drive/include/ethercat_generic_plugins
-- Installing: /home/andrei-dragomir/ros2_eth/install/ethercat_generic_cia402_drive/include/ethercat_generic_plugins/cia402_common_defs.hpp
-- Installing: /home/andrei-dragomir/ros2_eth/install/ethercat_generic_cia402_drive/include/ethercat_generic_plugins/generic_ec_cia402_drive.hpp
-- Installing: /home/andrei-dragomir/ros2_eth/install/ethercat_generic_cia402_drive/lib/libethercat_generic_cia402_drive.so
-- Set non-toolchain portion of runtime path of "/home/andrei-dragomir/ros2_eth/install/ethercat_generic_cia402_drive/lib/libethercat_generic_cia402_drive.so" to ""
-- Installing: /home/andrei-dragomir/ros2_eth/install/ethercat_generic_cia402_drive/share/ethercat_generic_cia402_drive/environment/library_path.sh
-- Installing: /home/andrei-dragomir/ros2_eth/install/ethercat_generic_cia402_drive/share/ethercat_generic_cia402_drive/environment/library_path.dsv
-- Installing: /home/andrei-dragomir/ros2_eth/install/ethercat_generic_cia402_drive/share/ament_index/resource_index/package_run_dependencies/ethercat_generic_cia402_drive
-- Installing: /home/andrei-dragomir/ros2_eth/install/ethercat_generic_cia402_drive/share/ament_index/resource_index/parent_prefix_path/ethercat_generic_cia402_drive
-- Installing: /home/andrei-dragomir/ros2_eth/install/ethercat_generic_cia402_drive/share/ethercat_generic_cia402_drive/environment/ament_prefix_path.sh
-- Installing: /home/andrei-dragomir/ros2_eth/install/ethercat_generic_cia402_drive/share/ethercat_generic_cia402_drive/environment/ament_prefix_path.dsv
-- Installing: /home/andrei-dragomir/ros2_eth/install/ethercat_generic_cia402_drive/share/ethercat_generic_cia402_drive/environment/path.sh
-- Installing: /home/andrei-dragomir/ros2_eth/install/ethercat_generic_cia402_drive/share/ethercat_generic_cia402_drive/environment/path.dsv
-- Installing: /home/andrei-dragomir/ros2_eth/install/ethercat_generic_cia402_drive/share/ethercat_generic_cia402_drive/local_setup.bash
-- Installing: /home/andrei-dragomir/ros2_eth/install/ethercat_generic_cia402_drive/share/ethercat_generic_cia402_drive/local_setup.sh
-- Installing: /home/andrei-dragomir/ros2_eth/install/ethercat_generic_cia402_drive/share/ethercat_generic_cia402_drive/local_setup.zsh
-- Installing: /home/andrei-dragomir/ros2_eth/install/ethercat_generic_cia402_drive/share/ethercat_generic_cia402_drive/local_setup.dsv
-- Installing: /home/andrei-dragomir/ros2_eth/install/ethercat_generic_cia402_drive/share/ethercat_generic_cia402_drive/package.dsv
-- Installing: /home/andrei-dragomir/ros2_eth/install/ethercat_generic_cia402_drive/share/ament_index/resource_index/packages/ethercat_generic_cia402_drive
-- Installing: /home/andrei-dragomir/ros2_eth/install/ethercat_generic_cia402_drive/share/ament_index/resource_index/ethercat_interface__pluginlib__plugin/ethercat_generic_cia402_drive
-- Installing: /home/andrei-dragomir/ros2_eth/install/ethercat_generic_cia402_drive/share/ethercat_generic_cia402_drive/cmake/export_ethercat_generic_cia402_driveExport.cmake
-- Installing: /home/andrei-dragomir/ros2_eth/install/ethercat_generic_cia402_drive/share/ethercat_generic_cia402_drive/cmake/export_ethercat_generic_cia402_driveExport-noconfig.cmake
-- Installing: /home/andrei-dragomir/ros2_eth/install/ethercat_generic_cia402_drive/share/ethercat_generic_cia402_drive/cmake/ament_cmake_export_include_directories-extras.cmake
-- Installing: /home/andrei-dragomir/ros2_eth/install/ethercat_generic_cia402_drive/share/ethercat_generic_cia402_drive/cmake/ament_cmake_export_libraries-extras.cmake
-- Installing: /home/andrei-dragomir/ros2_eth/install/ethercat_generic_cia402_drive/share/ethercat_generic_cia402_drive/cmake/ament_cmake_export_targets-extras.cmake
-- Installing: /home/andrei-dragomir/ros2_eth/install/ethercat_generic_cia402_drive/share/ethercat_generic_cia402_drive/cmake/ethercat_generic_cia402_driveConfig.cmake
-- Installing: /home/andrei-dragomir/ros2_eth/install/ethercat_generic_cia402_drive/share/ethercat_generic_cia402_drive/cmake/ethercat_generic_cia402_driveConfig-version.cmake
-- Installing: /home/andrei-dragomir/ros2_eth/install/ethercat_generic_cia402_drive/share/ethercat_generic_cia402_drive/package.xml
