[ 17%] Built target update_slave_config_path
[ 47%] Built target copy_safety_config
[ 58%] Built target gmock_main
[ 76%] Built target gmock
[ 88%] Built target ethercat_driver
[100%] Built target test_ethercat_safety_driver
-- Install configuration: ""
-- Up-to-date: /home/andrei-dragomir/ros2_eth/install/ethercat_driver/share/ethercat_driver/ethercat_driver_plugin.xml
-- Up-to-date: /home/andrei-dragomir/ros2_eth/install/ethercat_driver/lib/libethercat_driver.so
-- Up-to-date: /home/andrei-dragomir/ros2_eth/install/ethercat_driver/include
-- Up-to-date: /home/andrei-dragomir/ros2_eth/install/ethercat_driver/include/ethercat_driver
-- Up-to-date: /home/andrei-dragomir/ros2_eth/install/ethercat_driver/include/ethercat_driver/visibility_control.h
-- Up-to-date: /home/andrei-dragomir/ros2_eth/install/ethercat_driver/include/ethercat_driver/ethercat_driver.hpp
-- Up-to-date: /home/andrei-dragomir/ros2_eth/install/ethercat_driver/share/ethercat_driver/environment/library_path.sh
-- Up-to-date: /home/andrei-dragomir/ros2_eth/install/ethercat_driver/share/ethercat_driver/environment/library_path.dsv
-- Up-to-date: /home/andrei-dragomir/ros2_eth/install/ethercat_driver/share/ament_index/resource_index/package_run_dependencies/ethercat_driver
-- Up-to-date: /home/andrei-dragomir/ros2_eth/install/ethercat_driver/share/ament_index/resource_index/parent_prefix_path/ethercat_driver
-- Up-to-date: /home/andrei-dragomir/ros2_eth/install/ethercat_driver/share/ethercat_driver/environment/ament_prefix_path.sh
-- Up-to-date: /home/andrei-dragomir/ros2_eth/install/ethercat_driver/share/ethercat_driver/environment/ament_prefix_path.dsv
-- Up-to-date: /home/andrei-dragomir/ros2_eth/install/ethercat_driver/share/ethercat_driver/environment/path.sh
-- Up-to-date: /home/andrei-dragomir/ros2_eth/install/ethercat_driver/share/ethercat_driver/environment/path.dsv
-- Up-to-date: /home/andrei-dragomir/ros2_eth/install/ethercat_driver/share/ethercat_driver/local_setup.bash
-- Up-to-date: /home/andrei-dragomir/ros2_eth/install/ethercat_driver/share/ethercat_driver/local_setup.sh
-- Up-to-date: /home/andrei-dragomir/ros2_eth/install/ethercat_driver/share/ethercat_driver/local_setup.zsh
-- Up-to-date: /home/andrei-dragomir/ros2_eth/install/ethercat_driver/share/ethercat_driver/local_setup.dsv
-- Installing: /home/andrei-dragomir/ros2_eth/install/ethercat_driver/share/ethercat_driver/package.dsv
-- Up-to-date: /home/andrei-dragomir/ros2_eth/install/ethercat_driver/share/ament_index/resource_index/packages/ethercat_driver
-- Up-to-date: /home/andrei-dragomir/ros2_eth/install/ethercat_driver/share/ament_index/resource_index/hardware_interface__pluginlib__plugin/ethercat_driver
-- Up-to-date: /home/andrei-dragomir/ros2_eth/install/ethercat_driver/share/ethercat_driver/cmake/ament_cmake_export_include_directories-extras.cmake
-- Up-to-date: /home/andrei-dragomir/ros2_eth/install/ethercat_driver/share/ethercat_driver/cmake/ament_cmake_export_libraries-extras.cmake
-- Up-to-date: /home/andrei-dragomir/ros2_eth/install/ethercat_driver/share/ethercat_driver/cmake/ament_cmake_export_dependencies-extras.cmake
-- Up-to-date: /home/andrei-dragomir/ros2_eth/install/ethercat_driver/share/ethercat_driver/cmake/ethercat_driverConfig.cmake
-- Up-to-date: /home/andrei-dragomir/ros2_eth/install/ethercat_driver/share/ethercat_driver/cmake/ethercat_driverConfig-version.cmake
-- Up-to-date: /home/andrei-dragomir/ros2_eth/install/ethercat_driver/share/ethercat_driver/package.xml
