[0.053s] DEBUG:colcon:Command line arguments: ['/usr/bin/colcon', 'build', '--packages-select', 'myactuator_arm_moveit_config']
[0.053s] DEBUG:colcon:Parsed command line arguments: Namespace(log_base=None, log_level=None, verb_name='build', build_base='build', install_base='install', merge_install=False, symlink_install=False, test_result_base=None, continue_on_error=False, executor='parallel', parallel_workers=24, event_handlers=None, ignore_user_meta=False, metas=['./colcon.meta'], base_paths=['.'], packages_ignore=None, packages_ignore_regex=None, paths=None, packages_up_to=None, packages_up_to_regex=None, packages_above=None, packages_above_and_dependencies=None, packages_above_depth=None, packages_select_by_dep=None, packages_skip_by_dep=None, packages_skip_up_to=None, packages_select_build_failed=False, packages_skip_build_finished=False, packages_select_test_failures=False, packages_skip_test_passed=False, packages_select=['myactuator_arm_moveit_config'], packages_skip=None, packages_select_regex=None, packages_skip_regex=None, packages_start=None, packages_end=None, allow_overriding=[], cmake_args=None, cmake_target=None, cmake_target_skip_unavailable=False, cmake_clean_cache=False, cmake_clean_first=False, cmake_force_configure=False, ament_cmake_args=None, catkin_cmake_args=None, catkin_skip_building_tests=False, mixin_files=None, mixin=None, verb_parser=<colcon_mixin.mixin.mixin_argument.MixinArgumentDecorator object at 0x78bd06dd7c20>, verb_extension=<colcon_core.verb.build.BuildVerb object at 0x78bd06dd79e0>, main=<bound method BuildVerb.main of <colcon_core.verb.build.BuildVerb object at 0x78bd06dd79e0>>, mixin_verb=('build',))
[0.071s] Level 1:colcon.colcon_core.package_discovery:discover_packages(colcon_meta) check parameters
[0.071s] Level 1:colcon.colcon_core.package_discovery:discover_packages(recursive) check parameters
[0.071s] Level 1:colcon.colcon_core.package_discovery:discover_packages(ignore) check parameters
[0.071s] Level 1:colcon.colcon_core.package_discovery:discover_packages(path) check parameters
[0.071s] Level 1:colcon.colcon_core.package_discovery:discover_packages(colcon_meta) discover
[0.071s] Level 1:colcon.colcon_core.package_discovery:discover_packages(recursive) discover
[0.071s] INFO:colcon.colcon_core.package_discovery:Crawling recursively for packages in '/home/andrei-dragomir/ros2_eth'
[0.071s] Level 1:colcon.colcon_core.package_identification:_identify(.) by extensions ['ignore', 'ignore_ament_install']
[0.071s] Level 1:colcon.colcon_core.package_identification:_identify(.) by extension 'ignore'
[0.071s] Level 1:colcon.colcon_core.package_identification:_identify(.) by extension 'ignore_ament_install'
[0.071s] Level 1:colcon.colcon_core.package_identification:_identify(.) by extensions ['colcon_pkg']
[0.071s] Level 1:colcon.colcon_core.package_identification:_identify(.) by extension 'colcon_pkg'
[0.071s] Level 1:colcon.colcon_core.package_identification:_identify(.) by extensions ['colcon_meta']
[0.071s] Level 1:colcon.colcon_core.package_identification:_identify(.) by extension 'colcon_meta'
[0.071s] Level 1:colcon.colcon_core.package_identification:_identify(.) by extensions ['ros']
[0.071s] Level 1:colcon.colcon_core.package_identification:_identify(.) by extension 'ros'
[0.083s] Level 1:colcon.colcon_core.package_identification:_identify(.) by extensions ['cmake', 'python']
[0.083s] Level 1:colcon.colcon_core.package_identification:_identify(.) by extension 'cmake'
[0.083s] Level 1:colcon.colcon_core.package_identification:_identify(.) by extension 'python'
[0.083s] Level 1:colcon.colcon_core.package_identification:_identify(.) by extensions ['python_setup_py']
[0.083s] Level 1:colcon.colcon_core.package_identification:_identify(.) by extension 'python_setup_py'
[0.083s] Level 1:colcon.colcon_core.package_identification:_identify(build) by extensions ['ignore', 'ignore_ament_install']
[0.083s] Level 1:colcon.colcon_core.package_identification:_identify(build) by extension 'ignore'
[0.083s] Level 1:colcon.colcon_core.package_identification:_identify(build) ignored
[0.083s] Level 1:colcon.colcon_core.package_identification:_identify(install) by extensions ['ignore', 'ignore_ament_install']
[0.083s] Level 1:colcon.colcon_core.package_identification:_identify(install) by extension 'ignore'
[0.083s] Level 1:colcon.colcon_core.package_identification:_identify(install) ignored
[0.084s] Level 1:colcon.colcon_core.package_identification:_identify(log) by extensions ['ignore', 'ignore_ament_install']
[0.084s] Level 1:colcon.colcon_core.package_identification:_identify(log) by extension 'ignore'
[0.084s] Level 1:colcon.colcon_core.package_identification:_identify(log) ignored
[0.084s] Level 1:colcon.colcon_core.package_identification:_identify(src) by extensions ['ignore', 'ignore_ament_install']
[0.084s] Level 1:colcon.colcon_core.package_identification:_identify(src) by extension 'ignore'
[0.084s] Level 1:colcon.colcon_core.package_identification:_identify(src) by extension 'ignore_ament_install'
[0.084s] Level 1:colcon.colcon_core.package_identification:_identify(src) by extensions ['colcon_pkg']
[0.084s] Level 1:colcon.colcon_core.package_identification:_identify(src) by extension 'colcon_pkg'
[0.084s] Level 1:colcon.colcon_core.package_identification:_identify(src) by extensions ['colcon_meta']
[0.084s] Level 1:colcon.colcon_core.package_identification:_identify(src) by extension 'colcon_meta'
[0.084s] Level 1:colcon.colcon_core.package_identification:_identify(src) by extensions ['ros']
[0.084s] Level 1:colcon.colcon_core.package_identification:_identify(src) by extension 'ros'
[0.084s] Level 1:colcon.colcon_core.package_identification:_identify(src) by extensions ['cmake', 'python']
[0.084s] Level 1:colcon.colcon_core.package_identification:_identify(src) by extension 'cmake'
[0.084s] Level 1:colcon.colcon_core.package_identification:_identify(src) by extension 'python'
[0.084s] Level 1:colcon.colcon_core.package_identification:_identify(src) by extensions ['python_setup_py']
[0.084s] Level 1:colcon.colcon_core.package_identification:_identify(src) by extension 'python_setup_py'
[0.084s] Level 1:colcon.colcon_core.package_identification:_identify(src/ethercat_driver_ros2) by extensions ['ignore', 'ignore_ament_install']
[0.084s] Level 1:colcon.colcon_core.package_identification:_identify(src/ethercat_driver_ros2) by extension 'ignore'
[0.084s] Level 1:colcon.colcon_core.package_identification:_identify(src/ethercat_driver_ros2) by extension 'ignore_ament_install'
[0.084s] Level 1:colcon.colcon_core.package_identification:_identify(src/ethercat_driver_ros2) by extensions ['colcon_pkg']
[0.084s] Level 1:colcon.colcon_core.package_identification:_identify(src/ethercat_driver_ros2) by extension 'colcon_pkg'
[0.084s] Level 1:colcon.colcon_core.package_identification:_identify(src/ethercat_driver_ros2) by extensions ['colcon_meta']
[0.084s] Level 1:colcon.colcon_core.package_identification:_identify(src/ethercat_driver_ros2) by extension 'colcon_meta'
[0.084s] Level 1:colcon.colcon_core.package_identification:_identify(src/ethercat_driver_ros2) by extensions ['ros']
[0.084s] Level 1:colcon.colcon_core.package_identification:_identify(src/ethercat_driver_ros2) by extension 'ros'
[0.084s] Level 1:colcon.colcon_core.package_identification:_identify(src/ethercat_driver_ros2) by extensions ['cmake', 'python']
[0.084s] Level 1:colcon.colcon_core.package_identification:_identify(src/ethercat_driver_ros2) by extension 'cmake'
[0.084s] Level 1:colcon.colcon_core.package_identification:_identify(src/ethercat_driver_ros2) by extension 'python'
[0.084s] Level 1:colcon.colcon_core.package_identification:_identify(src/ethercat_driver_ros2) by extensions ['python_setup_py']
[0.084s] Level 1:colcon.colcon_core.package_identification:_identify(src/ethercat_driver_ros2) by extension 'python_setup_py'
[0.084s] Level 1:colcon.colcon_core.package_identification:_identify(src/ethercat_driver_ros2/ethercat_driver) by extensions ['ignore', 'ignore_ament_install']
[0.084s] Level 1:colcon.colcon_core.package_identification:_identify(src/ethercat_driver_ros2/ethercat_driver) by extension 'ignore'
[0.084s] Level 1:colcon.colcon_core.package_identification:_identify(src/ethercat_driver_ros2/ethercat_driver) by extension 'ignore_ament_install'
[0.084s] Level 1:colcon.colcon_core.package_identification:_identify(src/ethercat_driver_ros2/ethercat_driver) by extensions ['colcon_pkg']
[0.084s] Level 1:colcon.colcon_core.package_identification:_identify(src/ethercat_driver_ros2/ethercat_driver) by extension 'colcon_pkg'
[0.084s] Level 1:colcon.colcon_core.package_identification:_identify(src/ethercat_driver_ros2/ethercat_driver) by extensions ['colcon_meta']
[0.084s] Level 1:colcon.colcon_core.package_identification:_identify(src/ethercat_driver_ros2/ethercat_driver) by extension 'colcon_meta'
[0.084s] Level 1:colcon.colcon_core.package_identification:_identify(src/ethercat_driver_ros2/ethercat_driver) by extensions ['ros']
[0.084s] Level 1:colcon.colcon_core.package_identification:_identify(src/ethercat_driver_ros2/ethercat_driver) by extension 'ros'
[0.086s] DEBUG:colcon.colcon_core.package_identification:Package 'src/ethercat_driver_ros2/ethercat_driver' with type 'ros.ament_cmake' and name 'ethercat_driver'
[0.086s] Level 1:colcon.colcon_core.package_identification:_identify(src/ethercat_driver_ros2/ethercat_driver_ros2) by extensions ['ignore', 'ignore_ament_install']
[0.086s] Level 1:colcon.colcon_core.package_identification:_identify(src/ethercat_driver_ros2/ethercat_driver_ros2) by extension 'ignore'
[0.086s] Level 1:colcon.colcon_core.package_identification:_identify(src/ethercat_driver_ros2/ethercat_driver_ros2) by extension 'ignore_ament_install'
[0.086s] Level 1:colcon.colcon_core.package_identification:_identify(src/ethercat_driver_ros2/ethercat_driver_ros2) by extensions ['colcon_pkg']
[0.086s] Level 1:colcon.colcon_core.package_identification:_identify(src/ethercat_driver_ros2/ethercat_driver_ros2) by extension 'colcon_pkg'
[0.086s] Level 1:colcon.colcon_core.package_identification:_identify(src/ethercat_driver_ros2/ethercat_driver_ros2) by extensions ['colcon_meta']
[0.086s] Level 1:colcon.colcon_core.package_identification:_identify(src/ethercat_driver_ros2/ethercat_driver_ros2) by extension 'colcon_meta'
[0.086s] Level 1:colcon.colcon_core.package_identification:_identify(src/ethercat_driver_ros2/ethercat_driver_ros2) by extensions ['ros']
[0.086s] Level 1:colcon.colcon_core.package_identification:_identify(src/ethercat_driver_ros2/ethercat_driver_ros2) by extension 'ros'
[0.086s] DEBUG:colcon.colcon_core.package_identification:Package 'src/ethercat_driver_ros2/ethercat_driver_ros2' with type 'ros.ament_cmake' and name 'ethercat_driver_ros2'
[0.086s] Level 1:colcon.colcon_core.package_identification:_identify(src/ethercat_driver_ros2/ethercat_generic_plugins) by extensions ['ignore', 'ignore_ament_install']
[0.086s] Level 1:colcon.colcon_core.package_identification:_identify(src/ethercat_driver_ros2/ethercat_generic_plugins) by extension 'ignore'
[0.086s] Level 1:colcon.colcon_core.package_identification:_identify(src/ethercat_driver_ros2/ethercat_generic_plugins) by extension 'ignore_ament_install'
[0.086s] Level 1:colcon.colcon_core.package_identification:_identify(src/ethercat_driver_ros2/ethercat_generic_plugins) by extensions ['colcon_pkg']
[0.086s] Level 1:colcon.colcon_core.package_identification:_identify(src/ethercat_driver_ros2/ethercat_generic_plugins) by extension 'colcon_pkg'
[0.086s] Level 1:colcon.colcon_core.package_identification:_identify(src/ethercat_driver_ros2/ethercat_generic_plugins) by extensions ['colcon_meta']
[0.086s] Level 1:colcon.colcon_core.package_identification:_identify(src/ethercat_driver_ros2/ethercat_generic_plugins) by extension 'colcon_meta'
[0.086s] Level 1:colcon.colcon_core.package_identification:_identify(src/ethercat_driver_ros2/ethercat_generic_plugins) by extensions ['ros']
[0.086s] Level 1:colcon.colcon_core.package_identification:_identify(src/ethercat_driver_ros2/ethercat_generic_plugins) by extension 'ros'
[0.086s] Level 1:colcon.colcon_core.package_identification:_identify(src/ethercat_driver_ros2/ethercat_generic_plugins) by extensions ['cmake', 'python']
[0.086s] Level 1:colcon.colcon_core.package_identification:_identify(src/ethercat_driver_ros2/ethercat_generic_plugins) by extension 'cmake'
[0.086s] Level 1:colcon.colcon_core.package_identification:_identify(src/ethercat_driver_ros2/ethercat_generic_plugins) by extension 'python'
[0.086s] Level 1:colcon.colcon_core.package_identification:_identify(src/ethercat_driver_ros2/ethercat_generic_plugins) by extensions ['python_setup_py']
[0.086s] Level 1:colcon.colcon_core.package_identification:_identify(src/ethercat_driver_ros2/ethercat_generic_plugins) by extension 'python_setup_py'
[0.086s] Level 1:colcon.colcon_core.package_identification:_identify(src/ethercat_driver_ros2/ethercat_generic_plugins/ethercat_generic_cia402_drive) by extensions ['ignore', 'ignore_ament_install']
[0.086s] Level 1:colcon.colcon_core.package_identification:_identify(src/ethercat_driver_ros2/ethercat_generic_plugins/ethercat_generic_cia402_drive) by extension 'ignore'
[0.086s] Level 1:colcon.colcon_core.package_identification:_identify(src/ethercat_driver_ros2/ethercat_generic_plugins/ethercat_generic_cia402_drive) by extension 'ignore_ament_install'
[0.087s] Level 1:colcon.colcon_core.package_identification:_identify(src/ethercat_driver_ros2/ethercat_generic_plugins/ethercat_generic_cia402_drive) by extensions ['colcon_pkg']
[0.087s] Level 1:colcon.colcon_core.package_identification:_identify(src/ethercat_driver_ros2/ethercat_generic_plugins/ethercat_generic_cia402_drive) by extension 'colcon_pkg'
[0.087s] Level 1:colcon.colcon_core.package_identification:_identify(src/ethercat_driver_ros2/ethercat_generic_plugins/ethercat_generic_cia402_drive) by extensions ['colcon_meta']
[0.087s] Level 1:colcon.colcon_core.package_identification:_identify(src/ethercat_driver_ros2/ethercat_generic_plugins/ethercat_generic_cia402_drive) by extension 'colcon_meta'
[0.087s] Level 1:colcon.colcon_core.package_identification:_identify(src/ethercat_driver_ros2/ethercat_generic_plugins/ethercat_generic_cia402_drive) by extensions ['ros']
[0.087s] Level 1:colcon.colcon_core.package_identification:_identify(src/ethercat_driver_ros2/ethercat_generic_plugins/ethercat_generic_cia402_drive) by extension 'ros'
[0.087s] DEBUG:colcon.colcon_core.package_identification:Package 'src/ethercat_driver_ros2/ethercat_generic_plugins/ethercat_generic_cia402_drive' with type 'ros.ament_cmake' and name 'ethercat_generic_cia402_drive'
[0.087s] Level 1:colcon.colcon_core.package_identification:_identify(src/ethercat_driver_ros2/ethercat_generic_plugins/ethercat_generic_slave) by extensions ['ignore', 'ignore_ament_install']
[0.087s] Level 1:colcon.colcon_core.package_identification:_identify(src/ethercat_driver_ros2/ethercat_generic_plugins/ethercat_generic_slave) by extension 'ignore'
[0.087s] Level 1:colcon.colcon_core.package_identification:_identify(src/ethercat_driver_ros2/ethercat_generic_plugins/ethercat_generic_slave) by extension 'ignore_ament_install'
[0.087s] Level 1:colcon.colcon_core.package_identification:_identify(src/ethercat_driver_ros2/ethercat_generic_plugins/ethercat_generic_slave) by extensions ['colcon_pkg']
[0.087s] Level 1:colcon.colcon_core.package_identification:_identify(src/ethercat_driver_ros2/ethercat_generic_plugins/ethercat_generic_slave) by extension 'colcon_pkg'
[0.087s] Level 1:colcon.colcon_core.package_identification:_identify(src/ethercat_driver_ros2/ethercat_generic_plugins/ethercat_generic_slave) by extensions ['colcon_meta']
[0.087s] Level 1:colcon.colcon_core.package_identification:_identify(src/ethercat_driver_ros2/ethercat_generic_plugins/ethercat_generic_slave) by extension 'colcon_meta'
[0.087s] Level 1:colcon.colcon_core.package_identification:_identify(src/ethercat_driver_ros2/ethercat_generic_plugins/ethercat_generic_slave) by extensions ['ros']
[0.087s] Level 1:colcon.colcon_core.package_identification:_identify(src/ethercat_driver_ros2/ethercat_generic_plugins/ethercat_generic_slave) by extension 'ros'
[0.087s] DEBUG:colcon.colcon_core.package_identification:Package 'src/ethercat_driver_ros2/ethercat_generic_plugins/ethercat_generic_slave' with type 'ros.ament_cmake' and name 'ethercat_generic_slave'
[0.087s] Level 1:colcon.colcon_core.package_identification:_identify(src/ethercat_driver_ros2/ethercat_interface) by extensions ['ignore', 'ignore_ament_install']
[0.087s] Level 1:colcon.colcon_core.package_identification:_identify(src/ethercat_driver_ros2/ethercat_interface) by extension 'ignore'
[0.087s] Level 1:colcon.colcon_core.package_identification:_identify(src/ethercat_driver_ros2/ethercat_interface) by extension 'ignore_ament_install'
[0.087s] Level 1:colcon.colcon_core.package_identification:_identify(src/ethercat_driver_ros2/ethercat_interface) by extensions ['colcon_pkg']
[0.087s] Level 1:colcon.colcon_core.package_identification:_identify(src/ethercat_driver_ros2/ethercat_interface) by extension 'colcon_pkg'
[0.087s] Level 1:colcon.colcon_core.package_identification:_identify(src/ethercat_driver_ros2/ethercat_interface) by extensions ['colcon_meta']
[0.087s] Level 1:colcon.colcon_core.package_identification:_identify(src/ethercat_driver_ros2/ethercat_interface) by extension 'colcon_meta'
[0.087s] Level 1:colcon.colcon_core.package_identification:_identify(src/ethercat_driver_ros2/ethercat_interface) by extensions ['ros']
[0.087s] Level 1:colcon.colcon_core.package_identification:_identify(src/ethercat_driver_ros2/ethercat_interface) by extension 'ros'
[0.088s] DEBUG:colcon.colcon_core.package_identification:Package 'src/ethercat_driver_ros2/ethercat_interface' with type 'ros.ament_cmake' and name 'ethercat_interface'
[0.088s] Level 1:colcon.colcon_core.package_identification:_identify(src/ethercat_driver_ros2/ethercat_manager) by extensions ['ignore', 'ignore_ament_install']
[0.088s] Level 1:colcon.colcon_core.package_identification:_identify(src/ethercat_driver_ros2/ethercat_manager) by extension 'ignore'
[0.088s] Level 1:colcon.colcon_core.package_identification:_identify(src/ethercat_driver_ros2/ethercat_manager) by extension 'ignore_ament_install'
[0.088s] Level 1:colcon.colcon_core.package_identification:_identify(src/ethercat_driver_ros2/ethercat_manager) by extensions ['colcon_pkg']
[0.088s] Level 1:colcon.colcon_core.package_identification:_identify(src/ethercat_driver_ros2/ethercat_manager) by extension 'colcon_pkg'
[0.088s] Level 1:colcon.colcon_core.package_identification:_identify(src/ethercat_driver_ros2/ethercat_manager) by extensions ['colcon_meta']
[0.088s] Level 1:colcon.colcon_core.package_identification:_identify(src/ethercat_driver_ros2/ethercat_manager) by extension 'colcon_meta'
[0.088s] Level 1:colcon.colcon_core.package_identification:_identify(src/ethercat_driver_ros2/ethercat_manager) by extensions ['ros']
[0.088s] Level 1:colcon.colcon_core.package_identification:_identify(src/ethercat_driver_ros2/ethercat_manager) by extension 'ros'
[0.088s] DEBUG:colcon.colcon_core.package_identification:Package 'src/ethercat_driver_ros2/ethercat_manager' with type 'ros.ament_cmake' and name 'ethercat_manager'
[0.088s] Level 1:colcon.colcon_core.package_identification:_identify(src/ethercat_driver_ros2/ethercat_msgs) by extensions ['ignore', 'ignore_ament_install']
[0.088s] Level 1:colcon.colcon_core.package_identification:_identify(src/ethercat_driver_ros2/ethercat_msgs) by extension 'ignore'
[0.088s] Level 1:colcon.colcon_core.package_identification:_identify(src/ethercat_driver_ros2/ethercat_msgs) by extension 'ignore_ament_install'
[0.088s] Level 1:colcon.colcon_core.package_identification:_identify(src/ethercat_driver_ros2/ethercat_msgs) by extensions ['colcon_pkg']
[0.088s] Level 1:colcon.colcon_core.package_identification:_identify(src/ethercat_driver_ros2/ethercat_msgs) by extension 'colcon_pkg'
[0.088s] Level 1:colcon.colcon_core.package_identification:_identify(src/ethercat_driver_ros2/ethercat_msgs) by extensions ['colcon_meta']
[0.088s] Level 1:colcon.colcon_core.package_identification:_identify(src/ethercat_driver_ros2/ethercat_msgs) by extension 'colcon_meta'
[0.088s] Level 1:colcon.colcon_core.package_identification:_identify(src/ethercat_driver_ros2/ethercat_msgs) by extensions ['ros']
[0.088s] Level 1:colcon.colcon_core.package_identification:_identify(src/ethercat_driver_ros2/ethercat_msgs) by extension 'ros'
[0.088s] DEBUG:colcon.colcon_core.package_identification:Package 'src/ethercat_driver_ros2/ethercat_msgs' with type 'ros.ament_cmake' and name 'ethercat_msgs'
[0.088s] Level 1:colcon.colcon_core.package_identification:_identify(src/myactuator_arm) by extensions ['ignore', 'ignore_ament_install']
[0.088s] Level 1:colcon.colcon_core.package_identification:_identify(src/myactuator_arm) by extension 'ignore'
[0.089s] Level 1:colcon.colcon_core.package_identification:_identify(src/myactuator_arm) by extension 'ignore_ament_install'
[0.089s] Level 1:colcon.colcon_core.package_identification:_identify(src/myactuator_arm) by extensions ['colcon_pkg']
[0.089s] Level 1:colcon.colcon_core.package_identification:_identify(src/myactuator_arm) by extension 'colcon_pkg'
[0.089s] Level 1:colcon.colcon_core.package_identification:_identify(src/myactuator_arm) by extensions ['colcon_meta']
[0.089s] Level 1:colcon.colcon_core.package_identification:_identify(src/myactuator_arm) by extension 'colcon_meta'
[0.089s] Level 1:colcon.colcon_core.package_identification:_identify(src/myactuator_arm) by extensions ['ros']
[0.089s] Level 1:colcon.colcon_core.package_identification:_identify(src/myactuator_arm) by extension 'ros'
[0.089s] DEBUG:colcon.colcon_core.package_identification:Package 'src/myactuator_arm' with type 'ros.ament_cmake' and name 'myactuator_arm'
[0.089s] Level 1:colcon.colcon_core.package_identification:_identify(src/myactuator_arm_moveit_config) by extensions ['ignore', 'ignore_ament_install']
[0.089s] Level 1:colcon.colcon_core.package_identification:_identify(src/myactuator_arm_moveit_config) by extension 'ignore'
[0.089s] Level 1:colcon.colcon_core.package_identification:_identify(src/myactuator_arm_moveit_config) by extension 'ignore_ament_install'
[0.089s] Level 1:colcon.colcon_core.package_identification:_identify(src/myactuator_arm_moveit_config) by extensions ['colcon_pkg']
[0.089s] Level 1:colcon.colcon_core.package_identification:_identify(src/myactuator_arm_moveit_config) by extension 'colcon_pkg'
[0.089s] Level 1:colcon.colcon_core.package_identification:_identify(src/myactuator_arm_moveit_config) by extensions ['colcon_meta']
[0.089s] Level 1:colcon.colcon_core.package_identification:_identify(src/myactuator_arm_moveit_config) by extension 'colcon_meta'
[0.089s] Level 1:colcon.colcon_core.package_identification:_identify(src/myactuator_arm_moveit_config) by extensions ['ros']
[0.089s] Level 1:colcon.colcon_core.package_identification:_identify(src/myactuator_arm_moveit_config) by extension 'ros'
[0.090s] DEBUG:colcon.colcon_core.package_identification:Package 'src/myactuator_arm_moveit_config' with type 'ros.ament_cmake' and name 'myactuator_arm_moveit_config'
[0.090s] Level 1:colcon.colcon_core.package_identification:_identify(src/myactuator_x6_test) by extensions ['ignore', 'ignore_ament_install']
[0.090s] Level 1:colcon.colcon_core.package_identification:_identify(src/myactuator_x6_test) by extension 'ignore'
[0.090s] Level 1:colcon.colcon_core.package_identification:_identify(src/myactuator_x6_test) by extension 'ignore_ament_install'
[0.090s] Level 1:colcon.colcon_core.package_identification:_identify(src/myactuator_x6_test) by extensions ['colcon_pkg']
[0.090s] Level 1:colcon.colcon_core.package_identification:_identify(src/myactuator_x6_test) by extension 'colcon_pkg'
[0.090s] Level 1:colcon.colcon_core.package_identification:_identify(src/myactuator_x6_test) by extensions ['colcon_meta']
[0.090s] Level 1:colcon.colcon_core.package_identification:_identify(src/myactuator_x6_test) by extension 'colcon_meta'
[0.090s] Level 1:colcon.colcon_core.package_identification:_identify(src/myactuator_x6_test) by extensions ['ros']
[0.090s] Level 1:colcon.colcon_core.package_identification:_identify(src/myactuator_x6_test) by extension 'ros'
[0.090s] DEBUG:colcon.colcon_core.package_identification:Package 'src/myactuator_x6_test' with type 'ros.ament_cmake' and name 'myactuator_x6_test'
[0.090s] Level 1:colcon.colcon_core.package_discovery:discover_packages(recursive) using defaults
[0.090s] Level 1:colcon.colcon_core.package_discovery:discover_packages(ignore) discover
[0.090s] Level 1:colcon.colcon_core.package_discovery:discover_packages(ignore) using defaults
[0.090s] Level 1:colcon.colcon_core.package_discovery:discover_packages(path) discover
[0.090s] Level 1:colcon.colcon_core.package_discovery:discover_packages(path) using defaults
[0.100s] INFO:colcon.colcon_core.package_selection:Skipping not selected package 'ethercat_interface' in 'src/ethercat_driver_ros2/ethercat_interface'
[0.100s] INFO:colcon.colcon_core.package_selection:Skipping not selected package 'ethercat_msgs' in 'src/ethercat_driver_ros2/ethercat_msgs'
[0.100s] INFO:colcon.colcon_core.package_selection:Skipping not selected package 'ethercat_driver' in 'src/ethercat_driver_ros2/ethercat_driver'
[0.100s] INFO:colcon.colcon_core.package_selection:Skipping not selected package 'ethercat_generic_slave' in 'src/ethercat_driver_ros2/ethercat_generic_plugins/ethercat_generic_slave'
[0.100s] INFO:colcon.colcon_core.package_selection:Skipping not selected package 'ethercat_manager' in 'src/ethercat_driver_ros2/ethercat_manager'
[0.100s] INFO:colcon.colcon_core.package_selection:Skipping not selected package 'ethercat_driver_ros2' in 'src/ethercat_driver_ros2/ethercat_driver_ros2'
[0.100s] INFO:colcon.colcon_core.package_selection:Skipping not selected package 'ethercat_generic_cia402_drive' in 'src/ethercat_driver_ros2/ethercat_generic_plugins/ethercat_generic_cia402_drive'
[0.100s] INFO:colcon.colcon_core.package_selection:Skipping not selected package 'myactuator_arm' in 'src/myactuator_arm'
[0.100s] INFO:colcon.colcon_core.package_selection:Skipping not selected package 'myactuator_x6_test' in 'src/myactuator_x6_test'
[0.100s] Level 1:colcon.colcon_core.package_discovery:discover_packages(prefix_path) check parameters
[0.100s] Level 1:colcon.colcon_core.package_discovery:discover_packages(prefix_path) discover
[0.102s] DEBUG:colcon.colcon_installed_package_information.package_discovery:Found 43 installed packages in /home/andrei-dragomir/Documents/GitHub/ld-robots-humanoid-robot-demo/install
[0.102s] DEBUG:colcon.colcon_installed_package_information.package_discovery:Found 4 installed packages in /home/andrei-dragomir/ws_moveit/install
[0.102s] DEBUG:colcon.colcon_installed_package_information.package_discovery:Found 28 installed packages in /home/andrei-dragomir/Documents/GitHub/ldr-humanoid-arm-system/install
[0.103s] DEBUG:colcon.colcon_installed_package_information.package_discovery:Found 0 installed packages in /home/andrei-dragomir/Documents/GitHub/onshape-to-robot/install
[0.103s] DEBUG:colcon.colcon_installed_package_information.package_discovery:Found 406 installed packages in /opt/ros/jazzy
[0.104s] Level 1:colcon.colcon_core.package_discovery:discover_packages(prefix_path) using defaults
[0.134s] Level 5:colcon.colcon_core.verb:set package 'myactuator_arm_moveit_config' build argument 'cmake_args' from command line to 'None'
[0.134s] Level 5:colcon.colcon_core.verb:set package 'myactuator_arm_moveit_config' build argument 'cmake_target' from command line to 'None'
[0.134s] Level 5:colcon.colcon_core.verb:set package 'myactuator_arm_moveit_config' build argument 'cmake_target_skip_unavailable' from command line to 'False'
[0.134s] Level 5:colcon.colcon_core.verb:set package 'myactuator_arm_moveit_config' build argument 'cmake_clean_cache' from command line to 'False'
[0.134s] Level 5:colcon.colcon_core.verb:set package 'myactuator_arm_moveit_config' build argument 'cmake_clean_first' from command line to 'False'
[0.134s] Level 5:colcon.colcon_core.verb:set package 'myactuator_arm_moveit_config' build argument 'cmake_force_configure' from command line to 'False'
[0.134s] Level 5:colcon.colcon_core.verb:set package 'myactuator_arm_moveit_config' build argument 'ament_cmake_args' from command line to 'None'
[0.134s] Level 5:colcon.colcon_core.verb:set package 'myactuator_arm_moveit_config' build argument 'catkin_cmake_args' from command line to 'None'
[0.134s] Level 5:colcon.colcon_core.verb:set package 'myactuator_arm_moveit_config' build argument 'catkin_skip_building_tests' from command line to 'False'
[0.134s] DEBUG:colcon.colcon_core.verb:Building package 'myactuator_arm_moveit_config' with the following arguments: {'ament_cmake_args': None, 'build_base': '/home/andrei-dragomir/ros2_eth/build/myactuator_arm_moveit_config', 'catkin_cmake_args': None, 'catkin_skip_building_tests': False, 'cmake_args': None, 'cmake_clean_cache': False, 'cmake_clean_first': False, 'cmake_force_configure': False, 'cmake_target': None, 'cmake_target_skip_unavailable': False, 'install_base': '/home/andrei-dragomir/ros2_eth/install/myactuator_arm_moveit_config', 'merge_install': False, 'path': '/home/andrei-dragomir/ros2_eth/src/myactuator_arm_moveit_config', 'symlink_install': False, 'test_result_base': None}
[0.135s] INFO:colcon.colcon_core.executor:Executing jobs using 'parallel' executor
[0.135s] DEBUG:colcon.colcon_parallel_executor.executor.parallel:run_until_complete
[0.135s] INFO:colcon.colcon_ros.task.ament_cmake.build:Building ROS package in '/home/andrei-dragomir/ros2_eth/src/myactuator_arm_moveit_config' with build type 'ament_cmake'
[0.135s] INFO:colcon.colcon_cmake.task.cmake.build:Building CMake package in '/home/andrei-dragomir/ros2_eth/src/myactuator_arm_moveit_config'
[0.137s] INFO:colcon.colcon_core.plugin_system:Skipping extension 'colcon_core.shell.bat': Not used on non-Windows systems
[0.138s] INFO:colcon.colcon_core.shell:Skip shell extension 'powershell' for command environment: Not usable outside of PowerShell
[0.138s] DEBUG:colcon.colcon_core.shell:Skip shell extension 'dsv' for command environment
[0.153s] DEBUG:colcon.colcon_core.event_handler.log_command:Invoking command in '/home/andrei-dragomir/ros2_eth/build/myactuator_arm_moveit_config': AMENT_PREFIX_PATH=/home/andrei-dragomir/ros2_eth/install/myactuator_arm:/home/andrei-dragomir/ros2_eth/install/ethercat_driver:/home/andrei-dragomir/ros2_eth/install/ethercat_interface:${AMENT_PREFIX_PATH} CMAKE_PREFIX_PATH=/home/andrei-dragomir/ros2_eth/install/myactuator_arm:/home/andrei-dragomir/ros2_eth/install/ethercat_driver:/home/andrei-dragomir/ros2_eth/install/ethercat_interface:/opt/mujoco-3.4:/home/andrei-dragomir/ws_moveit/install/moveit_resources_prbt_support:/home/andrei-dragomir/ws_moveit/install/moveit_common:/home/andrei-dragomir/Documents/GitHub/ld-robots-humanoid-robot-demo/install/vr_teleop:/home/andrei-dragomir/Documents/GitHub/ld-robots-humanoid-robot-demo/install/visualization_tools:/home/andrei-dragomir/Documents/GitHub/ld-robots-humanoid-robot-demo/install/vision_pipeline:/home/andrei-dragomir/Documents/GitHub/ld-robots-humanoid-robot-demo/install/upper_body_moveit_config:/home/andrei-dragomir/Documents/GitHub/ld-robots-humanoid-robot-demo/install/state_estimation:/home/andrei-dragomir/Documents/GitHub/ld-robots-humanoid-robot-demo/install/slam:/home/andrei-dragomir/Documents/GitHub/ld-robots-humanoid-robot-demo/install/simulation_tools:/home/andrei-dragomir/Documents/GitHub/ld-robots-humanoid-robot-demo/install/sensor_interfaces:/home/andrei-dragomir/Documents/GitHub/ld-robots-humanoid-robot-demo/install/semantic_mapping:/home/andrei-dragomir/Documents/GitHub/ld-robots-humanoid-robot-demo/install/recording_tools:/home/andrei-dragomir/Documents/GitHub/ld-robots-humanoid-robot-demo/install/obstacle_avoidance:/home/andrei-dragomir/Documents/GitHub/ld-robots-humanoid-robot-demo/install/manipulation_library:/home/andrei-dragomir/Documents/GitHub/ld-robots-humanoid-robot-demo/install/manipulation_behaviors:/home/andrei-dragomir/Documents/GitHub/ld-robots-humanoid-robot-demo/install/lower_body_moveit_config:/home/andrei-dragomir/Documents/GitHub/ld-robots-humanoid-robot-demo/install/locomotion_behaviors:/home/andrei-dragomir/Documents/GitHub/ld-robots-humanoid-robot-demo/install/localization:/home/andrei-dragomir/Documents/GitHub/ld-robots-humanoid-robot-demo/install/leg_control:/home/andrei-dragomir/Documents/GitHub/ld-robots-humanoid-robot-demo/install/keyboard_teleop:/home/andrei-dragomir/Documents/GitHub/ld-robots-humanoid-robot-demo/install/isaac_sim:/home/andrei-dragomir/Documents/GitHub/ld-robots-humanoid-robot-demo/install/interaction_behaviors:/home/andrei-dragomir/Documents/GitHub/ld-robots-humanoid-robot-demo/install/humanoid_control:/home/andrei-dragomir/Documents/GitHub/ld-robots-humanoid-robot-demo/install/balance_control:/home/andrei-dragomir/Documents/GitHub/ld-robots-humanoid-robot-demo/install/humanoid_utils:/home/andrei-dragomir/Documents/GitHub/ld-robots-humanoid-robot-demo/install/humanoid_navigation:/home/andrei-dragomir/Documents/GitHub/ld-robots-humanoid-robot-demo/install/humanoid_mujoco:/home/andrei-dragomir/Documents/GitHub/ld-robots-humanoid-robot-demo/install/humanoid_hardware:/home/andrei-dragomir/Documents/GitHub/ld-robots-humanoid-robot-demo/install/demos:/home/andrei-dragomir/Documents/GitHub/ld-robots-humanoid-robot-demo/install/humanoid_interfaces:/home/andrei-dragomir/Documents/GitHub/ld-robots-humanoid-robot-demo/install/hand_control:/home/andrei-dragomir/Documents/GitHub/ld-robots-humanoid-robot-demo/install/gamepad_teleop:/home/andrei-dragomir/Documents/GitHub/ld-robots-humanoid-robot-demo/install/diagnostics:/home/andrei-dragomir/Documents/GitHub/ld-robots-humanoid-robot-demo/install/diagnostic_tools:/home/andrei-dragomir/Documents/GitHub/ld-robots-humanoid-robot-demo/install/benchmarks:/home/andrei-dragomir/Documents/GitHub/ld-robots-humanoid-robot-demo/install/behavior_trees:/home/andrei-dragomir/Documents/GitHub/ld-robots-humanoid-robot-demo/install/arm_control:/home/andrei-dragomir/Documents/GitHub/ld-robots-humanoid-robot-demo/install/actuator_interfaces:/home/andrei-dragomir/Documents/GitHub/ld-robots-humanoid-robot-demo/install/humanoid_msgs:/home/andrei-dragomir/Documents/GitHub/ld-robots-humanoid-robot-demo/install/humanoid_moveit_config:/home/andrei-dragomir/Documents/GitHub/ld-robots-humanoid-robot-demo/install/humanoid_gazebo:/home/andrei-dragomir/Documents/GitHub/ld-robots-humanoid-robot-demo/install/humanoid_description:/home/andrei-dragomir/Documents/GitHub/ldr-humanoid-arm-system/install/perception_tests:/home/andrei-dragomir/Documents/GitHub/ldr-humanoid-arm-system/install/manipulation_library:/home/andrei-dragomir/Documents/GitHub/ldr-humanoid-arm-system/install/humanoid_leg_description:/home/andrei-dragomir/Documents/GitHub/ldr-humanoid-arm-system/install/hand_control:/home/andrei-dragomir/Documents/GitHub/ldr-humanoid-arm-system/install/hand_hardware:/home/andrei-dragomir/Documents/GitHub/ldr-humanoid-arm-system/install/arm_hand_moveit_config:/home/andrei-dragomir/Documents/GitHub/ldr-humanoid-arm-system/install/hand_description:/home/andrei-dragomir/Documents/GitHub/ldr-humanoid-arm-system/install/arm_system_bringup:/home/andrei-dragomir/Documents/GitHub/ldr-humanoid-arm-system/install/gripper_control:/home/andrei-dragomir/Documents/GitHub/ldr-humanoid-arm-system/install/gripper_hardware:/home/andrei-dragomir/Documents/GitHub/ldr-humanoid-arm-system/install/bimanual_demos:/home/andrei-dragomir/Documents/GitHub/ldr-humanoid-arm-system/install/dual_arm_moveit_config:/home/andrei-dragomir/Documents/GitHub/ldr-humanoid-arm-system/install/dual_arm_control:/home/andrei-dragomir/Documents/GitHub/ldr-humanoid-arm-system/install/dual_arm_description:/home/andrei-dragomir/Documents/GitHub/ldr-humanoid-arm-system/install/arm_gripper_moveit_config:/home/andrei-dragomir/Documents/GitHub/ldr-humanoid-arm-system/install/gripper_description:/home/andrei-dragomir/Documents/GitHub/ldr-humanoid-arm-system/install/dualsense_tools:/home/andrei-dragomir/Documents/GitHub/ldr-humanoid-arm-system/install/diagnostic_tools:/home/andrei-dragomir/Documents/GitHub/ldr-humanoid-arm-system/install/arm_teleop:/home/andrei-dragomir/Documents/GitHub/ldr-humanoid-arm-system/install/arm_perception:/home/andrei-dragomir/Documents/GitHub/ldr-humanoid-arm-system/install/arm_mtc:/home/andrei-dragomir/Documents/GitHub/ldr-humanoid-arm-system/install/arm_demos:/home/andrei-dragomir/Documents/GitHub/ldr-humanoid-arm-system/install/arm_moveit_config:/home/andrei-dragomir/Documents/GitHub/ldr-humanoid-arm-system/install/arm_hardware:/home/andrei-dragomir/Documents/GitHub/ldr-humanoid-arm-system/install/arm_gui_tools:/home/andrei-dragomir/Documents/GitHub/ldr-humanoid-arm-system/install/arm_gazebo:/home/andrei-dragomir/Documents/GitHub/ldr-humanoid-arm-system/install/arm_description:/home/andrei-dragomir/Documents/GitHub/ldr-humanoid-arm-system/install/arm_control:/opt/ros/jazzy/opt/sdformat_vendor:/opt/ros/jazzy/opt/gz_math_vendor:/opt/ros/jazzy/opt/gz_utils_vendor:/opt/ros/jazzy/opt/gz_tools_vendor:/opt/ros/jazzy/opt/gz_cmake_vendor:/home/andrei-dragomir/ws_moveit/install/moveit_configs_utils:/opt/ros/jazzy DEBUGINFOD_URLS=https://debuginfod.ubuntu.com LD_LIBRARY_PATH=/home/andrei-dragomir/ros2_eth/install/ethercat_driver/lib:/home/andrei-dragomir/ros2_eth/install/ethercat_interface/lib:${LD_LIBRARY_PATH} /usr/bin/cmake --build /home/andrei-dragomir/ros2_eth/build/myactuator_arm_moveit_config -- -j24 -l24
[0.166s] DEBUG:colcon.colcon_core.event_handler.log_command:Invoked command in '/home/andrei-dragomir/ros2_eth/build/myactuator_arm_moveit_config' returned '0': AMENT_PREFIX_PATH=/home/andrei-dragomir/ros2_eth/install/myactuator_arm:/home/andrei-dragomir/ros2_eth/install/ethercat_driver:/home/andrei-dragomir/ros2_eth/install/ethercat_interface:${AMENT_PREFIX_PATH} CMAKE_PREFIX_PATH=/home/andrei-dragomir/ros2_eth/install/myactuator_arm:/home/andrei-dragomir/ros2_eth/install/ethercat_driver:/home/andrei-dragomir/ros2_eth/install/ethercat_interface:/opt/mujoco-3.4:/home/andrei-dragomir/ws_moveit/install/moveit_resources_prbt_support:/home/andrei-dragomir/ws_moveit/install/moveit_common:/home/andrei-dragomir/Documents/GitHub/ld-robots-humanoid-robot-demo/install/vr_teleop:/home/andrei-dragomir/Documents/GitHub/ld-robots-humanoid-robot-demo/install/visualization_tools:/home/andrei-dragomir/Documents/GitHub/ld-robots-humanoid-robot-demo/install/vision_pipeline:/home/andrei-dragomir/Documents/GitHub/ld-robots-humanoid-robot-demo/install/upper_body_moveit_config:/home/andrei-dragomir/Documents/GitHub/ld-robots-humanoid-robot-demo/install/state_estimation:/home/andrei-dragomir/Documents/GitHub/ld-robots-humanoid-robot-demo/install/slam:/home/andrei-dragomir/Documents/GitHub/ld-robots-humanoid-robot-demo/install/simulation_tools:/home/andrei-dragomir/Documents/GitHub/ld-robots-humanoid-robot-demo/install/sensor_interfaces:/home/andrei-dragomir/Documents/GitHub/ld-robots-humanoid-robot-demo/install/semantic_mapping:/home/andrei-dragomir/Documents/GitHub/ld-robots-humanoid-robot-demo/install/recording_tools:/home/andrei-dragomir/Documents/GitHub/ld-robots-humanoid-robot-demo/install/obstacle_avoidance:/home/andrei-dragomir/Documents/GitHub/ld-robots-humanoid-robot-demo/install/manipulation_library:/home/andrei-dragomir/Documents/GitHub/ld-robots-humanoid-robot-demo/install/manipulation_behaviors:/home/andrei-dragomir/Documents/GitHub/ld-robots-humanoid-robot-demo/install/lower_body_moveit_config:/home/andrei-dragomir/Documents/GitHub/ld-robots-humanoid-robot-demo/install/locomotion_behaviors:/home/andrei-dragomir/Documents/GitHub/ld-robots-humanoid-robot-demo/install/localization:/home/andrei-dragomir/Documents/GitHub/ld-robots-humanoid-robot-demo/install/leg_control:/home/andrei-dragomir/Documents/GitHub/ld-robots-humanoid-robot-demo/install/keyboard_teleop:/home/andrei-dragomir/Documents/GitHub/ld-robots-humanoid-robot-demo/install/isaac_sim:/home/andrei-dragomir/Documents/GitHub/ld-robots-humanoid-robot-demo/install/interaction_behaviors:/home/andrei-dragomir/Documents/GitHub/ld-robots-humanoid-robot-demo/install/humanoid_control:/home/andrei-dragomir/Documents/GitHub/ld-robots-humanoid-robot-demo/install/balance_control:/home/andrei-dragomir/Documents/GitHub/ld-robots-humanoid-robot-demo/install/humanoid_utils:/home/andrei-dragomir/Documents/GitHub/ld-robots-humanoid-robot-demo/install/humanoid_navigation:/home/andrei-dragomir/Documents/GitHub/ld-robots-humanoid-robot-demo/install/humanoid_mujoco:/home/andrei-dragomir/Documents/GitHub/ld-robots-humanoid-robot-demo/install/humanoid_hardware:/home/andrei-dragomir/Documents/GitHub/ld-robots-humanoid-robot-demo/install/demos:/home/andrei-dragomir/Documents/GitHub/ld-robots-humanoid-robot-demo/install/humanoid_interfaces:/home/andrei-dragomir/Documents/GitHub/ld-robots-humanoid-robot-demo/install/hand_control:/home/andrei-dragomir/Documents/GitHub/ld-robots-humanoid-robot-demo/install/gamepad_teleop:/home/andrei-dragomir/Documents/GitHub/ld-robots-humanoid-robot-demo/install/diagnostics:/home/andrei-dragomir/Documents/GitHub/ld-robots-humanoid-robot-demo/install/diagnostic_tools:/home/andrei-dragomir/Documents/GitHub/ld-robots-humanoid-robot-demo/install/benchmarks:/home/andrei-dragomir/Documents/GitHub/ld-robots-humanoid-robot-demo/install/behavior_trees:/home/andrei-dragomir/Documents/GitHub/ld-robots-humanoid-robot-demo/install/arm_control:/home/andrei-dragomir/Documents/GitHub/ld-robots-humanoid-robot-demo/install/actuator_interfaces:/home/andrei-dragomir/Documents/GitHub/ld-robots-humanoid-robot-demo/install/humanoid_msgs:/home/andrei-dragomir/Documents/GitHub/ld-robots-humanoid-robot-demo/install/humanoid_moveit_config:/home/andrei-dragomir/Documents/GitHub/ld-robots-humanoid-robot-demo/install/humanoid_gazebo:/home/andrei-dragomir/Documents/GitHub/ld-robots-humanoid-robot-demo/install/humanoid_description:/home/andrei-dragomir/Documents/GitHub/ldr-humanoid-arm-system/install/perception_tests:/home/andrei-dragomir/Documents/GitHub/ldr-humanoid-arm-system/install/manipulation_library:/home/andrei-dragomir/Documents/GitHub/ldr-humanoid-arm-system/install/humanoid_leg_description:/home/andrei-dragomir/Documents/GitHub/ldr-humanoid-arm-system/install/hand_control:/home/andrei-dragomir/Documents/GitHub/ldr-humanoid-arm-system/install/hand_hardware:/home/andrei-dragomir/Documents/GitHub/ldr-humanoid-arm-system/install/arm_hand_moveit_config:/home/andrei-dragomir/Documents/GitHub/ldr-humanoid-arm-system/install/hand_description:/home/andrei-dragomir/Documents/GitHub/ldr-humanoid-arm-system/install/arm_system_bringup:/home/andrei-dragomir/Documents/GitHub/ldr-humanoid-arm-system/install/gripper_control:/home/andrei-dragomir/Documents/GitHub/ldr-humanoid-arm-system/install/gripper_hardware:/home/andrei-dragomir/Documents/GitHub/ldr-humanoid-arm-system/install/bimanual_demos:/home/andrei-dragomir/Documents/GitHub/ldr-humanoid-arm-system/install/dual_arm_moveit_config:/home/andrei-dragomir/Documents/GitHub/ldr-humanoid-arm-system/install/dual_arm_control:/home/andrei-dragomir/Documents/GitHub/ldr-humanoid-arm-system/install/dual_arm_description:/home/andrei-dragomir/Documents/GitHub/ldr-humanoid-arm-system/install/arm_gripper_moveit_config:/home/andrei-dragomir/Documents/GitHub/ldr-humanoid-arm-system/install/gripper_description:/home/andrei-dragomir/Documents/GitHub/ldr-humanoid-arm-system/install/dualsense_tools:/home/andrei-dragomir/Documents/GitHub/ldr-humanoid-arm-system/install/diagnostic_tools:/home/andrei-dragomir/Documents/GitHub/ldr-humanoid-arm-system/install/arm_teleop:/home/andrei-dragomir/Documents/GitHub/ldr-humanoid-arm-system/install/arm_perception:/home/andrei-dragomir/Documents/GitHub/ldr-humanoid-arm-system/install/arm_mtc:/home/andrei-dragomir/Documents/GitHub/ldr-humanoid-arm-system/install/arm_demos:/home/andrei-dragomir/Documents/GitHub/ldr-humanoid-arm-system/install/arm_moveit_config:/home/andrei-dragomir/Documents/GitHub/ldr-humanoid-arm-system/install/arm_hardware:/home/andrei-dragomir/Documents/GitHub/ldr-humanoid-arm-system/install/arm_gui_tools:/home/andrei-dragomir/Documents/GitHub/ldr-humanoid-arm-system/install/arm_gazebo:/home/andrei-dragomir/Documents/GitHub/ldr-humanoid-arm-system/install/arm_description:/home/andrei-dragomir/Documents/GitHub/ldr-humanoid-arm-system/install/arm_control:/opt/ros/jazzy/opt/sdformat_vendor:/opt/ros/jazzy/opt/gz_math_vendor:/opt/ros/jazzy/opt/gz_utils_vendor:/opt/ros/jazzy/opt/gz_tools_vendor:/opt/ros/jazzy/opt/gz_cmake_vendor:/home/andrei-dragomir/ws_moveit/install/moveit_configs_utils:/opt/ros/jazzy DEBUGINFOD_URLS=https://debuginfod.ubuntu.com LD_LIBRARY_PATH=/home/andrei-dragomir/ros2_eth/install/ethercat_driver/lib:/home/andrei-dragomir/ros2_eth/install/ethercat_interface/lib:${LD_LIBRARY_PATH} /usr/bin/cmake --build /home/andrei-dragomir/ros2_eth/build/myactuator_arm_moveit_config -- -j24 -l24
[0.168s] DEBUG:colcon.colcon_core.event_handler.log_command:Invoking command in '/home/andrei-dragomir/ros2_eth/build/myactuator_arm_moveit_config': AMENT_PREFIX_PATH=/home/andrei-dragomir/ros2_eth/install/myactuator_arm:/home/andrei-dragomir/ros2_eth/install/ethercat_driver:/home/andrei-dragomir/ros2_eth/install/ethercat_interface:${AMENT_PREFIX_PATH} CMAKE_PREFIX_PATH=/home/andrei-dragomir/ros2_eth/install/myactuator_arm:/home/andrei-dragomir/ros2_eth/install/ethercat_driver:/home/andrei-dragomir/ros2_eth/install/ethercat_interface:/opt/mujoco-3.4:/home/andrei-dragomir/ws_moveit/install/moveit_resources_prbt_support:/home/andrei-dragomir/ws_moveit/install/moveit_common:/home/andrei-dragomir/Documents/GitHub/ld-robots-humanoid-robot-demo/install/vr_teleop:/home/andrei-dragomir/Documents/GitHub/ld-robots-humanoid-robot-demo/install/visualization_tools:/home/andrei-dragomir/Documents/GitHub/ld-robots-humanoid-robot-demo/install/vision_pipeline:/home/andrei-dragomir/Documents/GitHub/ld-robots-humanoid-robot-demo/install/upper_body_moveit_config:/home/andrei-dragomir/Documents/GitHub/ld-robots-humanoid-robot-demo/install/state_estimation:/home/andrei-dragomir/Documents/GitHub/ld-robots-humanoid-robot-demo/install/slam:/home/andrei-dragomir/Documents/GitHub/ld-robots-humanoid-robot-demo/install/simulation_tools:/home/andrei-dragomir/Documents/GitHub/ld-robots-humanoid-robot-demo/install/sensor_interfaces:/home/andrei-dragomir/Documents/GitHub/ld-robots-humanoid-robot-demo/install/semantic_mapping:/home/andrei-dragomir/Documents/GitHub/ld-robots-humanoid-robot-demo/install/recording_tools:/home/andrei-dragomir/Documents/GitHub/ld-robots-humanoid-robot-demo/install/obstacle_avoidance:/home/andrei-dragomir/Documents/GitHub/ld-robots-humanoid-robot-demo/install/manipulation_library:/home/andrei-dragomir/Documents/GitHub/ld-robots-humanoid-robot-demo/install/manipulation_behaviors:/home/andrei-dragomir/Documents/GitHub/ld-robots-humanoid-robot-demo/install/lower_body_moveit_config:/home/andrei-dragomir/Documents/GitHub/ld-robots-humanoid-robot-demo/install/locomotion_behaviors:/home/andrei-dragomir/Documents/GitHub/ld-robots-humanoid-robot-demo/install/localization:/home/andrei-dragomir/Documents/GitHub/ld-robots-humanoid-robot-demo/install/leg_control:/home/andrei-dragomir/Documents/GitHub/ld-robots-humanoid-robot-demo/install/keyboard_teleop:/home/andrei-dragomir/Documents/GitHub/ld-robots-humanoid-robot-demo/install/isaac_sim:/home/andrei-dragomir/Documents/GitHub/ld-robots-humanoid-robot-demo/install/interaction_behaviors:/home/andrei-dragomir/Documents/GitHub/ld-robots-humanoid-robot-demo/install/humanoid_control:/home/andrei-dragomir/Documents/GitHub/ld-robots-humanoid-robot-demo/install/balance_control:/home/andrei-dragomir/Documents/GitHub/ld-robots-humanoid-robot-demo/install/humanoid_utils:/home/andrei-dragomir/Documents/GitHub/ld-robots-humanoid-robot-demo/install/humanoid_navigation:/home/andrei-dragomir/Documents/GitHub/ld-robots-humanoid-robot-demo/install/humanoid_mujoco:/home/andrei-dragomir/Documents/GitHub/ld-robots-humanoid-robot-demo/install/humanoid_hardware:/home/andrei-dragomir/Documents/GitHub/ld-robots-humanoid-robot-demo/install/demos:/home/andrei-dragomir/Documents/GitHub/ld-robots-humanoid-robot-demo/install/humanoid_interfaces:/home/andrei-dragomir/Documents/GitHub/ld-robots-humanoid-robot-demo/install/hand_control:/home/andrei-dragomir/Documents/GitHub/ld-robots-humanoid-robot-demo/install/gamepad_teleop:/home/andrei-dragomir/Documents/GitHub/ld-robots-humanoid-robot-demo/install/diagnostics:/home/andrei-dragomir/Documents/GitHub/ld-robots-humanoid-robot-demo/install/diagnostic_tools:/home/andrei-dragomir/Documents/GitHub/ld-robots-humanoid-robot-demo/install/benchmarks:/home/andrei-dragomir/Documents/GitHub/ld-robots-humanoid-robot-demo/install/behavior_trees:/home/andrei-dragomir/Documents/GitHub/ld-robots-humanoid-robot-demo/install/arm_control:/home/andrei-dragomir/Documents/GitHub/ld-robots-humanoid-robot-demo/install/actuator_interfaces:/home/andrei-dragomir/Documents/GitHub/ld-robots-humanoid-robot-demo/install/humanoid_msgs:/home/andrei-dragomir/Documents/GitHub/ld-robots-humanoid-robot-demo/install/humanoid_moveit_config:/home/andrei-dragomir/Documents/GitHub/ld-robots-humanoid-robot-demo/install/humanoid_gazebo:/home/andrei-dragomir/Documents/GitHub/ld-robots-humanoid-robot-demo/install/humanoid_description:/home/andrei-dragomir/Documents/GitHub/ldr-humanoid-arm-system/install/perception_tests:/home/andrei-dragomir/Documents/GitHub/ldr-humanoid-arm-system/install/manipulation_library:/home/andrei-dragomir/Documents/GitHub/ldr-humanoid-arm-system/install/humanoid_leg_description:/home/andrei-dragomir/Documents/GitHub/ldr-humanoid-arm-system/install/hand_control:/home/andrei-dragomir/Documents/GitHub/ldr-humanoid-arm-system/install/hand_hardware:/home/andrei-dragomir/Documents/GitHub/ldr-humanoid-arm-system/install/arm_hand_moveit_config:/home/andrei-dragomir/Documents/GitHub/ldr-humanoid-arm-system/install/hand_description:/home/andrei-dragomir/Documents/GitHub/ldr-humanoid-arm-system/install/arm_system_bringup:/home/andrei-dragomir/Documents/GitHub/ldr-humanoid-arm-system/install/gripper_control:/home/andrei-dragomir/Documents/GitHub/ldr-humanoid-arm-system/install/gripper_hardware:/home/andrei-dragomir/Documents/GitHub/ldr-humanoid-arm-system/install/bimanual_demos:/home/andrei-dragomir/Documents/GitHub/ldr-humanoid-arm-system/install/dual_arm_moveit_config:/home/andrei-dragomir/Documents/GitHub/ldr-humanoid-arm-system/install/dual_arm_control:/home/andrei-dragomir/Documents/GitHub/ldr-humanoid-arm-system/install/dual_arm_description:/home/andrei-dragomir/Documents/GitHub/ldr-humanoid-arm-system/install/arm_gripper_moveit_config:/home/andrei-dragomir/Documents/GitHub/ldr-humanoid-arm-system/install/gripper_description:/home/andrei-dragomir/Documents/GitHub/ldr-humanoid-arm-system/install/dualsense_tools:/home/andrei-dragomir/Documents/GitHub/ldr-humanoid-arm-system/install/diagnostic_tools:/home/andrei-dragomir/Documents/GitHub/ldr-humanoid-arm-system/install/arm_teleop:/home/andrei-dragomir/Documents/GitHub/ldr-humanoid-arm-system/install/arm_perception:/home/andrei-dragomir/Documents/GitHub/ldr-humanoid-arm-system/install/arm_mtc:/home/andrei-dragomir/Documents/GitHub/ldr-humanoid-arm-system/install/arm_demos:/home/andrei-dragomir/Documents/GitHub/ldr-humanoid-arm-system/install/arm_moveit_config:/home/andrei-dragomir/Documents/GitHub/ldr-humanoid-arm-system/install/arm_hardware:/home/andrei-dragomir/Documents/GitHub/ldr-humanoid-arm-system/install/arm_gui_tools:/home/andrei-dragomir/Documents/GitHub/ldr-humanoid-arm-system/install/arm_gazebo:/home/andrei-dragomir/Documents/GitHub/ldr-humanoid-arm-system/install/arm_description:/home/andrei-dragomir/Documents/GitHub/ldr-humanoid-arm-system/install/arm_control:/opt/ros/jazzy/opt/sdformat_vendor:/opt/ros/jazzy/opt/gz_math_vendor:/opt/ros/jazzy/opt/gz_utils_vendor:/opt/ros/jazzy/opt/gz_tools_vendor:/opt/ros/jazzy/opt/gz_cmake_vendor:/home/andrei-dragomir/ws_moveit/install/moveit_configs_utils:/opt/ros/jazzy DEBUGINFOD_URLS=https://debuginfod.ubuntu.com LD_LIBRARY_PATH=/home/andrei-dragomir/ros2_eth/install/ethercat_driver/lib:/home/andrei-dragomir/ros2_eth/install/ethercat_interface/lib:${LD_LIBRARY_PATH} /usr/bin/cmake --install /home/andrei-dragomir/ros2_eth/build/myactuator_arm_moveit_config
[0.171s] Level 1:colcon.colcon_core.environment:create_environment_scripts_only(myactuator_arm_moveit_config)
[0.172s] DEBUG:colcon.colcon_core.event_handler.log_command:Invoked command in '/home/andrei-dragomir/ros2_eth/build/myactuator_arm_moveit_config' returned '0': AMENT_PREFIX_PATH=/home/andrei-dragomir/ros2_eth/install/myactuator_arm:/home/andrei-dragomir/ros2_eth/install/ethercat_driver:/home/andrei-dragomir/ros2_eth/install/ethercat_interface:${AMENT_PREFIX_PATH} CMAKE_PREFIX_PATH=/home/andrei-dragomir/ros2_eth/install/myactuator_arm:/home/andrei-dragomir/ros2_eth/install/ethercat_driver:/home/andrei-dragomir/ros2_eth/install/ethercat_interface:/opt/mujoco-3.4:/home/andrei-dragomir/ws_moveit/install/moveit_resources_prbt_support:/home/andrei-dragomir/ws_moveit/install/moveit_common:/home/andrei-dragomir/Documents/GitHub/ld-robots-humanoid-robot-demo/install/vr_teleop:/home/andrei-dragomir/Documents/GitHub/ld-robots-humanoid-robot-demo/install/visualization_tools:/home/andrei-dragomir/Documents/GitHub/ld-robots-humanoid-robot-demo/install/vision_pipeline:/home/andrei-dragomir/Documents/GitHub/ld-robots-humanoid-robot-demo/install/upper_body_moveit_config:/home/andrei-dragomir/Documents/GitHub/ld-robots-humanoid-robot-demo/install/state_estimation:/home/andrei-dragomir/Documents/GitHub/ld-robots-humanoid-robot-demo/install/slam:/home/andrei-dragomir/Documents/GitHub/ld-robots-humanoid-robot-demo/install/simulation_tools:/home/andrei-dragomir/Documents/GitHub/ld-robots-humanoid-robot-demo/install/sensor_interfaces:/home/andrei-dragomir/Documents/GitHub/ld-robots-humanoid-robot-demo/install/semantic_mapping:/home/andrei-dragomir/Documents/GitHub/ld-robots-humanoid-robot-demo/install/recording_tools:/home/andrei-dragomir/Documents/GitHub/ld-robots-humanoid-robot-demo/install/obstacle_avoidance:/home/andrei-dragomir/Documents/GitHub/ld-robots-humanoid-robot-demo/install/manipulation_library:/home/andrei-dragomir/Documents/GitHub/ld-robots-humanoid-robot-demo/install/manipulation_behaviors:/home/andrei-dragomir/Documents/GitHub/ld-robots-humanoid-robot-demo/install/lower_body_moveit_config:/home/andrei-dragomir/Documents/GitHub/ld-robots-humanoid-robot-demo/install/locomotion_behaviors:/home/andrei-dragomir/Documents/GitHub/ld-robots-humanoid-robot-demo/install/localization:/home/andrei-dragomir/Documents/GitHub/ld-robots-humanoid-robot-demo/install/leg_control:/home/andrei-dragomir/Documents/GitHub/ld-robots-humanoid-robot-demo/install/keyboard_teleop:/home/andrei-dragomir/Documents/GitHub/ld-robots-humanoid-robot-demo/install/isaac_sim:/home/andrei-dragomir/Documents/GitHub/ld-robots-humanoid-robot-demo/install/interaction_behaviors:/home/andrei-dragomir/Documents/GitHub/ld-robots-humanoid-robot-demo/install/humanoid_control:/home/andrei-dragomir/Documents/GitHub/ld-robots-humanoid-robot-demo/install/balance_control:/home/andrei-dragomir/Documents/GitHub/ld-robots-humanoid-robot-demo/install/humanoid_utils:/home/andrei-dragomir/Documents/GitHub/ld-robots-humanoid-robot-demo/install/humanoid_navigation:/home/andrei-dragomir/Documents/GitHub/ld-robots-humanoid-robot-demo/install/humanoid_mujoco:/home/andrei-dragomir/Documents/GitHub/ld-robots-humanoid-robot-demo/install/humanoid_hardware:/home/andrei-dragomir/Documents/GitHub/ld-robots-humanoid-robot-demo/install/demos:/home/andrei-dragomir/Documents/GitHub/ld-robots-humanoid-robot-demo/install/humanoid_interfaces:/home/andrei-dragomir/Documents/GitHub/ld-robots-humanoid-robot-demo/install/hand_control:/home/andrei-dragomir/Documents/GitHub/ld-robots-humanoid-robot-demo/install/gamepad_teleop:/home/andrei-dragomir/Documents/GitHub/ld-robots-humanoid-robot-demo/install/diagnostics:/home/andrei-dragomir/Documents/GitHub/ld-robots-humanoid-robot-demo/install/diagnostic_tools:/home/andrei-dragomir/Documents/GitHub/ld-robots-humanoid-robot-demo/install/benchmarks:/home/andrei-dragomir/Documents/GitHub/ld-robots-humanoid-robot-demo/install/behavior_trees:/home/andrei-dragomir/Documents/GitHub/ld-robots-humanoid-robot-demo/install/arm_control:/home/andrei-dragomir/Documents/GitHub/ld-robots-humanoid-robot-demo/install/actuator_interfaces:/home/andrei-dragomir/Documents/GitHub/ld-robots-humanoid-robot-demo/install/humanoid_msgs:/home/andrei-dragomir/Documents/GitHub/ld-robots-humanoid-robot-demo/install/humanoid_moveit_config:/home/andrei-dragomir/Documents/GitHub/ld-robots-humanoid-robot-demo/install/humanoid_gazebo:/home/andrei-dragomir/Documents/GitHub/ld-robots-humanoid-robot-demo/install/humanoid_description:/home/andrei-dragomir/Documents/GitHub/ldr-humanoid-arm-system/install/perception_tests:/home/andrei-dragomir/Documents/GitHub/ldr-humanoid-arm-system/install/manipulation_library:/home/andrei-dragomir/Documents/GitHub/ldr-humanoid-arm-system/install/humanoid_leg_description:/home/andrei-dragomir/Documents/GitHub/ldr-humanoid-arm-system/install/hand_control:/home/andrei-dragomir/Documents/GitHub/ldr-humanoid-arm-system/install/hand_hardware:/home/andrei-dragomir/Documents/GitHub/ldr-humanoid-arm-system/install/arm_hand_moveit_config:/home/andrei-dragomir/Documents/GitHub/ldr-humanoid-arm-system/install/hand_description:/home/andrei-dragomir/Documents/GitHub/ldr-humanoid-arm-system/install/arm_system_bringup:/home/andrei-dragomir/Documents/GitHub/ldr-humanoid-arm-system/install/gripper_control:/home/andrei-dragomir/Documents/GitHub/ldr-humanoid-arm-system/install/gripper_hardware:/home/andrei-dragomir/Documents/GitHub/ldr-humanoid-arm-system/install/bimanual_demos:/home/andrei-dragomir/Documents/GitHub/ldr-humanoid-arm-system/install/dual_arm_moveit_config:/home/andrei-dragomir/Documents/GitHub/ldr-humanoid-arm-system/install/dual_arm_control:/home/andrei-dragomir/Documents/GitHub/ldr-humanoid-arm-system/install/dual_arm_description:/home/andrei-dragomir/Documents/GitHub/ldr-humanoid-arm-system/install/arm_gripper_moveit_config:/home/andrei-dragomir/Documents/GitHub/ldr-humanoid-arm-system/install/gripper_description:/home/andrei-dragomir/Documents/GitHub/ldr-humanoid-arm-system/install/dualsense_tools:/home/andrei-dragomir/Documents/GitHub/ldr-humanoid-arm-system/install/diagnostic_tools:/home/andrei-dragomir/Documents/GitHub/ldr-humanoid-arm-system/install/arm_teleop:/home/andrei-dragomir/Documents/GitHub/ldr-humanoid-arm-system/install/arm_perception:/home/andrei-dragomir/Documents/GitHub/ldr-humanoid-arm-system/install/arm_mtc:/home/andrei-dragomir/Documents/GitHub/ldr-humanoid-arm-system/install/arm_demos:/home/andrei-dragomir/Documents/GitHub/ldr-humanoid-arm-system/install/arm_moveit_config:/home/andrei-dragomir/Documents/GitHub/ldr-humanoid-arm-system/install/arm_hardware:/home/andrei-dragomir/Documents/GitHub/ldr-humanoid-arm-system/install/arm_gui_tools:/home/andrei-dragomir/Documents/GitHub/ldr-humanoid-arm-system/install/arm_gazebo:/home/andrei-dragomir/Documents/GitHub/ldr-humanoid-arm-system/install/arm_description:/home/andrei-dragomir/Documents/GitHub/ldr-humanoid-arm-system/install/arm_control:/opt/ros/jazzy/opt/sdformat_vendor:/opt/ros/jazzy/opt/gz_math_vendor:/opt/ros/jazzy/opt/gz_utils_vendor:/opt/ros/jazzy/opt/gz_tools_vendor:/opt/ros/jazzy/opt/gz_cmake_vendor:/home/andrei-dragomir/ws_moveit/install/moveit_configs_utils:/opt/ros/jazzy DEBUGINFOD_URLS=https://debuginfod.ubuntu.com LD_LIBRARY_PATH=/home/andrei-dragomir/ros2_eth/install/ethercat_driver/lib:/home/andrei-dragomir/ros2_eth/install/ethercat_interface/lib:${LD_LIBRARY_PATH} /usr/bin/cmake --install /home/andrei-dragomir/ros2_eth/build/myactuator_arm_moveit_config
[0.172s] Level 1:colcon.colcon_core.environment:checking '/home/andrei-dragomir/ros2_eth/install/myactuator_arm_moveit_config' for CMake module files
[0.173s] Level 1:colcon.colcon_core.environment:checking '/home/andrei-dragomir/ros2_eth/install/myactuator_arm_moveit_config' for CMake config files
[0.173s] Level 1:colcon.colcon_core.shell:create_environment_hook('myactuator_arm_moveit_config', 'cmake_prefix_path')
[0.173s] INFO:colcon.colcon_core.shell:Creating environment hook '/home/andrei-dragomir/ros2_eth/install/myactuator_arm_moveit_config/share/myactuator_arm_moveit_config/hook/cmake_prefix_path.ps1'
[0.173s] INFO:colcon.colcon_core.shell:Creating environment descriptor '/home/andrei-dragomir/ros2_eth/install/myactuator_arm_moveit_config/share/myactuator_arm_moveit_config/hook/cmake_prefix_path.dsv'
[0.173s] INFO:colcon.colcon_core.shell:Creating environment hook '/home/andrei-dragomir/ros2_eth/install/myactuator_arm_moveit_config/share/myactuator_arm_moveit_config/hook/cmake_prefix_path.sh'
[0.174s] Level 1:colcon.colcon_core.environment:checking '/home/andrei-dragomir/ros2_eth/install/myactuator_arm_moveit_config/bin'
[0.174s] Level 1:colcon.colcon_core.environment:checking '/home/andrei-dragomir/ros2_eth/install/myactuator_arm_moveit_config/lib/pkgconfig/myactuator_arm_moveit_config.pc'
[0.174s] Level 1:colcon.colcon_core.environment:checking '/home/andrei-dragomir/ros2_eth/install/myactuator_arm_moveit_config/lib/python3.12/site-packages'
[0.174s] Level 1:colcon.colcon_core.environment:checking '/home/andrei-dragomir/ros2_eth/install/myactuator_arm_moveit_config/bin'
[0.174s] INFO:colcon.colcon_core.shell:Creating package script '/home/andrei-dragomir/ros2_eth/install/myactuator_arm_moveit_config/share/myactuator_arm_moveit_config/package.ps1'
[0.174s] INFO:colcon.colcon_core.shell:Creating package descriptor '/home/andrei-dragomir/ros2_eth/install/myactuator_arm_moveit_config/share/myactuator_arm_moveit_config/package.dsv'
[0.174s] INFO:colcon.colcon_core.shell:Creating package script '/home/andrei-dragomir/ros2_eth/install/myactuator_arm_moveit_config/share/myactuator_arm_moveit_config/package.sh'
[0.175s] INFO:colcon.colcon_core.shell:Creating package script '/home/andrei-dragomir/ros2_eth/install/myactuator_arm_moveit_config/share/myactuator_arm_moveit_config/package.bash'
[0.175s] INFO:colcon.colcon_core.shell:Creating package script '/home/andrei-dragomir/ros2_eth/install/myactuator_arm_moveit_config/share/myactuator_arm_moveit_config/package.zsh'
[0.175s] Level 1:colcon.colcon_core.environment:create_file_with_runtime_dependencies(/home/andrei-dragomir/ros2_eth/install/myactuator_arm_moveit_config/share/colcon-core/packages/myactuator_arm_moveit_config)
[0.175s] Level 1:colcon.colcon_core.environment:create_environment_scripts_only(myactuator_arm_moveit_config)
[0.175s] Level 1:colcon.colcon_core.environment:checking '/home/andrei-dragomir/ros2_eth/install/myactuator_arm_moveit_config' for CMake module files
[0.176s] Level 1:colcon.colcon_core.environment:checking '/home/andrei-dragomir/ros2_eth/install/myactuator_arm_moveit_config' for CMake config files
[0.176s] Level 1:colcon.colcon_core.shell:create_environment_hook('myactuator_arm_moveit_config', 'cmake_prefix_path')
[0.176s] INFO:colcon.colcon_core.shell:Creating environment hook '/home/andrei-dragomir/ros2_eth/install/myactuator_arm_moveit_config/share/myactuator_arm_moveit_config/hook/cmake_prefix_path.ps1'
[0.176s] INFO:colcon.colcon_core.shell:Creating environment descriptor '/home/andrei-dragomir/ros2_eth/install/myactuator_arm_moveit_config/share/myactuator_arm_moveit_config/hook/cmake_prefix_path.dsv'
[0.176s] INFO:colcon.colcon_core.shell:Creating environment hook '/home/andrei-dragomir/ros2_eth/install/myactuator_arm_moveit_config/share/myactuator_arm_moveit_config/hook/cmake_prefix_path.sh'
[0.176s] Level 1:colcon.colcon_core.environment:checking '/home/andrei-dragomir/ros2_eth/install/myactuator_arm_moveit_config/bin'
[0.176s] Level 1:colcon.colcon_core.environment:checking '/home/andrei-dragomir/ros2_eth/install/myactuator_arm_moveit_config/lib/pkgconfig/myactuator_arm_moveit_config.pc'
[0.176s] Level 1:colcon.colcon_core.environment:checking '/home/andrei-dragomir/ros2_eth/install/myactuator_arm_moveit_config/lib/python3.12/site-packages'
[0.176s] Level 1:colcon.colcon_core.environment:checking '/home/andrei-dragomir/ros2_eth/install/myactuator_arm_moveit_config/bin'
[0.177s] INFO:colcon.colcon_core.shell:Creating package script '/home/andrei-dragomir/ros2_eth/install/myactuator_arm_moveit_config/share/myactuator_arm_moveit_config/package.ps1'
[0.177s] INFO:colcon.colcon_core.shell:Creating package descriptor '/home/andrei-dragomir/ros2_eth/install/myactuator_arm_moveit_config/share/myactuator_arm_moveit_config/package.dsv'
[0.177s] INFO:colcon.colcon_core.shell:Creating package script '/home/andrei-dragomir/ros2_eth/install/myactuator_arm_moveit_config/share/myactuator_arm_moveit_config/package.sh'
[0.177s] INFO:colcon.colcon_core.shell:Creating package script '/home/andrei-dragomir/ros2_eth/install/myactuator_arm_moveit_config/share/myactuator_arm_moveit_config/package.bash'
[0.177s] INFO:colcon.colcon_core.shell:Creating package script '/home/andrei-dragomir/ros2_eth/install/myactuator_arm_moveit_config/share/myactuator_arm_moveit_config/package.zsh'
[0.177s] Level 1:colcon.colcon_core.environment:create_file_with_runtime_dependencies(/home/andrei-dragomir/ros2_eth/install/myactuator_arm_moveit_config/share/colcon-core/packages/myactuator_arm_moveit_config)
[0.177s] DEBUG:colcon.colcon_parallel_executor.executor.parallel:closing loop
[0.177s] DEBUG:colcon.colcon_parallel_executor.executor.parallel:loop closed
[0.177s] DEBUG:colcon.colcon_parallel_executor.executor.parallel:run_until_complete finished with '0'
[0.178s] DEBUG:colcon.colcon_core.event_reactor:joining thread
[0.180s] INFO:colcon.colcon_core.plugin_system:Skipping extension 'colcon_notification.desktop_notification.terminal_notifier': Not used on non-Darwin systems
[0.181s] INFO:colcon.colcon_core.plugin_system:Skipping extension 'colcon_notification.desktop_notification.win32': Not used on non-Windows systems
[0.181s] INFO:colcon.colcon_notification.desktop_notification:Sending desktop notification using 'notify2'
[0.194s] DEBUG:colcon.colcon_core.event_reactor:joined thread
[0.194s] INFO:colcon.colcon_core.shell:Creating prefix script '/home/andrei-dragomir/ros2_eth/install/local_setup.ps1'
[0.195s] INFO:colcon.colcon_core.shell:Creating prefix util module '/home/andrei-dragomir/ros2_eth/install/_local_setup_util_ps1.py'
[0.195s] INFO:colcon.colcon_core.shell:Creating prefix chain script '/home/andrei-dragomir/ros2_eth/install/setup.ps1'
[0.196s] INFO:colcon.colcon_core.shell:Creating prefix script '/home/andrei-dragomir/ros2_eth/install/local_setup.sh'
[0.197s] INFO:colcon.colcon_core.shell:Creating prefix util module '/home/andrei-dragomir/ros2_eth/install/_local_setup_util_sh.py'
[0.197s] INFO:colcon.colcon_core.shell:Creating prefix chain script '/home/andrei-dragomir/ros2_eth/install/setup.sh'
[0.198s] INFO:colcon.colcon_core.shell:Creating prefix script '/home/andrei-dragomir/ros2_eth/install/local_setup.bash'
[0.198s] INFO:colcon.colcon_core.shell:Creating prefix chain script '/home/andrei-dragomir/ros2_eth/install/setup.bash'
[0.199s] INFO:colcon.colcon_core.shell:Creating prefix script '/home/andrei-dragomir/ros2_eth/install/local_setup.zsh'
[0.199s] INFO:colcon.colcon_core.shell:Creating prefix chain script '/home/andrei-dragomir/ros2_eth/install/setup.zsh'
